63:0 29
new cow has taken first
43:0 32
new cow has taken first
70:0 22
27:0 -6
5:0 -10
36:0 14
22:0 31
93:0 21
83:0 1
19:0 31
63:29 4
72:0 -5
82:0 24
37:0 18
87:0 30
36:14 45
new cow has taken first
52:0 67
new cow has taken first
9:0 24
11:0 -28
24:0 15
87:30 44
57:0 19
45:0 27
50:0 -5
22:31 12
40:0 -5
49:0 1
74:0 23
27:-6 -9
27:-9 31
43:32 -1
49:1 61
42:0 47
42:47 21
90:0 -14
11:-28 15
71:0 11
5:-10 -22
21:0 -13
34:0 -13
15:0 3
39:0 59
41:0 24
50:-5 -3
85:0 -3
16:0 36
7:0 -16
70:22 -1
15:3 -4
86:0 32
91:0 63
11:15 6
85:-3 -10
23:0 67
tie
51:0 43
90:-14 19
71:11 78
new cow has taken first
61:0 -17
97:0 -16
56:0 -24
88:0 -24
35:0 44
69:0 3
27:31 11
86:32 24
5:-22 -30
23:67 60
79:0 61
64:0 -7
76:0 22
36:45 23
43:-1 53
75:0 -31
63:4 34
89:0 -8
55:0 55
74:23 85
new cow has taken first
72:-5 49
13:0 -16
29:0 -20
5:-30 24
64:-7 30
34:-13 -33
77:0 39
83:1 59
60:0 40
59:0 27
16:36 96
new cow has taken first
90:19 51
44:0 -8
18:0 27
57:19 74
96:0 -27
56:-24 -50
42:21 88
30:0 17
13:-16 3
7:-16 -10
47:0 37
81:0 -13
41:24 76
27:11 -1
46:0 20
88:-24 -35
22:12 31
55:55 112
new cow has taken first
91:63 35
58:0 -26
27:-1 -30
19:31 69
2:0 52
83:59 50
86:24 62
46:20 -11
52:67 127
new cow has taken first
28:0 -5
22:31 81
59:27 37
73:0 -9
37:18 45
71:78 87
37:45 72
2:52 79
80:0 -28
30:17 56
41:76 139
new cow has taken first
38:0 19
11:6 4
9:24 78
50:-3 -4
2:79 64
74:85 122
48:0 46
50:-4 24
8:0 -27
49:61 60
7:-10 45
25:0 30
40:-5 -29
83:50 81
1:0 65
27:-30 33
3:0 -17
65:0 51
39:59 32
5:24 23
91:35 39
13:3 61
17:0 19
33:0 60
7:45 98
47:37 65
39:32 88
2:64 87
4:0 49
32:0 18
77:39 74
37:72 97
95:0 -7
79:61 81
63:34 62
81:-13 26
9:78 82
18:27 53
96:-27 -14
99:0 -6
23:60 35
32:18 70
77:74 69
39:88 125
97:-16 1
29:-20 -22
82:24 53
12:0 16
35:44 43
45:27 77
87:44 26
12:16 50
89:-8 45
70:-1 55
30:56 39
24:15 60
9:82 102
57:74 100
51:43 80
9:102 73
54:0 54
16:96 100
89:45 92
97:1 -3
24:60 66
22:81 128
11:4 61
48:46 77
29:-22 -17
53:0 -8
100:0 6
1:65 78
30:39 75
27:33 20
97:-3 15
17:19 84
41:139 167
same cow has improved
37:97 98
65:51 92
61:-17 -31
11:61 65
3:-17 -10
21:-13 -25
64:30 31
42:88 75
41:167 212
same cow has improved
84:0 -27
58:-26 -39
58:-39 -12
40:-29 -19
33:60 64
57:100 138
26:0 -31
76:22 71
28:-5 22
95:-7 -29
5:23 54
84:-27 17
6:0 -11
11:65 124
29:-17 -48
88:-35 10
62:0 47
52:127 165
89:92 120
37:98 123
52:165 182
94:0 -7
59:37 38
92:0 40
67:0 45
73:-9 -29
63:62 60
94:-7 -19
90:51 75
73:-29 -6
64:31 42
38:19 24
57:138 193
31:0 -30
94:-19 -22
58:-12 0
47:65 67
27:20 78
83:81 94
30:75 74
66:0 5
15:-4 -32
100:6 57
42:75 65
31:-30 34
66:5 30
77:69 65
65:92 102
26:-31 -5
58:0 6
36:23 60
65:102 86
37:123 150
4:49 85
25:30 88
39:125 176
52:182 240
new cow has taken first
62:47 84
56:-50 -33
12:50 39
29:-48 -11
33:64 74
38:24 12
69:3 -28
14:0 1
16:100 75
3:-10 -42
1:78 48
1:48 93
19:69 133
82:53 120
5:54 116
69:-28 0
97:15 22
38:12 29
80:-28 -48
28:22 81
59:38 12
18:53 120
38:29 73
83:94 83
36:60 85
46:-11 -21
98:0 34
11:124 136
82:120 184
48:77 100
49:60 78
58:6 73
10:0 20
78:0 -22
90:75 70
75:-31 -6
31:34 56
90:70 65
96:-14 2
1:93 130
55:112 92
82:184 211
29:-11 -20
81:26 12
90:65 82
25:88 114
71:87 73
65:86 54
11:136 105
70:55 61
21:-25 -8
20:0 56
73:-6 9
13:61 116
9:73 77
77:65 117
74:122 98
29:-20 2
29:2 43
79:81 78
72:49 69
70:61 126
38:73 111
52:240 307
same cow has improved
89:120 186
70:126 121
100:57 101
72:69 121
19:133 104
74:98 124
16:75 48
46:-21 41
6:-11 50
34:-33 28
6:50 116
58:73 131
18:120 140
36:85 107
55:92 83
60:40 36
100:101 74
29:43 70
85:-10 -28
62:84 83
49:78 55
93:21 79
4:85 101
100:74 137
82:211 218
76:71 83
75:-6 1
14:1 -31
1:130 195
63:60 105
72:121 92
52:307 305
milk production has dropped
79:78 73
99:-6 25
64:42 105
65:54 73
31:56 105
16:48 102
10:20 66
96:2 54
41:212 201
13:116 127
17:84 93
62:83 132
93:79 135
70:121 175
17:93 68
85:-28 30
27:78 136
95:-29 4
11:105 93
35:43 55
5:116 95
34:28 78
100:137 195
67:45 59
89:186 200
30:74 45
80:-48 -24
50:24 90
71:73 61
44:-8 -7
9:77 46
84:17 82
85:30 68
95:4 52
69:0 -23
26:-5 53
7:98 127
23:35 32
58:131 181
29:70 47
42:65 60
40:-19 -32
61:-31 -46
91:39 31
80:-24 -45
9:46 77
61:-46 -15
11:93 97
15:-32 17
72:92 73
35:55 30
58:181 234
60:36 100
17:68 53
91:31 48
18:140 207
79:73 40
7:127 161
83:83 112
82:218 210
12:39 73
8:-27 -12
97:22 60
34:78 49
63:105 123
56:-33 -52
56:-52 -9
31:105 124
26:53 66
35:30 91
4:101 152
29:47 75
18:207 269
33:74 139
2:87 129
100:195 190
91:48 23
20:56 79
5:95 117
91:23 70
5:117 145
40:-32 -18
45:77 88
34:49 77
35:91 63
16:102 157
19:104 131
26:66 36
69:-23 34
26:36 55
30:45 20
96:54 36
30:20 45
91:70 93
97:60 97
14:-31 35
59:12 -13
10:66 123
2:129 101
89:200 243
79:40 82
41:201 265
60:100 106
78:-22 13
84:82 137
43:53 101
52:305 344
same cow has improved
34:77 98
96:36 72
56:-9 2
99:25 36
44:-7 34
93:135 118
20:79 81
9:77 85
52:344 359
same cow has improved
58:234 235
15:17 18
67:59 104
70:175 154
36:107 118
89:243 302
50:90 86
48:100 124
26:55 70
67:104 126
29:75 67
72:73 59
8:-12 -28
73:9 20
99:36 76
92:40 37
83:112 106
84:137 150
37:150 146
19:131 159
21:-8 -25
23:32 59
3:-42 -13
70:154 163
97:97 82
9:85 133
16:157 198
69:34 95
25:114 124
31:124 177
3:-13 -20
27:136 193
59:-13 -41
24:66 116
51:80 47
73:20 60
51:47 40
54:54 106
95:52 81
55:83 127
74:124 181
45:88 80
55:127 156
67:126 98
44:34 101
27:193 198
34:98 127
46:41 26
95:81 50
73:60 76
61:-15 6
69:95 75
76:83 148
77:117 155
82:210 246
63:123 144
12:73 114
93:118 85
90:82 141
80:-45 -35
6:116 135
92:37 68
34:127 119
12:114 147
51:40 82
1:195 249
15:18 51
29:67 44
15:51 102
28:81 53
37:146 174
58:235 267
41:265 332
77:155 214
57:193 184
16:198 223
91:93 121
43:101 93
83:106 97
17:53 30
88:10 8
82:246 271
40:-18 -46
25:124 156
58:267 308
2:101 144
93:85 88
48:124 183
15:102 127
68:0 38
96:72 47
1:249 280
94:-22 -19
68:38 60
34:119 124
85:68 77
88:8 11
11:97 160
57:184 233
94:-19 29
98:34 21
33:139 137
6:135 120
36:118 147
44:101 122
16:223 224
68:60 124
83:97 117
81:12 18
93:88 146
62:132 188
93:146 125
1:280 341
17:30 81
29:44 81
38:111 107
41:332 334
97:82 61
53:-8 -26
95:50 66
64:105 106
96:47 96
14:35 16
27:198 200
53:-26 -41
82:271 238
66:30 73
61:6 68
45:80 97
85:77 95
37:174 161
58:308 326
44:122 108
66:73 44
94:29 27
34:124 102
29:81 72
88:11 35
60:106 163
38:107 118
82:238 295
59:-41 6
58:326 372
new cow has taken first
7:161 130
6:120 105
72:59 107
31:177 231
52:359 365
13:127 121
2:144 185
25:156 204
18:269 277
91:121 128
78:13 74
8:-28 -27
1:341 347
69:75 65
44:108 115
13:121 175
84:150 194
8:-27 20
55:156 212
6:105 121
35:63 41
14:16 78
75:1 15
8:20 22
70:163 165
26:70 104
99:76 124
15:127 110
8:22 26
99:124 158
73:76 128
98:21 51
21:-25 40
24:116 94
96:96 135
5:145 180
63:144 139
20:81 95
29:72 43
54:106 165
84:194 187
31:231 243
23:59 114
19:159 210
7:130 171
55:212 222
9:133 151
91:128 175
96:135 201
69:65 79
12:147 214
40:-46 -55
14:78 117
95:66 122
62:188 172
27:200 221
91:175 189
37:161 145
12:214 225
37:145 198
15:110 104
35:41 44
88:35 17
8:26 69
9:151 204
59:6 -6
39:176 143
86:62 40
79:82 116
19:210 271
49:55 70
51:82 129
83:117 107
29:43 15
38:118 87
26:104 160
84:187 241
91:189 188
52:365 355
95:122 169
14:117 138
59:-6 55
41:334 392
new cow has taken first
10:123 107
51:129 119
95:169 168
43:93 81
68:124 112
64:106 150
32:70 56
62:172 195
22:128 130
82:295 271
52:355 358
63:139 106
15:104 153
79:116 124
74:181 220
73:128 130
33:137 174
55:222 284
41:392 370
milk production has dropped
18:277 305
1:347 378
new cow has taken first
53:-41 -37
5:180 177
96:201 204
36:147 189
56:2 44
74:220 217
86:40 32
84:241 298
70:165 143
95:168 193
43:81 87
98:51 46
74:217 194
56:44 62
81:18 28
30:45 60
2:185 190
49:70 79
52:358 354
79:124 164
25:204 191
48:183 241
