18:0 15
new cow has taken first - - 1
1:0 59
new cow has taken first - - 1
27:0 -17
17:0 10
4:0 10
4:10 18
9:0 -12
24:0 -24
9:-12 -33
12:0 9
29:0 -4
30:0 -29
21:0 21
11:0 67
new cow has taken first - - 1
22:0 36
21:21 10
30:-29 30
17:10 45
23:0 60
1:59 45
24:-24 -52
1:45 105
new cow has taken first - - 1
3:0 22
23:60 81
8:0 -21
28:0 53
18:15 51
25:0 -27
25:-27 29
10:0 55
13:0 52
8:-21 -32
11:67 72
13:52 68
21:10 -7
30:30 53
1:105 74
milk production has dropped: new cow/multiple is leader - - 2
25:29 52
26:0 41
17:45 49
28:53 25
29:-4 15
26:41 98
new cow has taken first - - 1
12:9 40
1:74 106
new cow has taken first - - 1
25:52 95
12:40 104
8:-32 6
27:-17 -8
4:18 61
18:51 93
5:0 57
24:-52 -61
14:0 23
27:-8 29
29:15 30
23:81 62
20:0 -7
22:36 11
20:-7 42
4:61 99
24:-61 -63
24:-63 -46
22:11 8
12:104 99
14:23 10
6:0 4
8:6 -24
13:68 77
30:53 89
11:72 45
6:4 60
18:93 141
new cow has taken first - - 1
17:49 79
8:-24 -26
19:0 -16
7:0 3
21:-7 50
10:55 53
29:30 71
2:0 31
30:89 140
20:42 26
24:-46 -53
12:99 101
24:-53 -68
4:99 124
3:22 67
9:-33 -7
10:53 24
2:31 13
19:-16 -1
15:0 61
27:29 -2
8:-26 33
14:10 76
27:-2 31
8:33 73
3:67 119
12:101 167
new cow has taken first - - 1
7:3 -8
6:60 121
10:24 52
9:-7 -34
29:71 102
18:141 135
5:57 108
14:76 115
14:115 87
19:-1 33
30:140 110
29:102 169
new cow has taken first - - 1
1:106 118
18:135 110
3:119 118
20:26 5
19:33 59
8:73 100
29:169 142
milk production has dropped: new cow/multiple is leader - - 2
8:100 155
25:95 98
15:61 113
21:50 114
11:45 92
18:110 103
18:103 131
27:31 10
16:0 29
2:13 -19
5:108 151
5:151 125
1:118 153
3:118 125
9:-34 0
13:77 97
15:113 176
new cow has taken first - - 1
4:124 178
new cow has taken first - - 1
12:167 148
28:25 29
2:-19 15
2:15 11
21:114 152
22:8 -2
2:11 31
30:110 166
16:29 15
12:148 176
10:52 32
29:142 192
new cow has taken first - - 1
22:-2 54
23:62 95
7:-8 -16
18:131 170
4:178 174
17:79 70
12:176 173
27:10 25
3:125 98
15:176 154
6:121 132
27:25 34
6:132 194
new cow has taken first - - 1
17:70 42
26:98 136
24:-68 -75
9:0 -26
29:192 232
new cow has taken first - - 1
28:29 22
8:155 188
28:22 -3
1:153 185
23:95 105
8:188 209
19:59 108
8:209 176
8:176 227
1:185 204
17:42 12
7:-16 -6
15:154 130
27:34 62
14:87 98
21:152 160
18:170 232
tie - - - - - - - - - - - - - -2
5:125 154
7:-6 -23
21:160 181
20:5 18
15:130 172
6:194 167
13:97 107
26:136 195
2:31 3
15:172 191
20:18 68
6:167 162
17:12 45
5:154 211
29:232 222
single cow has dropped - - 1
19:108 80
23:105 138
27:62 124
23:138 145
2:3 26
26:195 245
new cow has taken first - - 1
26:245 288
same cow has improved - - 1
26:288 298
same cow has improved - - 1
30:166 161
22:54 26
10:32 70
24:-75 -96
26:298 315
same cow has improved - - 1
11:92 111
15:191 160
15:160 223
2:26 86
26:315 347
same cow has improved - - 1
6:162 212
15:223 244
14:98 72
6:212 264
9:-26 -28
8:227 252
20:68 64
5:211 188
25:98 87
14:72 113
5:188 240
11:111 82
27:124 151
28:-3 40
20:64 129
28:40 39
29:222 288
29:288 260
30:161 201
1:204 207
2:86 71
18:232 255
18:255 273
23:145 141
19:80 135
15:244 243
20:129 135
4:174 222
27:151 161
15:243 238
26:347 338
milk production has dropped: same cow is leader - - 2
15:238 250
9:-28 -27
3:98 165
24:-96 -80
13:107 74
30:201 175
18:273 318
19:135 193
13:74 125
19:193 257
18:318 362
new cow has taken first - - 1
14:113 106
13:125 154
24:-80 -14
27:161 214
26:338 393
new cow has taken first - - 1
30:175 145
29:260 250
24:-14 -22
24:-22 35
11:82 84
27:214 207
16:15 21
4:222 208
2:71 89
28:39 16
5:240 235
29:250 257
19:257 275
24:35 99
22:26 86
29:257 268
26:393 375
milk production has dropped: same cow is leader - - 2
2:89 71
2:71 134
17:45 87
27:207 235
26:375 434
same cow has improved - - 2
28:16 81
21:181 226
2:134 103
7:-23 1
7:1 -19
27:235 237
12:173 149
4:208 175
6:264 263
26:434 414
single cow has dropped - - 1
5:235 214
14:106 170
26:414 439
same cow has improved - - 1
29:268 249
27:237 254
9:-27 -28
15:250 242
11:84 77
16:21 37
15:242 214
15:214 211
6:263 286
30:145 163
24:99 93
27:254 309
28:81 134
28:134 141
21:226 292
29:249 297
7:-19 -23
24:93 72
12:149 176
9:-28 -43
30:163 183
2:103 137
16:37 26
2:137 156
25:87 102
4:175 230
29:297 330
8:252 297
10:70 54
1:207 248
17:87 102
16:26 60
16:60 104
21:292 303
16:104 168
18:362 405
27:309 313
3:165 226
18:405 386
20:135 186
27:313 305
4:230 231
25:102 143
7:-23 -46
10:54 99
2:156 195
27:305 302
2:195 188
6:286 278
5:214 280
13:154 139
21:303 366
21:366 364
13:139 198
4:231 248
22:86 92
27:302 318
30:183 166
25:143 161
12:176 166
13:198 216
18:386 424
13:216 184
23:141 122
29:330 362
4:248 269
14:170 214
29:362 427
14:214 223
1:248 311
27:318 287
2:188 253
22:92 69
9:-43 -63
13:184 208
21:364 369
14:223 238
20:186 191
20:191 205
9:-63 -32
2:253 285
13:208 182
23:122 121
30:166 157
24:72 40
17:102 98
8:297 341
4:269 289
15:211 195
28:141 108
23:121 143
11:77 57
22:69 60
16:168 213
12:166 137
5:280 334
2:285 352
8:341 371
27:287 327
14:238 264
26:439 465
same cow has improved - - 1
16:213 238
18:424 420
28:108 81
13:182 190
11:57 89
12:137 118
23:143 116
12:118 127
8:371 425
22:60 126
1:311 322
16:238 205
16:205 238
27:327 381
2:352 341
19:275 255
14:264 319
9:-32 -3
29:427 452
5:334 381
14:319 290
30:157 168
25:161 213
9:-3 39
13:190 236
18:420 455
16:238 236
8:425 444
22:126 162
5:381 398
25:213 193
22:162 148
10:99 130
22:148 193
12:127 113
20:205 250
29:452 484
new cow has taken first - - 1
15:195 193
16:236 296
7:-46 7
20:250 307
22:193 241
20:307 332
21:369 352
17:98 122
17:122 100
1:322 371
20:332 340
11:89 155
10:130 169
28:81 139
11:155 182
13:236 223
12:113 129
5:398 454
21:352 417
1:371 343
16:296 319
21:417 479
9:39 61
7:7 1
12:129 108
7:1 -23
11:182 176
29:484 546
same cow has improved - - 1
14:290 291
20:340 307
18:455 486
20:307 302
29:546 550
same cow has improved - - 1
2:341 325
30:168 160
17:100 123
3:226 224
22:241 297
9:61 58
12:108 172
26:465 452
29:550 569
same cow has improved - - 1
14:291 302
10:169 214
5:454 495
30:160 195
20:302 358
21:479 478
4:289 257
17:123 174
5:495 488
15:193 215
5:488 501
17:174 173
30:195 175
10:214 195
14:302 353
28:139 138
14:353 358
7:-23 15
24:40 106
18:486 476
13:223 195
20:358 327
21:478 523
30:175 151
8:444 428
15:215 199
1:343 348
13:195 179
27:381 443
4:257 278
21:523 578
new cow has taken first - - 1
27:443 502
4:278 315
30:151 150
24:106 111
13:179 240
29:569 564
15:199 198
25:193 220
2:325 353
25:220 201
6:278 280
23:116 83
2:353 401
15:198 203
17:173 175
27:502 515
12:172 227
30:150 216
22:297 335
29:564 540
12:227 241
19:255 282
5:501 535
5:535 594
new cow has taken first - - 1
3:224 246
27:515 550
13:240 244
20:327 355
17:175 234
6:280 250
21:578 637
new cow has taken first - - 1
26:452 436
23:83 129
30:216 225
6:250 300
6:300 335
29:540 572
19:282 261
20:355 350
18:476 534
4:315 306
6:335 311
7:15 70
19:261 300
12:241 220
7:70 40
4:306 281
25:201 242
3:246 302
1:348 359
17:234 240
28:138 190
30:225 216
28:190 241
21:637 683
same cow has improved - - 1
5:594 651
18:534 568
9:58 122
24:111 103
17:240 222
2:401 391
16:319 383
13:244 251
30:216 265
2:391 404
24:103 122
7:40 89
23:129 162
10:195 164
25:242 304
9:122 184
9:184 217
16:383 379
10:164 215
16:379 445
27:550 582
24:122 141
6:311 282
23:162 223
25:304 292
3:302 343
28:241 214
13:251 249
28:214 227
20:350 411
17:222 256
29:572 636
18:568 593
22:335 396
13:249 300
3:343 381
13:300 353
25:292 278
8:428 399
2:404 452
2:452 431
30:265 318
18:593 647
28:227 221
30:318 291
20:411 468
14:358 400
30:291 259
10:215 236
22:396 415
16:445 504
16:504 542
3:381 392
9:217 213
18:647 615
12:220 249
10:236 279
5:651 653
17:256 226
23:223 232
6:282 318
14:400 458
22:415 396
4:281 348
16:542 526
27:582 554
9:213 189
30:259 244
16:526 523
13:353 327
8:399 451
2:431 428
21:683 688
same cow has improved - - 1
21:688 743
same cow has improved - - 1
19:300 310
10:279 267
7:89 109
21:743 725
milk production has dropped: same cow is leader - - 2
7:109 159
16:523 512
7:159 133
26:436 488
25:278 335
1:359 363
1:363 415
27:554 614
12:249 290
11:176 170
27:614 636
8:451 442
9:189 178
24:141 145
4:348 414
30:244 257
2:428 435
23:232 222
19:310 313
21:725 723
single cow has dropped - - 1
14:458 525
19:313 344
22:396 377
30:257 299
20:468 483
10:267 268
2:435 447
16:512 505
7:133 121
1:415 408
10:268 294
6:318 380
14:525 521
19:344 403
9:178 163
27:636 657
17:226 251
8:442 432
18:615 599
23:222 247
5:653 701
3:392 420
20:483 465
16:505 496
12:290 336
12:336 393
12:393 397
23:247 242
19:403 386
4:414 477
14:521 498
12:397 438
28:221 200
4:477 501
20:465 498
17:251 293
25:335 317
28:200 206
24:145 151
4:501 555
4:555 576
18:599 587
18:587 628
27:657 667
15:203 218
8:432 480
9:163 166
9:166 208
5:701 721
11:170 224
21:723 759
same cow has improved - - 1
1:408 453
30:299 361
7:121 99
26:488 461
4:576 565
27:667 641
20:498 495
16:496 522
27:641 673
20:495 521
13:327 338
28:206 269
20:521 500
1:453 515
30:361 390
23:242 264
28:269 244
27:673 652
16:522 570
17:293 286
6:380 360
13:338 321
9:208 230
13:321 313
22:377 375
13:313 293
14:498 477
18:628 600
17:286 298
18:600 599
30:390 433
13:293 348
24:151 191
22:375 424
30:433 454
7:99 138
1:515 542
8:480 453
24:191 221
24:221 273
9:230 260
17:298 361
7:138 148
1:542 509
22:424 415
15:218 235
20:500 550
16:570 611
30:454 478
6:360 372
23:264 294
17:361 413
19:386 445
22:415 411
24:273 263
7:148 146
10:294 280
12:438 422
26:461 467
1:509 568
7:146 156
29:636 650
28:244 284
1:568 572
8:453 489
27:652 663
25:317 315
8:489 471
4:565 540
26:467 517
6:372 413
20:550 538
17:413 469
21:759 787
same cow has improved - - 1
10:280 299
7:156 137
15:235 227
19:445 453
26:517 539
28:284 342
22:411 391
24:263 306
21:787 768
milk production has dropped: same cow is leader - - 2
16:611 673
30:478 465
17:469 467
27:663 728
2:447 452
23:294 304
11:224 288
13:348 396
3:420 412
22:391 374
11:288 278
26:539 541
19:453 483
15:227 199
8:471 513
15:199 252
13:396 452
20:538 539
21:768 809
same cow has improved - - 2
19:483 472
18:599 623
15:252 253
20:539 578
13:452 466
22:374 405
27:728 764
11:278 330
18:623 668
28:342 345
15:253 277
3:412 385
12:422 410
23:304 293
17:467 511
2:452 489
14:477 513
13:466 485
15:277 246
7:137 179
25:315 337
30:465 488
20:578 603
21:809 818
same cow has improved - - 2
5:721 723
5:723 756
30:488 515
7:179 168
20:603 620
17:511 547
14:513 523
29:650 660
12:410 432
11:330 329
22:405 470
22:470 510
4:540 521
22:510 487
27:764 799
27:799 819
new cow has taken first - - 1
11:329 352
3:385 399
15:246 245
14:523 537
5:756 810
15:245 279
29:660 640
13:485 500
6:413 464
25:337 336
13:500 511
13:511 564
5:810 872
new cow has taken first - - 1
2:489 507
24:306 318
20:620 634
12:432 455
10:299 267
13:564 590
19:472 469
29:640 645
6:464 499
8:513 502
10:267 333
3:399 417
8:502 553
3:417 389
23:293 297
4:521 542
13:590 642
16:673 653
30:515 537
14:537 562
3:389 408
18:668 726
1:572 591
19:469 444
6:499 485
19:444 425
29:645 625
1:591 650
4:542 578
19:425 488
2:507 534
14:562 568
10:333 310
27:819 883
new cow has taken first - - 1
19:488 527
10:310 290
7:168 167
4:578 633
30:537 552
24:318 292
21:818 806
11:352 333
20:634 692
23:297 279
8:553 601
28:345 361
30:552 608
9:260 273
12:455 443
4:633 672
22:487 501
19:527 587
30:608 644
15:279 335
24:292 357
5:872 938
new cow has taken first - - 1
3:408 414
3:414 423
10:290 330
26:541 536
7:167 169
17:547 517
14:568 608
28:361 378
14:608 668
3:423 481
27:883 950
new cow has taken first - - 1
18:726 702
19:587 642
19:642 649
20:692 667
5:938 968
new cow has taken first - - 1
12:443 441
8:601 630
19:649 714
5:968 971
same cow has improved - - 1
7:169 223
2:534 588
5:971 1022
same cow has improved - - 1
10:330 343
17:517 512
15:335 364
19:714 694
21:806 803
16:653 631
8:630 614
11:333 357
12:441 433
2:588 608
16:631 671
17:512 569
24:357 384
10:343 344
16:671 647
2:608 594
24:384 415
20:667 732
26:536 503
7:223 276
21:803 811
17:569 588
30:644 632
19:694 729
16:647 710
15:364 342
12:433 460
18:702 670
4:672 706
9:273 255
4:706 742
29:625 660
8:614 673
19:729 751
17:588 625
3:481 526
23:279 333
13:642 662
30:632 662
27:950 1016
13:662 654
4:742 805
3:526 537
9:255 225
9:225 291
29:660 634
30:662 635
13:654 720
4:805 774
23:333 362
27:1016 1065
new cow has taken first - - 1
22:501 516
27:1065 1110
same cow has improved - - 1
28:378 439
16:710 746
12:460 448
26:503 560
3:537 571
27:1110 1130
same cow has improved - - 1
17:625 635
16:746 736
16:736 703
15:342 309
4:774 812
25:336 370
8:673 716
8:716 701
29:634 669
19:751 757
17:635 636
12:448 460
26:560 613
9:291 260
29:669 694
25:370 427
25:427 479
3:571 551
19:757 772
19:772 749
8:701 731
24:415 385
29:694 761
16:703 750
11:357 364
6:485 521
12:460 501
8:731 715
17:636 653
17:653 706
18:670 653
6:521 492
17:706 751
6:492 482
26:613 652
12:501 512
5:1022 1061
17:751 743
20:732 790
19:749 794
18:653 659
19:794 785
2:594 652
19:785 804
20:790 849
11:364 387
13:720 723
2:652 630
10:344 396
13:723 708
9:260 254
4:812 842
23:362 407
16:750 791
8:715 713
21:811 861
2:630 603
27:1130 1136
same cow has improved - - 1
13:708 762
11:387 412
5:1061 1085
9:254 298
12:512 571
19:804 835
3:551 527
18:659 693
30:635 632
16:791 836
28:439 489
15:309 333
14:668 680
9:298 321
19:835 889
7:276 287
3:527 518
21:861 895
13:762 737
10:396 368
29:761 800
26:652 685
15:333 358
26:685 706
16:836 888
23:407 451
24:385 445
27:1136 1150
same cow has improved - - 1
5:1085 1098
12:571 584
25:479 533
17:743 725
9:321 310
25:533 525
26:706 696
4:842 851
25:525 521
6:482 528
29:800 789
23:451 443
25:521 542
15:358 329
13:737 716
10:368 390
13:716 775
5:1098 1120
14:680 655
6:528 499
10:390 416
3:518 497
3:497 550
15:329 328
27:1150 1169
same cow has improved - - 1
17:725 775
28:489 544
10:416 438
25:542 528
10:438 477
23:443 506
3:550 560
25:528 504
30:632 625
30:625 635
26:696 669
1:650 658
12:584 606
13:775 746
4:851 873
15:328 327
30:635 606
8:713 698
21:895 870
12:606 599
12:599 589
29:789 794
4:873 859
16:888 942
11:412 425
8:698 694
18:693 665
15:327 341
17:775 839
30:606 624
23:506 560
22:516 513
25:504 562
6:499 507
21:870 841
17:839 837
2:603 617
23:560 588
30:624 665
12:589 656
23:588 647
6:507 476
15:341 386
15:386 443
19:889 928
25:562 592
14:655 704
6:476 525
8:694 696
1:658 652
3:560 597
17:837 890
1:652 674
23:647 620
11:425 486
13:746 757
6:525 537
9:310 313
28:544 569
7:287 331
30:665 659
29:794 832
26:669 654
25:592 658
27:1169 1228
same cow has improved - - 1
25:658 631
24:445 447
25:631 684
3:597 607
30:659 723
6:537 508
4:859 914
15:443 448
1:674 727
21:841 828
1:727 747
6:508 491
3:607 637
26:654 675
11:486 539
25:684 712
27:1228 1283
same cow has improved - - 1
21:828 859
13:757 725
5:1120 1135
4:914 923
26:675 682
1:747 730
15:448 471
5:1135 1151
1:730 703
27:1283 1323
same cow has improved - - 1
16:942 963
4:923 893
4:893 886
16:963 930
18:665 695
17:890 889
18:695 699
19:928 937
11:539 573
15:471 460
28:569 590
12:656 664
17:889 930
10:477 484
20:849 886
26:682 687
3:637 692
12:664 634
2:617 649
21:859 865
21:865 902
19:937 951
10:484 528
12:634 661
26:687 716
8:696 726
10:528 523
21:902 921
2:649 653
17:930 910
14:704 743
9:313 292
17:910 951
17:951 968
23:620 659
30:723 760
28:590 596
18:699 697
17:968 1028
23:659 633
6:491 462
12:661 706
25:712 758
22:513 544
11:573 562
27:1323 1387
same cow has improved - - 1
23:633 629
22:544 511
17:1028 1070
21:921 909
23:629 689
26:716 685
15:460 495
18:697 748
14:743 790
30:760 814
3:692 753
11:562 531
2:653 682
7:331 349
16:930 920
18:748 804
3:753 785
14:790 766
30:814 851
1:703 722
20:886 864
20:864 918
29:832 799
21:909 907
16:920 894
10:523 539
24:447 418
5:1151 1147
20:918 946
10:539 542
14:766 760
6:462 496
6:496 529
29:799 815
27:1387 1404
same cow has improved - - 1
3:785 768
8:726 730
29:815 854
15:495 537
25:758 764
3:768 810
17:1070 1078
18:804 835
12:706 676
19:951 919
17:1078 1045
18:835 815
15:537 564
25:764 749
7:349 358
13:725 777
6:529 497
15:564 568
29:854 890
17:1045 1076
5:1147 1198
16:894 915
18:815 783
6:497 527
9:292 266
4:886 878
11:531 566
2:682 684
27:1404 1433
same cow has improved - - 1
2:684 717
30:851 909
1:722 726
16:915 884
24:418 480
22:511 527
2:717 712
2:712 748
7:358 380
15:568 576
17:1076 1055
10:542 577
7:380 439
2:748 773
29:890 911
13:777 837
11:566 547
22:527 525
9:266 239
17:1055 1103
7:439 410
25:749 731
9:239 259
15:576 604
7:410 397
20:946 967
24:480 519
15:604 637
13:837 882
23:689 720
30:909 951
3:810 829
21:907 959
19:919 944
11:547 565
22:525 497
11:565 612
8:730 712
5:1198 1263
27:1433 1498
same cow has improved - - 1
13:882 876
10:577 624
9:259 315
22:497 515
16:884 908
30:951 979
11:612 584
22:515 549
16:908 898
24:519 498
19:944 916
16:898 891
20:967 966
25:731 769
30:979 1002
16:891 875
14:760 812
14:812 789
19:916 953
26:685 746
15:637 700
22:549 528
20:966 970
5:1263 1284
2:773 759
6:527 562
3:829 842
5:1284 1269
11:584 647
13:876 938
8:712 709
2:759 773
6:562 599
3:842 862
16:875 870
10:624 593
5:1269 1302
10:593 652
1:726 729
1:729 757
17:1103 1121
22:528 588
29:911 883
2:773 760
22:588 561
25:769 770
26:746 768
6:599 569
9:315 372
30:1002 969
27:1498 1509
same cow has improved - - 1
3:862 919
7:397 419
2:760 754
9:372 399
18:783 792
2:754 739
19:953 932
14:789 839
10:652 660
30:969 1035
16:870 935
22:561 605
15:700 742
16:935 903
25:770 766
22:605 624
25:766 831
11:647 636
29:883 920
28:596 632
29:920 972
1:757 771
5:1302 1362
21:959 1010
2:739 764
12:676 678
11:636 676
1:771 817
28:632 660
30:1035 1005
1:817 881
22:624 645
14:839 837
2:764 782
7:419 433
10:660 698
13:938 906
3:919 967
17:1121 1177
23:720 784
25:831 826
23:784 757
12:678 714
10:698 672
20:970 971
17:1177 1240
2:782 760
17:1240 1225
26:768 806
30:1005 1062
2:760 793
30:1062 1088
13:906 897
19:932 952
14:837 822
14:822 876
9:399 426
13:897 944
9:426 410
19:952 1003
21:1010 990
28:660 635
17:1225 1284
9:410 429
27:1509 1476
milk production has dropped: same cow is leader - - 2
7:433 447
27:1476 1543
same cow has improved - - 2
3:967 1006
30:1088 1130
1:881 890
1:890 950
16:903 907
14:876 925
1:950 946
25:826 809
3:1006 1062
1:946 1013
18:792 844
21:990 1021
4:878 890
9:429 413
21:1021 995
13:944 971
25:809 863
22:645 673
21:995 1021
11:676 651
4:890 957
4:957 947
12:714 762
25:863 915
14:925 957
18:844 897
25:915 942
23:757 786
7:447 500
5:1362 1400
7:500 494
18:897 905
20:971 975
12:762 732
17:1284 1329
27:1543 1529
single cow has dropped - - 1
7:494 507
6:569 554
18:905 878
9:413 386
8:709 702
20:975 966
7:507 485
22:673 674
27:1529 1576
same cow has improved - - 1
21:1021 1013
30:1130 1110
22:674 737
25:942 956
30:1110 1138
10:672 721
16:907 938
14:957 1001
18:878 907
6:554 547
11:651 691
26:806 871
23:786 801
6:547 516
10:721 742
5:1400 1437
11:691 685
26:871 930
6:516 560
14:1001 984
15:742 764
23:801 772
18:907 928
23:772 825
8:702 737
8:737 711
26:930 978
1:1013 982
11:685 675
22:737 762
3:1062 1076
5:1437 1474
6:560 603
29:972 990
15:764 824
4:947 977
22:762 766
30:1138 1182
1:982 999
23:825 819
10:742 739
8:711 693
20:966 1028
12:732 719
4:977 1002
15:824 792
1:999 977
10:739 777
28:635 636
30:1182 1229
8:693 699
2:793 821
30:1229 1200
18:928 961
4:1002 1008
1:977 999
16:938 949
20:1028 1082
16:949 998
12:719 699
29:990 1029
2:821 868
6:603 594
8:699 746
29:1029 1075
3:1076 1109
18:961 1025
18:1025 1013
17:1329 1308
23:819 808
29:1075 1109
5:1474 1481
9:386 389
7:485 499
21:1013 1069
24:498 505
26:978 1042
28:636 631
14:984 987
23:808 857
10:777 831
17:1308 1333
29:1109 1171
17:1333 1325
27:1576 1619
same cow has improved - - 1
26:1042 1036
22:766 832
23:857 914
23:914 979
10:831 801
30:1200 1207
29:1171 1155
3:1109 1122
21:1069 1036
23:979 1045
17:1325 1329
17:1329 1371
13:971 1012
30:1207 1205
7:499 512
6:594 630
9:389 394
19:1003 973
28:631 607
29:1155 1143
4:1008 1061
11:675 707
20:1082 1106
9:394 436
12:699 747
23:1045 1014
13:1012 1053
17:1371 1369
2:868 887
20:1106 1146
7:512 564
18:1013 1025
17:1369 1363
3:1122 1151
9:436 435
1:999 1015
20:1146 1117
17:1363 1414
23:1014 1012
15:792 830
3:1151 1129
5:1481 1476
24:505 474
11:707 691
10:801 817
19:973 1031
19:1031 1037
5:1476 1469
9:435 477
20:1117 1131
5:1469 1514
25:956 1009
9:477 457
15:830 857
30:1205 1251
8:746 782
29:1143 1137
23:1012 1029
9:457 469
19:1037 1098
25:1009 995
2:887 879
19:1098 1081
20:1131 1172
9:469 491
7:564 550
21:1036 1004
20:1172 1178
14:987 994
18:1025 1081
29:1137 1138
28:607 589
18:1081 1109
3:1129 1137
12:747 812
1:1015 1065
15:857 863
24:474 469
26:1036 1076
16:998 1023
14:994 1053
17:1414 1456
12:812 864
4:1061 1127
26:1076 1060
14:1053 1107
1:1065 1047
18:1109 1113
12:864 876
26:1060 1069
28:589 594
19:1081 1143
2:879 852
10:817 870
3:1137 1143
25:995 992
23:1029 1052
20:1178 1208
28:594 591
23:1052 1100
7:550 520
18:1113 1139
17:1456 1502
20:1208 1241
26:1069 1122
18:1139 1127
25:992 1022
10:870 859
28:591 603
29:1138 1106
25:1022 998
5:1514 1547
6:630 599
25:998 993
8:782 839
9:491 537
2:852 822
16:1023 998
3:1143 1147
9:537 598
1:1047 1105
7:520 505
27:1619 1647
same cow has improved - - 1
3:1147 1114
28:603 651
16:998 1014
14:1107 1090
21:1004 992
17:1502 1551
1:1105 1168
20:1241 1214
19:1143 1175
21:992 1009
13:1053 1075
24:469 506
4:1127 1187
7:505 511
22:832 890
10:859 884
25:993 1006
11:691 672
19:1175 1198
12:876 843
3:1114 1085
26:1122 1094
6:599 642
5:1547 1559
23:1100 1119
16:1014 1003
7:511 545
8:839 841
29:1106 1140
26:1094 1141
12:843 888
18:1127 1126
14:1090 1132
8:841 896
13:1075 1072
20:1214 1268
22:890 944
27:1647 1626
milk production has dropped: same cow is leader - - 2
23:1119 1179
11:672 734
23:1179 1165
3:1085 1133
4:1187 1186
11:734 728
8:896 900
20:1268 1318
14:1132 1144
29:1140 1203
27:1626 1652
same cow has improved - - 2
5:1559 1530
9:598 619
14:1144 1205
10:884 861
13:1072 1062
19:1198 1261
28:651 690
1:1168 1156
4:1186 1184
22:944 918
2:822 793
2:793 787
6:642 685
10:861 926
23:1165 1185
4:1184 1198
3:1133 1120
7:545 544
7:544 587
20:1318 1327
27:1652 1663
same cow has improved - - 2
20:1327 1370
9:619 596
25:1006 1031
4:1198 1239
17:1551 1568
22:918 929
18:1126 1179
4:1239 1270
22:929 978
20:1370 1374
21:1009 1036
18:1179 1162
5:1530 1510
21:1036 1083
28:690 734
6:685 726
5:1510 1535
21:1083 1127
13:1062 1045
13:1045 1101
18:1162 1154
9:596 564
20:1374 1388
7:587 568
23:1185 1167
12:888 874
17:1568 1604
10:926 966
19:1261 1282
7:568 617
19:1282 1338
7:617 629
12:874 924
8:900 910
9:564 547
29:1203 1211
29:1211 1260
19:1338 1318
10:966 949
26:1141 1195
28:734 795
5:1535 1597
15:863 912
23:1167 1153
3:1120 1123
27:1663 1725
same cow has improved - - 2
9:547 539
6:726 785
2:787 801
24:506 477
8:910 906
13:1101 1134
16:1003 981
11:728 748
28:795 848
14:1205 1265
19:1318 1328
30:1251 1306
17:1604 1591
1:1156 1220
2:801 807
23:1153 1147
24:477 474
28:848 839
20:1388 1424
24:474 461
10:949 992
6:785 781
15:912 911
24:461 466
9:539 579
26:1195 1260
11:748 735
30:1306 1343
28:839 881
15:911 903
9:579 576
30:1343 1369
11:735 728
25:1031 1042
9:576 616
6:781 758
20:1424 1408
12:924 909
15:903 946
10:992 987
9:616 660
29:1260 1305
24:466 490
2:807 798
15:946 945
8:906 874
14:1265 1318
8:874 908
19:1328 1385
26:1260 1236
16:981 989
28:881 869
17:1591 1596
7:629 692
18:1154 1146
12:909 917
20:1408 1440
27:1725 1693
single cow has dropped - - 1
9:660 725
21:1127 1121
8:908 934
18:1146 1126
17:1596 1620
14:1318 1288
18:1126 1093
24:490 459
8:934 948
29:1305 1282
5:1597 1594
18:1093 1063
19:1385 1407
2:798 841
27:1693 1730
same cow has improved - - 1
28:869 893
7:692 726
9:725 786
2:841 869
4:1270 1239
25:1042 1087
10:987 1050
4:1239 1249
13:1134 1149
19:1407 1382
25:1087 1094
28:893 900
25:1094 1135
14:1288 1317
13:1149 1179
30:1369 1343
5:1594 1564
13:1179 1215
10:1050 1116
11:728 788
19:1382 1388
25:1135 1111
14:1317 1294
21:1121 1101
6:758 734
19:1388 1411
13:1215 1183
14:1294 1311
2:869 899
19:1411 1475
13:1183 1209
30:1343 1404
15:945 997
11:788 821
20:1440 1426
1:1220 1266
8:948 954
29:1282 1340
13:1209 1274
25:1111 1171
1:1266 1256
6:734 789
13:1274 1278
7:726 764
12:917 915
22:978 992
29:1340 1325
10:1116 1101
8:954 992
28:900 887
4:1249 1301
25:1171 1221
6:789 808
10:1101 1148
15:997 992
14:1311 1376
11:821 861
30:1404 1428
30:1428 1495
4:1301 1321
14:1376 1422
10:1148 1132
21:1101 1154
2:899 942
26:1236 1204
3:1123 1098
17:1620 1630
24:459 498
30:1495 1473
1:1256 1237
14:1422 1467
28:887 906
27:1730 1732
same cow has improved - - 1
3:1098 1110
13:1278 1290
2:942 1000
16:989 1041
4:1321 1326
6:808 785
29:1325 1380
11:861 876
5:1564 1590
28:906 904
21:1154 1162
21:1162 1189
14:1467 1520
29:1380 1439
27:1732 1762
same cow has improved - - 1
3:1110 1104
19:1475 1446
1:1237 1292
11:876 927
15:992 960
14:1520 1579
25:1221 1256
29:1439 1412
6:785 828
18:1063 1123
13:1290 1311
6:828 893
1:1292 1285
28:904 905
30:1473 1483
21:1189 1233
19:1446 1418
14:1579 1558
20:1426 1455
28:905 908
8:992 1011
21:1233 1246
23:1147 1185
1:1285 1254
30:1483 1543
3:1104 1081
6:893 876
23:1185 1161
30:1543 1563
5:1590 1601
21:1246 1238
22:992 978
18:1123 1120
16:1041 1023
1:1254 1297
4:1326 1344
25:1256 1301
1:1297 1284
12:915 903
12:903 948
25:1301 1313
16:1023 1033
14:1558 1560
12:948 951
19:1418 1435
7:764 736
7:736 771
2:1000 1041
20:1455 1426
1:1284 1308
2:1041 1034
18:1120 1116
29:1412 1408
15:960 985
25:1313 1323
19:1435 1456
8:1011 996
7:771 807
29:1408 1472
29:1472 1499
23:1161 1167
14:1560 1555
14:1555 1568
21:1238 1242
19:1456 1448
21:1242 1256
1:1308 1355
7:807 850
6:876 915
17:1630 1607
8:996 1034
16:1033 1026
9:786 787
12:951 1013
27:1762 1792
same cow has improved - - 1
13:1311 1339
29:1499 1545
21:1256 1274
15:985 993
5:1601 1650
17:1607 1598
30:1563 1592
26:1204 1195
4:1344 1315
5:1650 1674
7:850 821
11:927 925
1:1355 1418
6:915 968
13:1339 1360
26:1195 1179
7:821 792
12:1013 999
11:925 983
29:1545 1579
19:1448 1424
3:1081 1058
3:1058 1052
3:1052 1038
15:993 1008
13:1360 1411
18:1116 1101
1:1418 1463
4:1315 1340
20:1426 1451
14:1568 1615
30:1592 1572
4:1340 1319
7:792 856
19:1424 1392
1:1463 1454
3:1038 1102
9:787 818
20:1451 1449
5:1674 1647
15:1008 1027
12:999 1061
21:1274 1282
2:1034 1049
12:1061 1128
3:1102 1093
17:1598 1572
5:1647 1666
21:1282 1270
1:1454 1476
3:1093 1131
1:1476 1469
24:498 465
20:1449 1469
16:1026 1092
23:1167 1135
16:1092 1152
15:1027 1047
7:856 918
22:978 961
6:968 947
16:1152 1130
26:1179 1183
22:961 1024
18:1101 1125
23:1135 1139
10:1132 1186
6:947 1004
9:818 794
15:1047 1016
30:1572 1589
27:1792 1780
milk production has dropped: same cow is leader - - 2
15:1016 1009
17:1572 1565
28:908 919
22:1024 1036
2:1049 1058
14:1615 1658
28:919 932
11:983 1018
26:1183 1198
11:1018 1055
22:1036 1094
14:1658 1702
29:1579 1585
18:1125 1143
9:794 780
25:1323 1337
8:1034 1081
29:1585 1561
13:1411 1391
16:1130 1149
14:1702 1755
14:1755 1765
21:1270 1323
20:1469 1497
10:1186 1212
18:1143 1127
28:932 978
15:1009 1022
7:918 985
6:1004 1045
5:1666 1643
28:978 1033
11:1055 1056
27:1780 1763
single cow has dropped - - 1
26:1198 1201
13:1391 1433
15:1022 1001
11:1056 1033
22:1094 1157
23:1139 1164
8:1081 1090
19:1392 1425
11:1033 1066
21:1323 1328
23:1164 1216
16:1149 1183
23:1216 1184
12:1128 1159
28:1033 1053
7:985 1014
29:1561 1587
8:1090 1060
6:1045 1070
10:1212 1217
28:1053 1112
14:1765 1802
new cow has taken first - - 1
30:1589 1569
13:1433 1424
5:1643 1671
23:1184 1210
14:1802 1784
milk production has dropped: same cow is leader - - 2
25:1337 1393
27:1763 1744
1:1469 1507
2:1058 1081
4:1319 1288
5:1671 1729
12:1159 1200
25:1393 1412
5:1729 1745
14:1784 1846
same cow has improved - - 2
6:1070 1117
7:1014 1072
10:1217 1240
22:1157 1220
1:1507 1559
29:1587 1639
14:1846 1849
same cow has improved - - 2
17:1565 1575
7:1072 1086
1:1559 1557
26:1201 1222
22:1220 1222
19:1425 1469
25:1412 1460
11:1066 1091
11:1091 1147
21:1328 1298
24:465 450
23:1210 1178
21:1298 1278
16:1183 1150
3:1131 1146
12:1200 1236
25:1460 1441
25:1441 1414
7:1086 1137
22:1222 1201
28:1112 1132
28:1132 1196
26:1222 1225
15:1001 1026
27:1744 1765
8:1060 1072
5:1745 1751
23:1178 1216
20:1497 1531
30:1569 1563
24:450 440
26:1225 1278
5:1751 1740
14:1849 1894
same cow has improved - - 2
20:1531 1526
20:1526 1543
5:1740 1791
1:1557 1540
14:1894 1932
same cow has improved - - 2
1:1540 1550
12:1236 1264
1:1550 1597
10:1240 1256
18:1127 1147
11:1147 1197
16:1150 1165
4:1288 1297
26:1278 1270
4:1297 1337
29:1639 1613
24:440 442
20:1543 1565
1:1597 1622
12:1264 1248
27:1765 1770
22:1201 1219
28:1196 1215
30:1563 1554
6:1117 1128
7:1137 1181
5:1791 1833
25:1414 1413
23:1216 1202
6:1128 1187
8:1072 1044
20:1565 1585
7:1181 1178
6:1187 1177
8:1044 1108
4:1337 1312
15:1026 1030
22:1219 1220
12:1248 1258
13:1424 1404
6:1177 1197
27:1770 1753
30:1554 1612
20:1585 1643
22:1220 1270
29:1613 1647
11:1197 1209
5:1833 1892
21:1278 1339
29:1647 1637
22:1270 1237
27:1753 1805
27:1805 1812
11:1209 1195
6:1197 1176
9:780 817
2:1081 1103
28:1215 1185
25:1413 1402
30:1612 1588
25:1402 1419
29:1637 1610
16:1165 1216
12:1258 1252
28:1185 1196
11:1195 1223
30:1588 1578
19:1469 1466
7:1178 1215
27:1812 1807
29:1610 1648
28:1196 1189
7:1215 1263
21:1339 1398
12:1252 1280
27:1807 1785
23:1202 1186
26:1270 1320
18:1147 1177
5:1892 1915
19:1466 1445
27:1785 1809
6:1176 1180
19:1445 1475
26:1320 1358
30:1578 1600
8:1108 1120
8:1120 1145
22:1237 1272
4:1312 1295
2:1103 1086
16:1216 1258
10:1256 1297
28:1189 1232
6:1180 1236
1:1622 1666
28:1232 1250
12:1280 1259
10:1297 1351
4:1295 1356
13:1404 1453
14:1932 1972
same cow has improved - - 2
26:1358 1361
26:1361 1378
26:1378 1426
5:1915 1926
11:1223 1248
23:1186 1205
5:1926 1960
11:1248 1246
27:1809 1872
19:1475 1482
18:1177 1190
20:1643 1693
17:1575 1569
30:1600 1571
22:1272 1290
20:1693 1708
1:1666 1715
20:1708 1753
15:1030 1050
22:1290 1345
7:1263 1287
2:1086 1089
27:1872 1938
8:1145 1129
14:1972 2034
same cow has improved - - 2
6:1236 1234
8:1129 1151
4:1356 1341
6:1234 1201
27:1938 1994
2:1089 1107
6:1201 1230
3:1146 1143
27:1994 1975
6:1230 1290
24:442 489
4:1341 1393
18:1190 1193
13:1453 1435
29:1648 1636
30:1571 1625
29:1636 1663
27:1975 2040
new cow has taken first - - 1
25:1419 1405
18:1193 1234
12:1259 1315
8:1151 1192
28:1250 1249
12:1315 1286
26:1426 1447
3:1143 1196
14:2034 2043
new cow has taken first - - 1
25:1405 1389
4:1393 1373
16:1258 1235
1:1715 1686
25:1389 1360
16:1235 1271
12:1286 1323
9:817 787
29:1663 1674
29:1674 1646
20:1753 1816
7:1287 1304
12:1323 1302
27:2040 2085
new cow has taken first - - 1
12:1302 1297
15:1050 1077
3:1196 1249
5:1960 2014
3:1249 1228
19:1482 1538
17:1569 1584
21:1398 1433
4:1373 1385
8:1192 1255
28:1249 1297
1:1686 1662
29:1646 1695
19:1538 1551
23:1205 1272
23:1272 1326
13:1435 1446
16:1271 1247
28:1297 1284
19:1551 1533
28:1284 1288
12:1297 1293
26:1447 1476
12:1293 1267
22:1345 1322
14:2043 2074
28:1288 1325
8:1255 1283
4:1385 1390
11:1246 1308
13:1446 1434
3:1228 1260
14:2074 2065
23:1326 1388
28:1325 1315
11:1308 1374
2:1107 1126
20:1816 1823
1:1662 1667
9:787 840
26:1476 1532
2:1126 1148
23:1388 1412
27:2085 2058
milk production has dropped: new cow/multiple is leader - - 2
21:1433 1460
19:1533 1557
20:1823 1875
18:1234 1254
22:1322 1360
9:840 870
18:1254 1250
6:1290 1345
5:2014 1992
22:1360 1419
19:1557 1588
6:1345 1395
16:1247 1263
5:1992 1980
12:1267 1282
18:1250 1233
22:1419 1414
7:1304 1353
3:1260 1298
30:1625 1615
11:1374 1355
10:1351 1388
5:1980 1962
29:1695 1729
24:489 481
29:1729 1726
6:1395 1414
17:1584 1642
23:1412 1462
4:1390 1403
3:1298 1283
4:1403 1459
5:1962 1987
8:1283 1289
14:2065 2099
new cow has taken first - - 1
6:1414 1464
7:1353 1399
4:1459 1444
27:2058 2089
8:1289 1352
22:1414 1421
6:1464 1480
26:1532 1545
24:481 520
23:1462 1519
9:870 873
7:1399 1377
18:1233 1242
27:2089 2145
new cow has taken first - - 1
1:1667 1653
23:1519 1583
15:1077 1097
28:1315 1369
16:1263 1321
6:1480 1500
23:1583 1634
16:1321 1388
18:1242 1244
5:1987 2013
25:1360 1398
19:1588 1631
16:1388 1373
15:1097 1080
21:1460 1515
21:1515 1514
27:2145 2204
same cow has improved - - 1
16:1373 1376
19:1631 1666
22:1421 1487
3:1283 1280
3:1280 1320
13:1434 1485
10:1388 1440
24:520 539
26:1545 1559
8:1352 1395
26:1559 1593
15:1080 1057
14:2099 2104
24:539 553
6:1500 1476
7:1377 1406
22:1487 1471
22:1471 1509
16:1376 1363
2:1148 1136
25:1398 1408
18:1244 1268
17:1642 1646
16:1363 1361
6:1476 1542
5:2013 2062
2:1136 1129
29:1726 1774
22:1509 1543
12:1282 1295
16:1361 1364
12:1295 1317
20:1875 1920
19:1666 1652
13:1485 1512
16:1364 1359
3:1320 1377
27:2204 2235
same cow has improved - - 1
25:1408 1420
27:2235 2293
same cow has improved - - 1
16:1359 1391
3:1377 1425
24:553 576
12:1317 1307
10:1440 1426
12:1307 1348
2:1129 1193
10:1426 1418
26:1593 1563
25:1420 1397
4:1444 1454
11:1355 1344
20:1920 1918
29:1774 1824
3:1425 1405
29:1824 1870
8:1395 1428
2:1193 1236
11:1344 1352
30:1615 1660
15:1057 1094
25:1397 1459
8:1428 1449
23:1634 1647
2:1236 1254
1:1653 1667
12:1348 1336
9:873 846
12:1336 1377
25:1459 1445
17:1646 1635
28:1369 1376
9:846 909
6:1542 1573
15:1094 1105
1:1667 1646
20:1918 1911
1:1646 1672
6:1573 1580
20:1911 1914
7:1406 1424
5:2062 2039
16:1391 1425
4:1454 1428
4:1428 1442
22:1543 1557
26:1563 1567
28:1376 1364
25:1445 1457
24:576 607
9:909 948
27:2293 2349
same cow has improved - - 1
4:1442 1462
13:1512 1543
25:1457 1440
24:607 592
10:1418 1413
24:592 647
21:1514 1498
28:1364 1385
20:1914 1933
10:1413 1431
24:647 644
13:1543 1582
26:1567 1622
8:1449 1461
9:948 1012
5:2039 2052
28:1385 1378
9:1012 1066
12:1377 1402
14:2104 2125
12:1402 1397
27:2349 2321
milk production has dropped: same cow is leader - - 2
9:1066 1042
8:1461 1519
3:1405 1433
28:1378 1440
1:1672 1688
3:1433 1428
14:2125 2105
1:1688 1679
5:2052 2044
17:1635 1672
23:1647 1617
26:1622 1671
11:1352 1387
21:1498 1500
28:1440 1409
23:1617 1649
12:1397 1443
23:1649 1650
12:1443 1459
23:1650 1637
19:1652 1702
17:1672 1640
29:1870 1932
24:644 664
14:2105 2085
27:2321 2360
same cow has improved - - 2
10:1431 1470
29:1932 1946
15:1105 1076
27:2360 2342
single cow has dropped - - 1
7:1424 1477
10:1470 1460
25:1440 1448
21:1500 1548
27:2342 2312
17:1640 1666
23:1637 1678
6:1580 1589
19:1702 1738
8:1519 1543
6:1589 1612
2:1254 1309
7:1477 1513
13:1582 1598
27:2312 2310
20:1933 1917
22:1557 1538
23:1678 1686
17:1666 1645
21:1548 1530
18:1268 1236
7:1513 1482
13:1598 1638
13:1638 1626
29:1946 1942
20:1917 1910
30:1660 1678
22:1538 1512
11:1387 1454
6:1612 1663
9:1042 1027
25:1448 1462
2:1309 1297
29:1942 1964
19:1738 1729
7:1482 1450
24:664 670
4:1462 1444
25:1462 1482
7:1450 1513
18:1236 1289
17:1645 1637
5:2044 2103
6:1663 1704
7:1513 1562
7:1562 1554
8:1543 1531
24:670 706
29:1964 1978
1:1679 1678
25:1482 1479
19:1729 1792
13:1626 1633
28:1409 1459
15:1076 1119
2:1297 1307
28:1459 1519
28:1519 1584
3:1428 1442
22:1512 1562
20:1910 1935
13:1633 1692
11:1454 1426
26:1671 1736
30:1678 1721
25:1479 1543
8:1531 1576
20:1935 1912
23:1686 1712
8:1576 1544
30:1721 1782
29:1978 2037
21:1530 1581
27:2310 2337
5:2103 2123
25:1543 1549
29:2037 2074
8:1544 1569
21:1581 1577
1:1678 1720
3:1442 1439
21:1577 1604
25:1549 1525
13:1692 1662
29:2074 2069
27:2337 2388
same cow has improved - - 1
16:1425 1413
1:1720 1764
7:1554 1564
2:1307 1295
18:1289 1312
18:1312 1326
19:1792 1782
22:1562 1576
27:2388 2403
same cow has improved - - 1
3:1439 1432
30:1782 1768
30:1768 1811
10:1460 1519
28:1584 1626
2:1295 1313
5:2123 2102
23:1712 1695
15:1119 1146
4:1444 1412
24:706 717
7:1564 1542
19:1782 1828
7:1542 1516
1:1764 1762
2:1313 1370
1:1762 1807
19:1828 1827
23:1695 1735
3:1432 1428
4:1412 1457
19:1827 1842
10:1519 1540
23:1735 1720
22:1576 1583
25:1525 1539
30:1811 1815
12:1459 1427
1:1807 1829
25:1539 1600
19:1842 1832
12:1427 1494
27:2403 2408
same cow has improved - - 1
21:1604 1658
6:1704 1712
23:1720 1778
19:1832 1827
27:2408 2393
milk production has dropped: same cow is leader - - 2
3:1428 1442
27:2393 2431
same cow has improved - - 2
13:1662 1646
18:1326 1313
25:1600 1635
27:2431 2470
same cow has improved - - 2
28:1626 1693
29:2069 2090
2:1370 1347
23:1778 1815
27:2470 2451
single cow has dropped - - 1
12:1494 1539
22:1583 1588
15:1146 1161
7:1516 1486
6:1712 1770
18:1313 1298
13:1646 1680
24:717 721
19:1827 1803
7:1486 1494
12:1539 1581
5:2102 2143
13:1680 1682
30:1815 1806
13:1682 1744
20:1912 1969
1:1829 1857
3:1442 1493
4:1457 1453
27:2451 2491
same cow has improved - - 1
24:721 771
29:2090 2087
2:1347 1385
18:1298 1355
9:1027 1074
18:1355 1352
3:1493 1483
20:1969 1988
16:1413 1415
29:2087 2107
6:1770 1836
13:1744 1763
11:1426 1475
6:1836 1828
20:1988 1977
25:1635 1700
6:1828 1841
10:1540 1511
19:1803 1857
21:1658 1680
24:771 821
15:1161 1204
1:1857 1911
2:1385 1406
19:1857 1883
16:1415 1414
30:1806 1858
16:1414 1427
20:1977 2035
1:1911 1885
20:2035 2005
6:1841 1899
18:1352 1347
24:821 862
21:1680 1687
8:1569 1609
21:1687 1705
12:1581 1580
4:1453 1491
12:1580 1600
24:862 896
12:1600 1601
1:1885 1872
14:2085 2097
25:1700 1736
13:1763 1774
28:1693 1755
11:1475 1539
3:1483 1496
1:1872 1867
23:1815 1817
16:1427 1489
4:1491 1549
28:1755 1821
7:1494 1467
10:1511 1555
23:1817 1812
17:1637 1669
15:1204 1212
15:1212 1223
8:1609 1626
11:1539 1535
15:1223 1225
19:1883 1907
3:1496 1486
8:1626 1646
23:1812 1820
11:1535 1563
27:2491 2467
milk production has dropped: same cow is leader - - 2
30:1858 1850
5:2143 2164
27:2467 2526
same cow has improved - - 2
7:1467 1511
2:1406 1466
22:1588 1555
1:1867 1835
17:1669 1726
26:1736 1800
25:1736 1771
10:1555 1545
11:1563 1598
7:1511 1547
15:1225 1243
29:2107 2088
28:1821 1849
15:1243 1234
20:2005 1985
13:1774 1826
30:1850 1878
16:1489 1464
1:1835 1854
12:1601 1642
20:1985 1983
9:1074 1061
27:2526 2556
same cow has improved - - 2
13:1826 1804
12:1642 1611
7:1547 1567
4:1549 1590
19:1907 1960
13:1804 1820
23:1820 1863
17:1726 1783
30:1878 1942
18:1347 1382
23:1863 1878
23:1878 1916
29:2088 2065
8:1646 1661
3:1486 1454
20:1983 1990
7:1567 1568
26:1800 1798
20:1990 1965
28:1849 1825
16:1464 1516
27:2556 2526
single cow has dropped - - 1
26:1798 1852
1:1854 1836
16:1516 1539
27:2526 2512
8:1661 1647
8:1647 1662
10:1545 1532
1:1836 1808
8:1662 1711
30:1942 1913
12:1611 1656
30:1913 1935
26:1852 1825
22:1555 1593
5:2164 2133
26:1825 1802
29:2065 2087
10:1532 1507
19:1960 1940
22:1593 1660
22:1660 1694
29:2087 2075
24:896 906
25:1771 1744
13:1820 1866
20:1965 1960
4:1590 1588
5:2133 2107
15:1234 1250
22:1694 1745
10:1507 1556
11:1598 1638
29:2075 2046
5:2107 2123
8:1711 1735
13:1866 1933
24:906 877
13:1933 1954
14:2097 2150
16:1539 1548
15:1250 1315
10:1556 1597
9:1061 1111
12:1656 1665
25:1744 1803
3:1454 1453
24:877 926
19:1940 1985
29:2046 2064
29:2064 2047
7:1568 1573
13:1954 1974
19:1985 1973
1:1808 1839
13:1974 1967
13:1967 1991
25:1803 1851
27:2512 2549
6:1899 1946
25:1851 1874
21:1705 1729
23:1916 1940
14:2150 2201
20:1960 2025
13:1991 1997
25:1874 1886
16:1548 1545
18:1382 1401
20:2025 2070
16:1545 1608
23:1940 1963
20:2070 2120
2:1466 1523
25:1886 1940
26:1802 1855
30:1935 1920
13:1997 1992
2:1523 1508
7:1573 1610
30:1920 1947
19:1973 2031
15:1315 1363
9:1111 1094
18:1401 1408
5:2123 2186
9:1094 1128
11:1638 1650
21:1729 1720
20:2120 2101
2:1508 1507
17:1783 1754
17:1754 1739
16:1608 1632
18:1408 1444
7:1610 1642
29:2047 2018
15:1363 1357
13:1992 1969
3:1453 1433
24:926 991
27:2549 2521
13:1969 1937
22:1745 1760
13:1937 1924
8:1735 1787
17:1739 1742
9:1128 1136
11:1650 1619
19:2031 2030
19:2030 2078
8:1787 1775
19:2078 2088
30:1947 1930
13:1924 1927
7:1642 1702
2:1507 1554
23:1963 1989
18:1444 1504
14:2201 2172
15:1357 1325
9:1136 1119
3:1433 1442
4:1588 1595
12:1665 1711
26:1855 1862
16:1632 1607
11:1619 1644
9:1119 1123
29:2018 2030
19:2088 2137
18:1504 1536
7:1702 1690
8:1775 1766
26:1862 1871
28:1825 1804
10:1597 1570
17:1742 1785
14:2172 2171
14:2171 2166
16:1607 1656
25:1940 1914
3:1442 1468
4:1595 1568
28:1804 1781
30:1930 1904
4:1568 1597
12:1711 1763
7:1690 1661
2:1554 1577
10:1570 1574
8:1766 1764
15:1325 1304
11:1644 1672
19:2137 2105
7:1661 1663
9:1123 1188
28:1781 1819
13:1927 1916
21:1720 1784
1:1839 1887
5:2186 2184
8:1764 1782
30:1904 1959
19:2105 2160
25:1914 1888
21:1784 1838
15:1304 1301
29:2030 2028
18:1536 1600
17:1785 1837
28:1819 1834
15:1301 1363
10:1574 1608
27:2521 2562
same cow has improved - - 1
22:1760 1739
29:2028 2011
1:1887 1854
9:1188 1191
16:1656 1672
20:2101 2140
13:1916 1911
5:2184 2173
9:1191 1169
16:1672 1708
3:1468 1517
2:1577 1570
30:1959 1981
10:1608 1660
24:991 967
16:1708 1714
22:1739 1772
2:1570 1561
2:1561 1563
2:1563 1596
11:1672 1675
10:1660 1711
19:2160 2200
18:1600 1594
25:1888 1907
7:1663 1721
2:1596 1661
13:1911 1963
18:1594 1574
26:1871 1914
11:1675 1692
3:1517 1549
7:1721 1710
18:1574 1638
15:1363 1330
2:1661 1701
14:2166 2172
24:967 977
23:1989 2010
23:2010 2005
26:1914 1942
27:2562 2530
milk production has dropped: same cow is leader - - 2
3:1549 1568
24:977 1037
17:1837 1885
30:1981 1950
14:2172 2183
1:1854 1881
1:1881 1891
20:2140 2202
23:2005 2052
21:1838 1847
26:1942 2001
17:1885 1925
9:1169 1162
16:1714 1758
20:2202 2250
27:2530 2529
single cow has dropped - - 1
19:2200 2221
26:2001 1980
8:1782 1752
20:2250 2217
14:2183 2204
2:1701 1695
21:1847 1846
16:1758 1819
4:1597 1636
1:1891 1885
6:1946 1975
18:1638 1696
20:2217 2233
3:1568 1631
19:2221 2208
7:1710 1762
25:1907 1969
15:1330 1337
1:1885 1928
12:1763 1746
5:2173 2215
22:1772 1746
23:2052 2078
25:1969 1958
10:1711 1681
19:2208 2275
25:1958 1938
30:1950 1982
29:2011 2032
26:1980 2006
20:2233 2298
13:1963 1967
12:1746 1716
20:2298 2274
6:1975 1963
18:1696 1735
27:2529 2528
7:1762 1823
26:2006 2067
2:1695 1731
19:2275 2286
30:1982 1985
18:1735 1790
14:2204 2199
7:1823 1810
16:1819 1875
19:2286 2328
8:1752 1800
11:1692 1681
24:1037 1030
5:2215 2242
12:1716 1781
12:1781 1805
3:1631 1659
5:2242 2248
17:1925 1959
19:2328 2389
1:1928 1982
2:1731 1727
1:1982 2035
10:1681 1669
13:1967 1937
7:1810 1869
11:1681 1733
22:1746 1715
28:1834 1864
11:1733 1752
30:1985 2040
21:1846 1872
4:1636 1630
26:2067 2133
24:1030 1087
25:1938 1965
9:1162 1181
21:1872 1903
6:1963 2025
21:1903 1875
19:2389 2360
15:1337 1307
7:1869 1918
8:1800 1828
11:1752 1772
24:1087 1136
15:1307 1344
9:1181 1243
13:1937 1987
26:2133 2122
22:1715 1774
8:1828 1820
2:1727 1774
17:1959 1982
28:1864 1911
12:1805 1777
30:2040 2025
7:1918 1969
21:1875 1916
7:1969 2036
20:2274 2259
11:1772 1810
15:1344 1399
3:1659 1726
2:1774 1803
26:2122 2098
18:1790 1802
7:2036 2022
11:1810 1805
28:1911 1948
26:2098 2093
21:1916 1934
5:2248 2216
11:1805 1838
16:1875 1937
24:1136 1186
15:1399 1458
27:2528 2560
same cow has improved - - 1
11:1838 1821
13:1987 2052
20:2259 2283
29:2032 2068
19:2360 2392
19:2392 2375
22:1774 1779
15:1458 1497
7:2022 2063
12:1777 1763
24:1186 1204
24:1204 1267
27:2560 2605
same cow has improved - - 1
19:2375 2398
23:2078 2063
17:1982 1970
24:1267 1276
9:1243 1257
24:1276 1325
20:2283 2313
28:1948 1962
23:2063 2126
24:1325 1379
20:2313 2375
15:1497 1556
22:1779 1775
16:1937 1923
19:2398 2442
27:2605 2591
milk production has dropped: same cow is leader - - 2
6:2025 2085
4:1630 1636
17:1970 2016
16:1923 1904
26:2093 2126
14:2199 2178
23:2126 2093
8:1820 1844
21:1934 1992
23:2093 2102
18:1802 1828
26:2126 2093
22:1775 1800
12:1763 1731
6:2085 2075
24:1379 1405
4:1636 1651
25:1965 1989
24:1405 1464
8:1844 1850
25:1989 2047
23:2102 2090
12:1731 1729
20:2375 2344
10:1669 1726
22:1800 1831
20:2344 2404
8:1850 1870
21:1992 2048
28:1962 1930
17:2016 1999
21:2048 2109
6:2075 2043
6:2043 2047
26:2093 2072
1:2035 2026
5:2216 2191
14:2178 2150
12:1729 1786
25:2047 2067
4:1651 1687
27:2591 2574
single cow has dropped - - 1
11:1821 1870
13:2052 2103
12:1786 1799
16:1904 1919
7:2063 2078
21:2109 2134
10:1726 1773
3:1726 1746
16:1919 1908
18:1828 1838
12:1799 1852
22:1831 1856
12:1852 1892
28:1930 1978
25:2067 2079
3:1746 1797
9:1257 1230
17:1999 2037
27:2574 2609
same cow has improved - - 1
22:1856 1832
18:1838 1871
27:2609 2616
same cow has improved - - 1
23:2090 2114
25:2079 2105
20:2404 2429
22:1832 1857
25:2105 2117
5:2191 2250
13:2103 2098
23:2114 2177
8:1870 1890
6:2047 2024
16:1908 1909
25:2117 2170
26:2072 2062
14:2150 2123
23:2177 2161
21:2134 2112
25:2170 2183
5:2250 2293
29:2068 2065
12:1892 1925
21:2112 2084
14:2123 2155
18:1871 1926
15:1556 1575
20:2429 2459
26:2062 2095
21:2084 2133
2:1803 1854
7:2078 2077
29:2065 2106
29:2106 2112
1:2026 2071
1:2071 2109
18:1926 1983
28:1978 2039
21:2133 2156
6:2024 2077
7:2077 2107
6:2077 2049
4:1687 1705
26:2095 2106
18:1983 1951
10:1773 1747
11:1870 1912
23:2161 2138
25:2183 2158
2:1854 1826
7:2107 2144
19:2442 2420
5:2293 2360
29:2112 2160
5:2360 2338
18:1951 1959
1:2109 2146
12:1925 1903
17:2037 2100
26:2106 2146
22:1857 1897
10:1747 1745
20:2459 2501
8:1890 1932
5:2338 2320
17:2100 2109
28:2039 2008
15:1575 1595
30:2025 2002
6:2049 2051
4:1705 1738
1:2146 2206
16:1909 1937
25:2158 2142
23:2138 2173
1:2206 2202
26:2146 2117
30:2002 2005
17:2109 2163
11:1912 1915
25:2142 2128
21:2156 2157
8:1932 1978
15:1595 1660
29:2160 2213
29:2213 2233
25:2128 2185
21:2157 2168
11:1915 1957
23:2173 2185
20:2501 2489
16:1937 1938
13:2098 2131
13:2131 2136
7:2144 2140
27:2616 2638
same cow has improved - - 1
12:1903 1885
5:2320 2328
23:2185 2156
30:2005 2064
7:2140 2156
14:2155 2206
14:2206 2196
15:1660 1630
12:1885 1852
21:2168 2202
8:1978 2024
15:1630 1669
17:2163 2220
18:1959 1952
29:2233 2269
24:1464 1496
22:1897 1911
7:2156 2129
30:2064 2106
23:2156 2153
16:1938 1977
6:2051 2062
16:1977 1973
7:2129 2112
27:2638 2629
milk production has dropped: same cow is leader - - 2
1:2202 2208
8:2024 2014
2:1826 1852
28:2008 1994
9:1230 1203
5:2328 2303
7:2112 2157
16:1973 2035
12:1852 1824
6:2062 2128
14:2196 2165
17:2220 2279
26:2117 2087
7:2157 2130
11:1957 1947
21:2202 2196
14:2165 2201
19:2420 2399
25:2185 2247
20:2489 2479
5:2303 2352
15:1669 1730
1:2208 2220
4:1738 1799
15:1730 1743
17:2279 2271
28:1994 1964
30:2106 2150
3:1797 1807
15:1743 1718
1:2220 2251
6:2128 2132
6:2132 2119
2:1852 1873
5:2352 2348
25:2247 2219
29:2269 2261
19:2399 2410
23:2153 2205
16:2035 2100
12:1824 1859
18:1952 1968
6:2119 2179
16:2100 2104
18:1968 2004
26:2087 2063
2:1873 1918
20:2479 2481
5:2348 2323
22:1911 1950
8:2014 2035
27:2629 2604
single cow has dropped - - 1
30:2150 2158
22:1950 2012
6:2179 2196
6:2196 2249
15:1718 1736
17:2271 2279
30:2158 2164
5:2323 2318
24:1496 1475
7:2130 2157
3:1807 1838
3:1838 1825
7:2157 2199
8:2035 2085
3:1825 1881
30:2164 2172
12:1859 1889
25:2219 2285
13:2136 2201
25:2285 2284
18:2004 2025
6:2249 2270
12:1889 1953
28:1964 1981
30:2172 2155
23:2205 2188
14:2201 2184
1:2251 2280
28:1981 1966
19:2410 2455
26:2063 2089
14:2184 2227
30:2155 2143
4:1799 1860
20:2481 2471
4:1860 1870
21:2196 2198
10:1745 1747
5:2318 2341
10:1747 1814
22:2012 2008
13:2201 2175
15:1736 1724
15:1724 1730
15:1730 1742
7:2199 2182
29:2261 2297
4:1870 1895
9:1203 1245
28:1966 1986
14:2227 2289
20:2471 2522
21:2198 2216
16:2104 2083
20:2522 2538
17:2279 2283
10:1814 1853
4:1895 1864
13:2175 2219
6:2270 2237
26:2089 2108
15:1742 1709
12:1953 1991
17:2283 2336
7:2182 2159
26:2108 2085
8:2085 2069
8:2069 2112
25:2284 2348
4:1864 1849
15:1709 1684
17:2336 2398
21:2216 2229
25:2348 2331
30:2143 2158
17:2398 2404
8:2112 2122
16:2083 2094
1:2280 2286
19:2455 2473
13:2219 2258
26:2085 2055
6:2237 2296
3:1881 1862
12:1991 2041
9:1245 1310
3:1862 1833
17:2404 2383
26:2055 2061
2:1918 1921
5:2341 2388
22:2008 2040
17:2383 2405
17:2405 2434
19:2473 2500
26:2061 2128
3:1833 1840
1:2286 2311
27:2604 2595
22:2040 2106
19:2500 2497
26:2128 2176
14:2289 2256
17:2434 2480
29:2297 2305
18:2025 2073
10:1853 1909
9:1310 1369
3:1840 1882
2:1921 1941
10:1909 1908
2:1941 1963
25:2331 2307
23:2188 2217
21:2229 2269
14:2256 2299
30:2158 2144
16:2094 2075
17:2480 2545
11:1947 1973
14:2299 2340
9:1369 1411
17:2545 2590
12:2041 2038
21:2269 2279
5:2388 2434
11:1973 1977
13:2258 2241
4:1849 1844
17:2590 2610
28:1986 1962
30:2144 2190
6:2296 2284
2:1963 1986
14:2340 2359
18:2073 2097
15:1684 1733
19:2497 2510
17:2610 2588
27:2595 2583
10:1908 1945
11:1977 1967
23:2217 2209
15:1733 1711
15:1711 1678
1:2311 2359
14:2359 2375
20:2538 2554
7:2159 2149
6:2284 2302
15:1678 1650
13:2241 2293
24:1475 1518
25:2307 2353
15:1650 1641
26:2176 2164
17:2588 2647
new cow has taken first - - 1
27:2583 2642
24:1518 1530
28:1962 2007
23:2209 2245
11:1967 1953
29:2305 2315
23:2245 2224
22:2106 2163
23:2224 2278
29:2315 2353
24:1530 1554
20:2554 2598
14:2375 2378
13:2293 2339
1:2359 2373
11:1953 2003
28:2007 2060
23:2278 2323
27:2642 2659
new cow has taken first - - 1
26:2164 2167
8:2122 2164
18:2097 2123
18:2123 2097
28:2060 2086
1:2373 2383
23:2323 2306
23:2306 2300
14:2378 2427
23:2300 2352
16:2075 2065
24:1554 1550
28:2086 2138
8:2164 2149
20:2598 2610
20:2610 2660
new cow has taken first - - 1
20:2660 2667
same cow has improved - - 1
3:1882 1920
3:1920 1966
2:1986 2019
20:2667 2693
same cow has improved - - 1
26:2167 2171
13:2339 2396
13:2396 2366
7:2149 2201
22:2163 2145
11:2003 1995
3:1966 1950
5:2434 2418
29:2353 2387
3:1950 1987
16:2065 2048
18:2097 2127
17:2647 2642
18:2127 2142
23:2352 2374
26:2171 2155
1:2383 2399
28:2138 2157
13:2366 2341
2:2019 2050
17:2642 2640
15:1641 1700
27:2659 2642
30:2190 2238
29:2387 2431
25:2353 2380
17:2640 2667
11:1995 1985
13:2341 2338
20:2693 2679
milk production has dropped: same cow is leader - - 2
27:2642 2702
new cow has taken first - - 1
19:2510 2571
25:2380 2427
19:2571 2594
30:2238 2229
5:2418 2398
25:2427 2448
25:2448 2431
9:1411 1424
4:1844 1876
18:2142 2204
9:1424 1430
27:2702 2724
same cow has improved - - 1
12:2038 2104
9:1430 1447
6:2302 2309
26:2155 2210
23:2374 2369
4:1876 1915
15:1700 1683
22:2145 2114
23:2369 2350
19:2594 2628
6:2309 2324
28:2157 2216
18:2204 2270
15:1683 1697
29:2431 2441
27:2724 2730
same cow has improved - - 1
5:2398 2402
27:2730 2712
milk production has dropped: same cow is leader - - 2
3:1987 1967
25:2431 2458
5:2402 2391
7:2201 2231
19:2628 2655
23:2350 2341
17:2667 2715
new cow has taken first - - 1
24:1550 1590
21:2279 2294
27:2712 2715
tie - - - - - - - - - - - - - -2
9:1447 1478
4:1915 1907
9:1478 1524
23:2341 2376
25:2458 2521
19:2655 2707
9:1524 1580
20:2679 2708
19:2707 2708
23:2376 2407
15:1697 1735
13:2338 2317
15:1735 1736
6:2324 2317
11:1985 2019
5:2391 2447
27:2715 2738
same cow has improved - - 2
7:2231 2248
22:2114 2139
26:2210 2227
27:2738 2783
same cow has improved - - 2
5:2447 2421
22:2139 2110
9:1580 1600
14:2427 2487
26:2227 2213
26:2213 2183
16:2048 2103
22:2110 2091
5:2421 2486
15:1736 1746
2:2050 2032
28:2216 2253
22:2091 2130
24:1590 1586
7:2248 2232
11:2019 2044
2:2032 2076
5:2486 2510
27:2783 2786
same cow has improved - - 2
13:2317 2289
29:2441 2430
4:1907 1882
21:2294 2320
28:2253 2275
19:2708 2745
12:2104 2163
27:2786 2842
same cow has improved - - 2
16:2103 2109
26:2183 2212
28:2275 2327
2:2076 2080
8:2149 2151
18:2270 2242
13:2289 2342
2:2080 2124
26:2212 2191
8:2151 2160
13:2342 2309
13:2309 2300
27:2842 2885
same cow has improved - - 2
5:2510 2539
30:2229 2220
15:1746 1768
30:2220 2256
20:2708 2705
14:2487 2492
23:2407 2418
12:2163 2161
12:2161 2221
22:2130 2111
11:2044 2094
12:2221 2239
22:2111 2173
1:2399 2397
16:2109 2094
26:2191 2245
30:2256 2305
13:2300 2305
11:2094 2079
25:2521 2511
28:2327 2367
7:2232 2247
8:2160 2200
14:2492 2540
15:1768 1820
18:2242 2309
20:2705 2676
26:2245 2304
16:2094 2063
10:1945 1940
9:1600 1628
29:2430 2416
26:2304 2370
16:2063 2088
2:2124 2107
10:1940 1981
16:2088 2092
10:1981 2019
28:2367 2428
5:2539 2586
10:2019 2062
17:2715 2736
29:2416 2456
8:2200 2239
8:2239 2243
15:1820 1879
5:2586 2631
7:2247 2288
2:2107 2082
14:2540 2580
2:2082 2058
21:2320 2297
1:2397 2430
13:2305 2304
9:1628 1689
28:2428 2480
26:2370 2369
28:2480 2532
9:1689 1691
17:2736 2758
4:1882 1864
16:2092 2109
9:1691 1753
29:2456 2454
6:2317 2376
13:2304 2278
25:2511 2495
27:2885 2952
same cow has improved - - 2
19:2745 2780
16:2109 2094
11:2079 2052
29:2454 2479
11:2052 2095
9:1753 1758
29:2479 2489
8:2243 2265
15:1879 1938
4:1864 1882
24:1586 1600
24:1600 1597
17:2758 2817
17:2817 2853
14:2580 2634
1:2430 2417
21:2297 2272
15:1938 2004
3:1967 1983
8:2265 2280
13:2278 2265
25:2495 2492
30:2305 2335
2:2058 2068
18:2309 2360
18:2360 2356
18:2356 2346
18:2346 2320
18:2320 2296
6:2376 2406
28:2532 2542
6:2406 2430
12:2239 2254
21:2272 2316
7:2288 2355
1:2417 2473
27:2952 2965
same cow has improved - - 2
28:2542 2590
14:2634 2611
30:2335 2382
14:2611 2665
14:2665 2636
2:2068 2110
10:2062 2085
1:2473 2456
19:2780 2804
9:1758 1771
16:2094 2114
4:1882 1876
28:2590 2638
10:2085 2063
3:1983 1962
11:2095 2072
18:2296 2282
15:2004 1985
2:2110 2121
8:2280 2313
10:2063 2088
27:2965 2973
same cow has improved - - 2
16:2114 2143
18:2282 2349
30:2382 2421
27:2973 3019
same cow has improved - - 2
20:2676 2667
8:2313 2364
21:2316 2291
15:1985 2051
18:2349 2381
2:2121 2124
15:2051 2066
17:2853 2863
30:2421 2461
20:2667 2730
22:2173 2144
21:2291 2343
10:2088 2107
14:2636 2606
20:2730 2760
21:2343 2329
1:2456 2454
27:3019 3079
same cow has improved - - 2
12:2254 2318
8:2364 2334
8:2334 2359
1:2454 2499
10:2107 2109
7:2355 2405
18:2381 2371
8:2359 2337
29:2489 2535
24:1597 1661
26:2369 2379
3:1962 1979
22:2144 2203
6:2430 2398
29:2535 2552
19:2804 2791
18:2371 2427
29:2552 2537
9:1771 1806
1:2499 2497
16:2143 2199
14:2606 2596
9:1806 1831
25:2492 2535
10:2109 2142
4:1876 1928
21:2329 2319
4:1928 1952
30:2461 2518
23:2418 2436
16:2199 2194
30:2518 2490
22:2203 2232
25:2535 2559
12:2318 2285
13:2265 2251
24:1661 1694
24:1694 1726
10:2142 2154
19:2791 2834
2:2124 2092
19:2834 2856
14:2596 2605
3:1979 2007
20:2760 2739
25:2559 2580
19:2856 2891
6:2398 2462
4:1952 1928
14:2605 2639
9:1831 1841
17:2863 2889
11:2072 2126
11:2126 2175
30:2490 2531
28:2638 2612
28:2612 2671
18:2427 2447
16:2194 2187
25:2580 2643
21:2319 2332
14:2639 2624
28:2671 2687
20:2739 2789
5:2631 2644
14:2624 2600
8:2337 2357
9:1841 1811
6:2462 2482
20:2789 2856
6:2482 2534
15:2066 2085
20:2856 2835
5:2644 2620
5:2620 2634
20:2835 2830
17:2889 2931
2:2092 2153
28:2687 2684
3:2007 1980
18:2447 2416
7:2405 2412
6:2534 2597
19:2891 2879
25:2643 2626
11:2175 2219
9:1811 1839
2:2153 2147
11:2219 2246
22:2232 2212
19:2879 2861
26:2379 2366
12:2285 2311
25:2626 2662
3:1980 1968
26:2366 2346
8:2357 2422
8:2422 2487
27:3079 3135
same cow has improved - - 2
26:2346 2357
2:2147 2200
21:2332 2305
7:2412 2410
7:2410 2440
17:2931 2946
29:2537 2602
2:2200 2221
14:2600 2636
9:1839 1832
24:1726 1756
20:2830 2894
2:2221 2215
4:1928 1966
6:2597 2625
27:3135 3109
single cow has dropped - - 1
21:2305 2288
13:2251 2277
7:2440 2439
28:2684 2736
26:2357 2386
29:2602 2629
29:2629 2646
17:2946 2937
10:2154 2125
5:2634 2618
11:2246 2219
25:2662 2713
17:2937 2999
3:1968 1954
27:3109 3162
same cow has improved - - 1
24:1756 1790
9:1832 1807
28:2736 2762
17:2999 2968
4:1966 2011
2:2215 2253
27:3162 3195
same cow has improved - - 1
22:2212 2179
16:2187 2166
8:2487 2538
29:2646 2634
25:2713 2719
22:2179 2232
23:2436 2493
10:2125 2158
6:2625 2658
24:1790 1811
24:1811 1805
11:2219 2282
15:2085 2142
2:2253 2312
20:2894 2875
14:2636 2627
4:2011 2015
28:2762 2823
19:2861 2838
23:2493 2483
6:2658 2653
9:1807 1797
15:2142 2120
20:2875 2857
12:2311 2316
21:2288 2302
24:1805 1861
9:1797 1791
5:2618 2615
9:1791 1761
20:2857 2832
16:2166 2210
14:2627 2609
17:2968 2971
6:2653 2655
29:2634 2644
23:2483 2494
13:2277 2325
9:1761 1808
22:2232 2220
13:2325 2346
19:2838 2880
17:2971 3022
13:2346 2400
28:2823 2849
23:2494 2486
12:2316 2299
17:3022 3034
13:2400 2426
2:2312 2372
3:1954 1931
30:2531 2588
2:2372 2425
12:2299 2284
10:2158 2133
23:2486 2540
28:2849 2854
12:2284 2312
29:2644 2648
20:2832 2820
20:2820 2876
28:2854 2855
29:2648 2715
29:2715 2712
5:2615 2616
11:2282 2295
25:2719 2756
16:2210 2218
17:3034 3014
5:2616 2627
3:1931 1909
20:2876 2849
11:2295 2332
28:2855 2869
25:2756 2747
29:2712 2729
6:2655 2694
28:2869 2924
8:2538 2505
13:2426 2481
4:2015 2013
18:2416 2394
3:1909 1884
29:2729 2730
12:2312 2343
18:2394 2448
13:2481 2517
15:2120 2152
6:2694 2746
9:1808 1840
8:2505 2512
14:2609 2597
25:2747 2787
9:1840 1817
2:2425 2443
4:2013 2036
5:2627 2638
16:2218 2246
30:2588 2597
23:2540 2530
4:2036 2044
26:2386 2434
23:2530 2534
2:2443 2418
9:1817 1788
28:2924 2959
18:2448 2504
5:2638 2701
28:2959 3014
22:2220 2279
25:2787 2853
18:2504 2541
15:2152 2158
9:1788 1820
30:2597 2579
24:1861 1830
15:2158 2147
11:2332 2374
11:2374 2378
17:3014 3029
25:2853 2901
5:2701 2668
12:2343 2333
8:2512 2520
17:3029 3013
27:3195 3242
same cow has improved - - 1
9:1820 1842
21:2302 2366
27:3242 3267
same cow has improved - - 1
5:2668 2721
13:2517 2515
6:2746 2804
30:2579 2584
29:2730 2790
21:2366 2394
25:2901 2893
5:2721 2723
3:1884 1890
30:2584 2651
1:2497 2473
8:2520 2489
5:2723 2773
27:3267 3305
same cow has improved - - 1
2:2418 2466
26:2434 2462
4:2044 2017
16:2246 2312
1:2473 2487
29:2790 2792
15:2147 2176
2:2466 2524
13:2515 2509
8:2489 2494
8:2494 2508
8:2508 2558
22:2279 2342
16:2312 2349
23:2534 2586
13:2509 2481
14:2597 2577
4:2017 1989
4:1989 2037
22:2342 2395
30:2651 2688
6:2804 2821
26:2462 2460
15:2176 2237
8:2558 2580
27:3305 3351
same cow has improved - - 1
17:3013 3006
22:2395 2376
4:2037 2080
6:2821 2876
18:2541 2579
13:2481 2473
18:2579 2565
17:3006 2993
19:2880 2912
11:2378 2358
11:2358 2394
9:1842 1859
24:1830 1885
23:2586 2620
18:2565 2532
2:2524 2505
21:2394 2389
8:2580 2615
20:2849 2819
10:2133 2135
11:2394 2399
28:3014 3055
27:3351 3405
same cow has improved - - 1
10:2135 2169
18:2532 2559
19:2912 2925
17:2993 3006
17:3006 3032
11:2399 2456
8:2615 2644
9:1859 1879
2:2505 2499
26:2460 2485
6:2876 2924
16:2349 2356
24:1885 1857
14:2577 2580
26:2485 2471
2:2499 2521
23:2620 2634
24:1857 1924
13:2473 2454
29:2792 2809
18:2559 2553
23:2634 2688
7:2439 2492
13:2454 2517
6:2924 2916
22:2376 2426
8:2644 2679
3:1890 1928
4:2080 2079
10:2169 2143
10:2143 2197
9:1879 1866
2:2521 2532
20:2819 2795
18:2553 2606
4:2079 2047
11:2456 2495
30:2688 2737
17:3032 3065
24:1924 1902
8:2679 2647
7:2492 2558
17:3065 3041
30:2737 2757
14:2580 2641
14:2641 2648
27:3405 3460
same cow has improved - - 1
29:2809 2793
4:2047 2097
9:1866 1899
23:2688 2742
10:2197 2195
2:2532 2576
27:3460 3506
same cow has improved - - 1
17:3041 3062
1:2487 2458
28:3055 3107
12:2333 2320
15:2237 2221
9:1899 1885
17:3062 3106
12:2320 2315
21:2389 2379
24:1902 1920
30:2757 2821
28:3107 3165
5:2773 2813
18:2606 2628
26:2471 2496
24:1920 1964
21:2379 2351
28:3165 3207
20:2795 2770
20:2770 2831
11:2495 2509
26:2496 2546
12:2315 2301
13:2517 2494
8:2647 2630
7:2558 2618
9:1885 1911
8:2630 2661
15:2221 2252
25:2893 2900
4:2097 2122
20:2831 2799
7:2618 2624
9:1911 1893
6:2916 2975
18:2628 2694
21:2351 2411
19:2925 2992
27:3506 3492
milk production has dropped: same cow is leader - - 2
12:2301 2368
24:1964 1992
2:2576 2618
3:1928 1969
15:2252 2227
13:2494 2531
19:2992 2973
18:2694 2728
24:1992 2001
13:2531 2545
5:2813 2811
11:2509 2495
15:2227 2233
16:2356 2373
8:2661 2648
20:2799 2803
6:2975 3003
22:2426 2483
21:2411 2408
5:2811 2856
26:2546 2556
28:3207 3240
24:2001 2063
12:2368 2346
18:2728 2787
11:2495 2465
26:2556 2529
16:2373 2435
22:2483 2464
23:2742 2773
10:2195 2259
7:2624 2668
29:2793 2803
24:2063 2076
7:2668 2717
17:3106 3163
16:2435 2412
5:2856 2922
20:2803 2853
18:2787 2757
16:2412 2381
10:2259 2283
8:2648 2707
9:1893 1952
2:2618 2607
19:2973 2981
5:2922 2956
30:2821 2850
25:2900 2934
5:2956 3023
26:2529 2507
15:2233 2269
1:2458 2523
15:2269 2247
1:2523 2550
2:2607 2588
27:3492 3527
same cow has improved - - 2
5:3023 2992
12:2346 2376
6:3003 2981
14:2648 2640
2:2588 2600
24:2076 2129
27:3527 3568
same cow has improved - - 2
30:2850 2855
23:2773 2766
18:2757 2813
30:2855 2880
8:2707 2748
28:3240 3264
23:2766 2803
16:2381 2443
19:2981 2960
28:3264 3315
20:2853 2895
6:2981 2996
10:2283 2337
13:2545 2536
14:2640 2698
11:2465 2531
3:1969 2014
10:2337 2357
24:2129 2196
4:2122 2156
26:2507 2552
27:3568 3539
single cow has dropped - - 1
21:2408 2474
29:2803 2794
26:2552 2568
15:2247 2265
28:3315 3308
19:2960 3027
10:2357 2385
2:2600 2628
10:2385 2422
15:2265 2267
9:1952 1960
26:2568 2537
27:3539 3554
24:2196 2208
29:2794 2765
12:2376 2438
13:2536 2586
27:3554 3565
26:2537 2543
7:2717 2745
21:2474 2469
5:2992 3010
24:2208 2197
15:2267 2276
29:2765 2785
4:2156 2205
18:2813 2843
30:2880 2882
17:3163 3159
11:2531 2525
6:2996 3022
27:3565 3554
7:2745 2792
16:2443 2448
14:2698 2691
2:2628 2676
5:3010 3074
8:2748 2756
5:3074 3095
2:2676 2682
11:2525 2551
17:3159 3182
16:2448 2492
11:2551 2549
19:3027 3044
27:3554 3524
27:3524 3495
30:2882 2877
15:2276 2280
23:2803 2864
26:2543 2571
29:2785 2817
30:2877 2866
4:2205 2235
30:2866 2862
20:2895 2943
25:2934 2931
28:3308 3310
7:2792 2775
24:2197 2178
5:3095 3158
5:3158 3199
28:3310 3367
1:2550 2615
2:2682 2726
25:2931 2976
26:2571 2582
9:1960 1991
20:2943 2944
13:2586 2571
18:2843 2824
13:2571 2538
15:2280 2294
16:2492 2546
4:2235 2234
24:2178 2161
18:2824 2817
1:2615 2634
19:3044 3021
8:2756 2778
16:2546 2547
4:2234 2292
12:2438 2454
20:2944 2999
30:2862 2906
24:2161 2139
16:2547 2544
9:1991 2018
20:2999 3054
28:3367 3348
29:2817 2826
15:2294 2298
22:2464 2506
28:3348 3321
20:3054 3035
24:2139 2179
4:2292 2311
6:3022 3043
18:2817 2829
27:3495 3528
4:2311 2350
6:3043 3026
8:2778 2750
14:2691 2711
15:2298 2265
21:2469 2479
14:2711 2683
6:3026 3012
19:3021 3028
8:2750 2739
3:2014 2043
12:2454 2497
29:2826 2864
10:2422 2399
7:2775 2824
19:3028 3032
22:2506 2493
20:3035 3074
5:3199 3217
8:2739 2782
24:2179 2173
7:2824 2835
20:3074 3101
27:3528 3584
same cow has improved - - 1
16:2544 2599
24:2173 2225
18:2829 2872
2:2726 2762
1:2634 2685
15:2265 2267
22:2493 2485
1:2685 2720
12:2497 2511
23:2864 2834
12:2511 2542
24:2225 2243
15:2267 2244
19:3032 3059
9:2018 2082
27:3584 3572
milk production has dropped: same cow is leader - - 2
24:2243 2252
2:2762 2771
17:3182 3192
23:2834 2879
2:2771 2829
30:2906 2916
10:2399 2391
30:2916 2928
17:3192 3177
10:2391 2448
24:2252 2251
10:2448 2506
17:3177 3206
8:2782 2800
20:3101 3086
26:2582 2563
12:2542 2563
3:2043 2085
27:3572 3567
single cow has dropped - - 1
7:2835 2896
14:2683 2702
26:2563 2617
19:3059 3121
3:2085 2061
30:2928 2947
20:3086 3114
23:2879 2846
25:2976 3019
22:2485 2547
28:3321 3310
21:2479 2463
9:2082 2100
19:3121 3094
3:2061 2080
2:2829 2808
6:3012 3042
24:2251 2219
1:2720 2729
10:2506 2519
4:2350 2411
16:2599 2657
21:2463 2497
24:2219 2268
3:2080 2146
5:3217 3250
19:3094 3092
3:2146 2173
8:2800 2836
29:2864 2847
23:2846 2848
22:2547 2517
15:2244 2311
11:2549 2556
11:2556 2529
30:2947 3002
25:3019 3011
24:2268 2301
14:2702 2747
29:2847 2842
19:3092 3088
15:2311 2363
9:2100 2099
14:2747 2756
5:3250 3253
13:2538 2521
14:2756 2796
4:2411 2450
4:2450 2441
2:2808 2832
18:2872 2894
1:2729 2699
6:3042 3101
4:2441 2456
3:2173 2238
12:2563 2550
30:3002 2977
28:3310 3369
23:2848 2865
2:2832 2854
15:2363 2354
21:2497 2514
24:2301 2323
7:2896 2948
4:2456 2480
20:3114 3126
12:2550 2525
25:3011 2997
10:2519 2493
28:3369 3342
2:2854 2852
22:2517 2543
10:2493 2546
15:2354 2371
8:2836 2850
18:2894 2926
10:2546 2573
23:2865 2893
21:2514 2578
6:3101 3160
15:2371 2425
27:3567 3597
same cow has improved - - 1
25:2997 3024
23:2893 2929
24:2323 2347
29:2842 2892
5:3253 3280
8:2850 2837
30:2977 2980
22:2543 2533
8:2837 2808
20:3126 3158
21:2578 2546
29:2892 2875
20:3158 3143
29:2875 2904
19:3088 3155
11:2529 2593
23:2929 2990
21:2546 2530
19:3155 3184
6:3160 3164
29:2904 2884
29:2884 2920
3:2238 2275
2:2852 2842
8:2808 2777
8:2777 2771
3:2275 2338
6:3164 3180
10:2573 2640
12:2525 2522
1:2699 2747
9:2099 2074
25:3024 3085
16:2657 2710
7:2948 2944
15:2425 2407
22:2533 2558
6:3180 3151
14:2796 2774
1:2747 2778
11:2593 2562
13:2521 2572
29:2920 2978
3:2338 2306
2:2842 2877
11:2562 2569
16:2710 2737
20:3143 3110
13:2572 2631
11:2569 2599
13:2631 2601
1:2778 2815
29:2978 3039
18:2926 2993
28:3342 3359
14:2774 2792
16:2737 2733
3:2306 2342
10:2640 2633
7:2944 2984
11:2599 2639
4:2480 2515
19:3184 3194
22:2558 2578
20:3110 3079
8:2771 2825
28:3359 3362
10:2633 2673
2:2877 2936
29:3039 3023
13:2601 2651
11:2639 2703
14:2792 2843
15:2407 2442
1:2815 2829
25:3085 3093
22:2578 2585
9:2074 2044
10:2673 2646
3:2342 2378
6:3151 3128
5:3280 3267
28:3362 3332
29:3023 3080
30:2980 3001
18:2993 2966
16:2733 2777
30:3001 3066
6:3128 3112
22:2585 2593
20:3079 3073
12:2522 2528
2:2936 2983
28:3332 3311
27:3597 3647
same cow has improved - - 1
28:3311 3295
29:3080 3128
28:3295 3285
16:2777 2810
4:2515 2497
14:2843 2829
19:3194 3173
14:2829 2834
24:2347 2390
22:2593 2567
25:3093 3136
11:2703 2757
20:3073 3062
20:3062 3039
25:3136 3184
10:2646 2710
6:3112 3121
14:2834 2878
7:2984 3008
12:2528 2540
13:2651 2685
24:2390 2373
13:2685 2744
17:3206 3195
1:2829 2873
1:2873 2930
11:2757 2765
14:2878 2863
1:2930 2979
13:2744 2724
24:2373 2380
27:3647 3685
same cow has improved - - 1
10:2710 2740
22:2567 2617
16:2810 2833
18:2966 2953
15:2442 2445
7:3008 3052
22:2617 2593
2:2983 2963
29:3128 3145
19:3173 3211
20:3039 3059
24:2380 2363
28:3285 3299
5:3267 3290
3:2378 2408
29:3145 3188
25:3184 3157
4:2497 2556
27:3685 3698
same cow has improved - - 1
30:3066 3126
22:2593 2623
26:2617 2673
5:3290 3263
15:2445 2473
4:2556 2543
3:2408 2464
25:3157 3149
13:2724 2712
14:2863 2883
20:3059 3049
22:2623 2678
11:2765 2775
28:3299 3337
21:2530 2578
11:2775 2773
25:3149 3162
18:2953 3019
4:2543 2582
8:2825 2850
6:3121 3089
16:2833 2820
27:3698 3701
same cow has improved - - 1
1:2979 3036
5:3263 3262
2:2963 3019
23:2990 3030
25:3162 3180
19:3211 3192
19:3192 3234
28:3337 3384
3:2464 2450
11:2773 2756
15:2473 2443
8:2850 2902
8:2902 2916
22:2678 2709
4:2582 2627
27:3701 3694
milk production has dropped: same cow is leader - - 2
13:2712 2718
24:2363 2388
28:3384 3389
4:2627 2616
21:2578 2635
25:3180 3202
18:3019 3086
2:3019 3051
1:3036 3089
2:3051 3110
19:3234 3278
17:3195 3235
10:2740 2769
3:2450 2477
7:3052 3087
20:3049 3081
6:3089 3154
22:2709 2727
18:3086 3069
6:3154 3181
18:3069 3046
3:2477 2509
9:2044 2091
14:2883 2943
18:3046 3018
4:2616 2632
4:2632 2660
15:2443 2461
27:3694 3714
same cow has improved - - 2
18:3018 3055
5:3262 3270
5:3270 3276
10:2769 2835
5:3276 3312
30:3126 3157
25:3202 3255
30:3157 3128
15:2461 2502
15:2502 2534
17:3235 3259
14:2943 2968
22:2727 2722
6:3181 3166
30:3128 3154
18:3055 3084
8:2916 2924
23:3030 3050
13:2718 2734
27:3714 3723
same cow has improved - - 2
20:3081 3100
30:3154 3130
17:3259 3284
1:3089 3079
3:2509 2481
9:2091 2082
16:2820 2842
26:2673 2653
13:2734 2750
12:2540 2537
4:2660 2640
8:2924 2914
6:3166 3188
18:3084 3101
30:3130 3194
19:3278 3331
30:3194 3242
12:2537 2592
1:3079 3074
21:2635 2624
18:3101 3163
18:3163 3217
3:2481 2547
17:3284 3310
20:3100 3098
29:3188 3167
9:2082 2122
4:2640 2613
5:3312 3303
11:2756 2822
29:3167 3184
6:3188 3250
29:3184 3214
11:2822 2805
20:3098 3141
2:3110 3104
17:3310 3339
9:2122 2114
12:2592 2559
29:3214 3184
29:3184 3162
12:2559 2621
6:3250 3217
12:2621 2591
1:3074 3068
18:3217 3259
26:2653 2637
13:2750 2790
13:2790 2784
4:2613 2661
12:2591 2621
23:3050 3046
30:3242 3272
7:3087 3079
3:2547 2572
13:2784 2800
8:2914 2968
14:2968 3026
24:2388 2433
25:3255 3266
17:3339 3329
21:2624 2640
27:3723 3709
single cow has dropped - - 1
16:2842 2836
29:3162 3204
28:3389 3387
24:2433 2442
2:3104 3136
22:2722 2735
12:2621 2659
23:3046 3038
19:3331 3364
19:3364 3368
29:3204 3200
20:3141 3167
28:3387 3361
26:2637 2640
27:3709 3699
1:3068 3081
4:2661 2639
6:3217 3223
12:2659 2688
17:3329 3363
10:2835 2849
12:2688 2733
30:3272 3336
3:2572 2590
28:3361 3422
23:3038 3047
26:2640 2619
21:2640 2644
22:2735 2718
2:3136 3177
28:3422 3479
6:3223 3232
8:2968 2978
27:3699 3686
1:3081 3086
23:3047 3109
22:2718 2705
14:3026 3022
3:2590 2564
13:2800 2810
20:3167 3207
6:3232 3234
27:3686 3718
18:3259 3303
16:2836 2820
6:3234 3212
7:3079 3100
21:2644 2639
18:3303 3328
25:3266 3265
9:2114 2146
5:3303 3355
16:2820 2813
25:3265 3237
17:3363 3372
26:2619 2663
7:3100 3143
6:3212 3246
27:3718 3773
same cow has improved - - 1
10:2849 2863
8:2978 3025
12:2733 2713
30:3336 3352
2:3177 3236
19:3368 3415
22:2705 2700
6:3246 3248
2:3236 3231
21:2639 2702
11:2805 2779
12:2713 2772
18:3328 3387
26:2663 2633
22:2700 2699
19:3415 3454
22:2699 2691
12:2772 2755
16:2813 2790
21:2702 2720
10:2863 2853
27:3773 3820
same cow has improved - - 1
22:2691 2660
12:2755 2810
27:3820 3809
milk production has dropped: same cow is leader - - 2
14:3022 3010
7:3143 3117
8:3025 3079
26:2633 2659
12:2810 2824
17:3372 3436
4:2639 2663
20:3207 3260
11:2779 2826
27:3809 3823
same cow has improved - - 2
7:3117 3127
2:3231 3250
4:2663 2644
16:2790 2799
27:3823 3834
same cow has improved - - 2
10:2853 2892
18:3387 3432
17:3436 3501
3:2564 2566
1:3086 3082
23:3109 3094
14:3010 3002
23:3094 3119
1:3082 3145
23:3119 3100
5:3355 3350
1:3145 3166
17:3501 3481
17:3481 3523
28:3479 3541
27:3834 3868
same cow has improved - - 2
1:3166 3206
10:2892 2917
12:2824 2881
15:2534 2580
3:2566 2630
9:2146 2183
6:3248 3222
2:3250 3304
3:2630 2679
11:2826 2819
1:3206 3239
6:3222 3255
30:3352 3389
4:2644 2629
9:2183 2205
20:3260 3248
16:2799 2822
29:3200 3260
11:2819 2880
20:3248 3258
30:3389 3416
3:2679 2676
20:3258 3239
14:3002 3048
25:3237 3293
4:2629 2695
13:2810 2865
19:3454 3461
16:2822 2803
24:2442 2487
29:3260 3293
24:2487 2515
3:2676 2657
16:2803 2864
23:3100 3113
10:2917 2914
29:3293 3355
22:2660 2651
1:3239 3260
18:3432 3471
19:3461 3523
5:3350 3417
10:2914 2901
8:3079 3144
6:3255 3242
7:3127 3104
14:3048 3108
22:2651 2671
29:3355 3356
29:3356 3372
4:2695 2712
29:3372 3350
19:3523 3513
1:3260 3242
30:3416 3463
13:2865 2903
8:3144 3124
10:2901 2920
2:3304 3348
28:3541 3550
8:3124 3168
22:2671 2684
29:3350 3363
11:2880 2853
29:3363 3424
15:2580 2573
20:3239 3214
28:3550 3578
9:2205 2172
17:3523 3498
12:2881 2904
1:3242 3258
9:2172 2146
8:3168 3187
13:2903 2946
20:3214 3221
10:2920 2941
18:3471 3448
18:3448 3495
12:2904 2878
3:2657 2697
24:2515 2578
14:3108 3109
14:3109 3140
29:3424 3448
3:2697 2686
4:2712 2762
4:2762 2768
24:2578 2637
9:2146 2119
15:2573 2625
17:3498 3482
25:3293 3264
29:3448 3499
30:3463 3465
9:2119 2114
3:2686 2663
13:2946 3001
8:3187 3173
15:2625 2675
6:3242 3228
11:2853 2839
16:2864 2903
29:3499 3508
15:2675 2682
21:2720 2762
4:2768 2749
27:3868 3898
same cow has improved - - 2
17:3482 3513
17:3513 3553
7:3104 3079
25:3264 3235
1:3258 3254
4:2749 2719
18:3495 3464
13:3001 3041
26:2659 2679
5:3417 3457
15:2682 2661
21:2762 2797
4:2719 2780
27:3898 3885
single cow has dropped - - 1
25:3235 3204
6:3228 3264
24:2637 2698
6:3264 3308
24:2698 2666
9:2114 2110
23:3113 3139
10:2941 2955
18:3464 3518
8:3173 3196
29:3508 3488
26:2679 2647
21:2797 2823
23:3139 3133
16:2903 2927
15:2661 2654
25:3204 3191
1:3254 3285
4:2780 2804
25:3191 3172
11:2839 2808
3:2663 2684
6:3308 3306
4:2804 2808
27:3885 3876
9:2110 2117
14:3140 3207
5:3457 3424
14:3207 3210
29:3488 3490
27:3876 3856
25:3172 3207
17:3553 3588
14:3210 3275
13:3041 3055
28:3578 3643
22:2684 2746
27:3856 3896
2:3348 3324
15:2654 2628
7:3079 3122
3:2684 2686
3:2686 2734
29:3490 3519
5:3424 3450
2:3324 3385
26:2647 2620
28:3643 3627
29:3519 3493
13:3055 3079
27:3896 3900
same cow has improved - - 1
23:3133 3132
18:3518 3535
24:2666 2673
25:3207 3196
10:2955 2980
19:3513 3489
13:3079 3087
25:3196 3213
19:3489 3512
13:3087 3146
18:3535 3515
21:2823 2834
23:3132 3127
11:2808 2841
25:3213 3268
6:3306 3295
9:2117 2133
29:3493 3550
29:3550 3595
26:2620 2647
3:2734 2723
16:2927 2921
23:3127 3164
16:2921 2889
23:3164 3137
4:2808 2814
2:3385 3361
25:3268 3300
9:2133 2195
17:3588 3617
20:3221 3284
17:3617 3599
1:3285 3321
10:2980 2948
15:2628 2605
3:2723 2787
3:2787 2820
27:3900 3943
same cow has improved - - 1
26:2647 2662
13:3146 3115
6:3295 3275
27:3943 3980
same cow has improved - - 1
4:2814 2840
11:2841 2883
20:3284 3341
3:2820 2877
5:3450 3494
7:3122 3125
28:3627 3612
3:2877 2885
27:3980 3957
milk production has dropped: same cow is leader - - 2
23:3137 3123
7:3125 3173
15:2605 2667
14:3275 3281
3:2885 2948
28:3612 3581
28:3581 3601
9:2195 2163
9:2163 2147
19:3512 3480
11:2883 2908
16:2889 2877
12:2878 2925
23:3123 3176
26:2662 2671
3:2948 2926
15:2667 2695
10:2948 2978
29:3595 3661
19:3480 3491
9:2147 2125
22:2746 2728
7:3173 3202
5:3494 3517
23:3176 3226
20:3341 3368
24:2673 2712
21:2834 2809
7:3202 3236
14:3281 3282
1:3321 3326
2:3361 3406
24:2712 2724
1:3326 3334
8:3196 3168
20:3368 3427
17:3599 3606
10:2978 3037
29:3661 3657
10:3037 3090
4:2840 2843
11:2908 2951
2:3406 3387
4:2843 2902
21:2809 2797
7:3236 3209
21:2797 2809
13:3115 3099
10:3090 3114
13:3099 3088
30:3465 3443
28:3601 3611
21:2809 2803
2:3387 3390
17:3606 3646
3:2926 2909
25:3300 3308
7:3209 3228
22:2728 2740
11:2951 2957
9:2125 2169
12:2925 2958
7:3228 3205
26:2671 2652
10:3114 3138
8:3168 3144
20:3427 3424
6:3275 3266
14:3282 3277
27:3957 3959
same cow has improved - - 2
12:2958 2990
18:3515 3526
25:3308 3373
4:2902 2939
9:2169 2177
25:3373 3412
22:2740 2756
16:2877 2852
21:2803 2868
1:3334 3338
24:2724 2758
28:3611 3628
11:2957 2934
8:3144 3140
3:2909 2921
10:3138 3146
2:3390 3444
20:3424 3451
5:3517 3578
27:3959 3941
single cow has dropped - - 1
18:3526 3566
21:2868 2931
5:3578 3586
10:3146 3191
9:2177 2175
7:3205 3206
26:2652 2696
11:2934 2940
13:3088 3073
25:3412 3450
11:2940 2914
19:3491 3482
22:2756 2737
18:3566 3631
6:3266 3275
29:3657 3721
2:3444 3469
18:3631 3635
24:2758 2766
12:2990 3056
28:3628 3694
28:3694 3673
2:3469 3464
24:2766 2815
11:2914 2885
9:2175 2235
23:3226 3243
24:2815 2802
8:3140 3119
19:3482 3540
18:3635 3632
3:2921 2896
25:3450 3448
13:3073 3136
30:3443 3444
5:3586 3576
15:2695 2740
22:2737 2738
7:3206 3238
24:2802 2784
20:3451 3460
20:3460 3430
6:3275 3290
21:2931 2957
11:2885 2854
9:2235 2226
17:3646 3708
14:3277 3331
6:3290 3299
7:3238 3277
24:2784 2806
1:3338 3328
25:3448 3447
10:3191 3256
27:3941 3982
same cow has improved - - 1
26:2696 2671
21:2957 2946
15:2740 2802
11:2854 2835
16:2852 2868
25:3447 3483
28:3673 3732
17:3708 3687
17:3687 3739
25:3483 3537
25:3537 3548
28:3732 3727
3:2896 2957
25:3548 3558
5:3576 3558
15:2802 2786
19:3540 3597
11:2835 2883
10:3256 3323
13:3136 3135
23:3243 3302
16:2868 2918
1:3328 3341
8:3119 3170
30:3444 3504
12:3056 3065
27:3982 3987
same cow has improved - - 1
13:3135 3180
20:3430 3436
6:3299 3331
7:3277 3304
2:3464 3508
30:3504 3520
17:3739 3761
7:3304 3292
27:3987 4018
same cow has improved - - 1
14:3331 3312
5:3558 3597
17:3761 3739
2:3508 3500
21:2946 2938
6:3331 3373
7:3292 3356
10:3323 3337
2:3500 3506
30:3520 3585
5:3597 3587
1:3341 3376
24:2806 2860
8:3170 3174
25:3558 3577
8:3174 3175
22:2738 2723
4:2939 2951
18:3632 3605
26:2671 2726
21:2938 2971
19:3597 3650
7:3356 3339
28:3727 3783
24:2860 2878
22:2723 2764
20:3436 3429
13:3180 3222
7:3339 3317
24:2878 2937
30:3585 3560
3:2957 3015
4:2951 2989
19:3650 3709
30:3560 3561
12:3065 3096
29:3721 3688
28:3783 3756
25:3577 3609
5:3587 3641
13:3222 3239
22:2764 2787
1:3376 3413
13:3239 3303
30:3561 3613
21:2971 3032
9:2226 2291
15:2786 2782
14:3312 3285
25:3609 3597
15:2782 2773
12:3096 3161
11:2883 2870
15:2773 2770
12:3161 3219
9:2291 2287
1:3413 3407
27:4018 4055
same cow has improved - - 1
11:2870 2866
18:3605 3633
14:3285 3336
7:3317 3291
24:2937 2914
21:3032 3072
10:3337 3384
24:2914 2890
7:3291 3281
26:2726 2783
16:2918 2893
11:2866 2836
10:3384 3446
2:3506 3492
17:3739 3757
22:2787 2771
29:3688 3731
20:3429 3432
10:3446 3459
12:3219 3252
22:2771 2758
21:3072 3052
2:3492 3530
16:2893 2864
22:2758 2766
22:2766 2754
23:3302 3329
21:3052 3023
25:3597 3592
16:2864 2931
29:3731 3784
21:3023 2991
1:3407 3401
1:3401 3457
13:3303 3361
23:3329 3351
23:3351 3329
13:3361 3412
24:2890 2927
29:3784 3761
15:2770 2821
16:2931 2902
28:3756 3794
26:2783 2757
30:3613 3659
30:3659 3684
6:3373 3405
16:2902 2872
21:2991 3025
28:3794 3822
9:2287 2308
15:2821 2878
8:3175 3142
28:3822 3794
17:3757 3740
14:3336 3337
21:3025 3019
2:3530 3516
26:2757 2808
24:2927 2917
9:2308 2276
5:3641 3706
26:2808 2838
21:3019 3039
10:3459 3503
20:3432 3423
4:2989 2963
20:3423 3427
16:2872 2918
4:2963 2945
23:3329 3370
28:3794 3793
1:3457 3453
11:2836 2877
4:2945 2951
16:2918 2917
27:4055 4059
same cow has improved - - 1
1:3453 3512
29:3761 3774
15:2878 2899
9:2276 2277
29:3774 3751
15:2899 2922
2:3516 3540
13:3412 3446
18:3633 3618
21:3039 3090
25:3592 3595
19:3709 3680
7:3281 3340
30:3684 3674
8:3142 3196
19:3680 3716
7:3340 3331
11:2877 2930
27:4059 4056
milk production has dropped: same cow is leader - - 2
9:2277 2256
5:3706 3720
14:3337 3319
5:3720 3768
24:2917 2936
10:3503 3522
20:3427 3493
23:3370 3420
30:3674 3664
10:3522 3583
30:3664 3729
25:3595 3631
23:3420 3432
23:3432 3426
16:2917 2913
13:3446 3415
23:3426 3479
2:3540 3591
23:3479 3456
14:3319 3315
23:3456 3469
30:3729 3706
10:3583 3594
27:4056 4052
single cow has dropped - - 1
21:3090 3094
13:3415 3450
27:4052 4055
23:3469 3470
26:2838 2852
6:3405 3380
17:3740 3707
1:3512 3485
4:2951 3010
30:3706 3760
14:3315 3291
23:3470 3513
27:4055 4066
same cow has improved - - 1
26:2852 2865
5:3768 3822
24:2936 2985
28:3793 3764
1:3485 3517
15:2922 2956
9:2256 2271
6:3380 3440
7:3331 3298
24:2985 3024
9:2271 2303
19:3716 3721
15:2956 3005
29:3751 3789
25:3631 3659
14:3291 3284
15:3005 3070
21:3094 3114
14:3284 3301
29:3789 3808
16:2913 2881
15:3070 3104
27:4066 4054
milk production has dropped: same cow is leader - - 2
24:3024 3031
15:3104 3165
9:2303 2311
15:3165 3219
10:3594 3621
8:3196 3202
27:4054 4021
single cow has dropped - - 1
24:3031 3008
7:3298 3344
14:3301 3290
4:3010 3020
22:2754 2813
20:3493 3481
4:3020 3082
21:3114 3096
8:3202 3230
22:2813 2859
29:3808 3855
21:3096 3072
17:3707 3773
11:2930 2907
17:3773 3818
28:3764 3785
6:3440 3460
26:2865 2909
3:3015 3034
7:3344 3384
6:3460 3480
25:3659 3664
1:3517 3515
16:2881 2863
12:3252 3278
3:3034 3101
28:3785 3824
28:3824 3829
2:3591 3605
23:3513 3554
10:3621 3591
9:2311 2284
5:3822 3815
13:3450 3430
5:3815 3839
10:3591 3567
14:3290 3350
10:3567 3592
25:3664 3721
24:3008 3058
25:3721 3691
5:3839 3900
25:3691 3743
5:3900 3886
6:3480 3486
10:3592 3657
12:3278 3257
23:3554 3611
10:3657 3723
4:3082 3075
28:3829 3831
25:3743 3809
22:2859 2878
2:3605 3595
9:2284 2330
14:3350 3382
16:2863 2904
26:2909 2955
23:3611 3594
23:3594 3582
3:3101 3125
12:3257 3314
16:2904 2903
17:3818 3826
12:3314 3367
18:3618 3671
28:3831 3871
26:2955 2927
23:3582 3599
12:3367 3359
21:3072 3062
9:2330 2354
11:2907 2931
7:3384 3442
28:3871 3937
13:3430 3404
9:2354 2334
28:3937 3999
28:3999 4039
25:3809 3818
13:3404 3451
3:3125 3152
19:3721 3699
3:3152 3147
29:3855 3857
11:2931 2984
10:3723 3768
22:2878 2926
15:3219 3205
10:3768 3741
19:3699 3764
8:3230 3214
14:3382 3431
11:2984 3030
27:4021 4065
same cow has improved - - 1
1:3515 3540
1:3540 3532
6:3486 3518
22:2926 2974
18:3671 3688
1:3532 3591
19:3764 3780
5:3886 3880
12:3359 3415
3:3147 3166
1:3591 3608
19:3780 3844
18:3688 3667
25:3818 3852
19:3844 3861
15:3205 3198
2:3595 3639
13:3451 3518
13:3518 3527
30:3760 3800
18:3667 3677
15:3198 3215
22:2974 2975
13:3527 3517
21:3062 3043
15:3215 3269
5:3880 3879
6:3518 3530
5:3879 3901
20:3481 3470
15:3269 3327
5:3901 3877
29:3857 3830
21:3043 3017
21:3017 3066
1:3608 3659
20:3470 3461
17:3826 3835
3:3166 3155
16:2903 2906
16:2906 2901
4:3075 3056
20:3461 3471
18:3677 3739
28:4039 4061
30:3800 3836
5:3877 3931
12:3415 3390
15:3327 3387
6:3530 3511
20:3471 3479
26:2927 2941
22:2975 3007
20:3479 3537
28:4061 4037
29:3830 3841
11:3030 3071
7:3442 3485
15:3387 3371
8:3214 3211
