horizontal fences:
k=0,v=[(0,0),(10,0)];
k=5,v=[(1,5),(10,5)];[(10,5),(12,5)];
k=7,v=[(0,7),(12,7)];
vertical fences:
k=0,v=[(0,0),(0,7)];
k=10,v=[(10,0),(10,5)];
k=12,v=[(12,5),(12,7)];
Cow Position:(3,4),(6,6),(17,3),

Bounding box: -1 18 -1 8
0,1,3,6,10,12,17,
0,3,4,5,6,7,
Start from new Cow: (3,4)
Node Size:1,withcounter:0,inserting:(1,4) inserting:(3,3) inserting:(6,4) 
Node Size:3,withcounter:1,inserting:(6,3) 
Node Size:3,withcounter:1,inserting:(3,3) 
Node Size:3,withcounter:1,inserting:(1,3) 
Node Size:3,withcounter:1,inserting:(1,4) 
Node Size:3,withcounter:1,inserting:(1,5) 
Node Size:3,withcounter:1,inserting:(1,6) 
Node Size:3,withcounter:1,inserting:(3,6) 
Node Size:3,withcounter:1,inserting:(6,6) 
Node Size:3,withcounter:1,inserting:(10,6) 
Node Size:3,withcounter:2,
Node Size:2,withcounter:2,
Node Size:1,withcounter:2,
Stop the new Cow: (3,4) max = 2
Start from new Cow: (17,3)
Node Size:1,withcounter:0,
Stop the new Cow: (17,3) max = 2
