horizontal fences:
k=1,v=[(12,1),(17,1)];[(17,1),(18,1)];
k=10,v=[(12,10),(17,10)];[(17,10),(18,10)];
k=18,v=[(12,18),(17,18)];[(17,18),(18,18)];
vertical fences:
k=12,v=[(12,1),(12,10)];[(12,10),(12,18)];
k=17,v=[(17,1),(17,10)];[(17,10),(17,18)];
k=18,v=[(18,1),(18,10)];[(18,10),(18,18)];
Cow Position:(10,2),(8,11),(14,6),(4,17),(2,20),(16,6),(3,20),(5,18),(10,16),(20,8),(14,16),(14,19),(20,13),(20,14),

Bounding box: 1 21 0 21
2,3,4,5,8,10,12,14,16,17,18,20,
1,2,6,8,10,11,13,14,16,17,18,19,20,
Start from new Cow: (10,2)
Node Size:1,withcounter:0,inserting:(8,2) inserting:(10,1) inserting:(10,6) 
Node Size:3,withcounter:1,inserting:(8,6) inserting:(10,8) 
Node Size:4,withcounter:1,inserting:(8,8) inserting:(10,10) 
Node Size:5,withcounter:1,inserting:(8,10) inserting:(10,11) 
Node Size:6,withcounter:1,inserting:(8,11) inserting:(10,13) 
Node Size:7,withcounter:1,inserting:(8,13) inserting:(10,14) 
Node Size:8,withcounter:1,inserting:(8,14) inserting:(10,16) 
Node Size:9,withcounter:1,inserting:(8,16) inserting:(10,17) 
Node Size:10,withcounter:2,inserting:(8,17) inserting:(10,18) 
Node Size:11,withcounter:2,inserting:(8,18) inserting:(10,19) 
Node Size:12,withcounter:2,inserting:(8,19) inserting:(10,20) inserting:(12,19) 
Node Size:14,withcounter:2,inserting:(12,20) inserting:(14,19) 
Node Size:15,withcounter:2,inserting:(14,20) inserting:(16,19) 
Node Size:16,withcounter:3,inserting:(16,20) inserting:(17,19) 
Node Size:17,withcounter:3,inserting:(17,20) inserting:(18,19) 
Node Size:18,withcounter:3,inserting:(18,20) inserting:(20,19) 
Node Size:19,withcounter:3,inserting:(20,18) inserting:(20,20) 
Node Size:20,withcounter:3,inserting:(18,20) 
Node Size:20,withcounter:3,inserting:(17,20) 
Node Size:20,withcounter:3,inserting:(16,20) 
Node Size:20,withcounter:3,inserting:(14,20) 
Node Size:20,withcounter:3,inserting:(12,20) 
Node Size:20,withcounter:3,inserting:(10,20) 
Node Size:20,withcounter:3,inserting:(8,20) 
Node Size:20,withcounter:3,inserting:(5,20) inserting:(8,19) 
Node Size:21,withcounter:3,inserting:(5,19) inserting:(8,18) 
Node Size:22,withcounter:3,inserting:(5,18) inserting:(8,17) 
Node Size:23,withcounter:3,inserting:(5,17) inserting:(8,16) 
Node Size:24,withcounter:3,inserting:(5,16) inserting:(8,14) 
Node Size:25,withcounter:3,inserting:(5,14) inserting:(8,13) 
Node Size:26,withcounter:3,inserting:(5,13) inserting:(8,11) 
Node Size:27,withcounter:3,inserting:(5,11) inserting:(8,10) 
Node Size:28,withcounter:4,inserting:(5,10) inserting:(8,8) 
Node Size:29,withcounter:4,inserting:(5,8) inserting:(8,6) 
Node Size:30,withcounter:4,inserting:(8,2) inserting:(5,6) 
Node Size:31,withcounter:4,inserting:(5,2) inserting:(4,6) inserting:(5,8) 
Node Size:33,withcounter:4,inserting:(4,8) inserting:(5,10) 
Node Size:34,withcounter:4,inserting:(4,10) inserting:(5,11) 
Node Size:35,withcounter:4,inserting:(4,11) inserting:(5,13) 
Node Size:36,withcounter:4,inserting:(4,13) inserting:(5,14) 
Node Size:37,withcounter:4,inserting:(4,14) inserting:(5,16) 
Node Size:38,withcounter:4,inserting:(4,16) inserting:(5,17) 
Node Size:39,withcounter:4,inserting:(4,17) inserting:(5,18) 
Node Size:40,withcounter:4,inserting:(4,18) inserting:(5,19) 
Node Size:41,withcounter:5,inserting:(4,19) inserting:(5,20) 
Node Size:42,withcounter:5,inserting:(4,20) 
Node Size:42,withcounter:5,inserting:(3,20) inserting:(4,19) 
Node Size:43,withcounter:5,inserting:(3,19) inserting:(4,18) 
Node Size:44,withcounter:5,inserting:(3,18) inserting:(4,17) 
Node Size:45,withcounter:5,inserting:(3,17) inserting:(4,16) 
Node Size:46,withcounter:6,inserting:(4,14) inserting:(3,16) 
Node Size:47,withcounter:6,inserting:(3,14) inserting:(2,16) inserting:(3,17) 
Node Size:49,withcounter:6,inserting:(2,17) inserting:(3,18) 
Node Size:50,withcounter:6,inserting:(2,18) inserting:(3,19) 
Node Size:51,withcounter:6,inserting:(2,19) inserting:(3,20) 
Node Size:52,withcounter:6,inserting:(2,20) 
Node Size:52,withcounter:7,inserting:(2,19) 
Node Size:52,withcounter:8,inserting:(2,18) 
Node Size:52,withcounter:8,inserting:(2,17) 
Node Size:52,withcounter:8,inserting:(2,16) 
Node Size:52,withcounter:8,inserting:(2,14) 
Node Size:52,withcounter:8,inserting:(2,13) inserting:(3,14) 
Node Size:53,withcounter:8,inserting:(3,13) inserting:(4,14) 
Node Size:54,withcounter:8,inserting:(4,13) 
Node Size:54,withcounter:8,inserting:(4,11) inserting:(3,13) 
Node Size:55,withcounter:8,inserting:(3,11) inserting:(2,13) 
Node Size:56,withcounter:8,inserting:(2,11) 
Node Size:56,withcounter:8,inserting:(2,10) inserting:(3,11) 
Node Size:57,withcounter:8,inserting:(3,10) inserting:(4,11) 
Node Size:58,withcounter:8,inserting:(4,10) 
Node Size:58,withcounter:8,inserting:(4,8) inserting:(3,10) 
Node Size:59,withcounter:8,inserting:(3,8) inserting:(2,10) 
Node Size:60,withcounter:8,inserting:(2,8) 
Node Size:60,withcounter:8,inserting:(2,6) inserting:(3,8) 
Node Size:61,withcounter:8,inserting:(3,6) inserting:(4,8) 
Node Size:62,withcounter:8,inserting:(4,6) 
Node Size:62,withcounter:8,inserting:(4,2) inserting:(3,6) 
Node Size:63,withcounter:8,inserting:(3,2) inserting:(2,6) 
Node Size:64,withcounter:8,inserting:(2,2) 
Node Size:64,withcounter:8,inserting:(2,1) inserting:(3,2) 
Node Size:65,withcounter:8,inserting:(3,1) inserting:(4,2) 
Node Size:66,withcounter:8,inserting:(4,1) inserting:(5,2) 
Node Size:67,withcounter:8,inserting:(5,1) inserting:(8,2) 
Node Size:68,withcounter:8,inserting:(8,1) 
Node Size:68,withcounter:8,inserting:(5,1) inserting:(10,1) 
Node Size:69,withcounter:8,
Node Size:68,withcounter:8,inserting:(4,1) 
Node Size:68,withcounter:8,inserting:(3,1) 
Node Size:68,withcounter:8,inserting:(2,1) 
Node Size:68,withcounter:8,
Node Size:67,withcounter:8,
Node Size:66,withcounter:8,
Node Size:65,withcounter:8,
Node Size:64,withcounter:8,
Node Size:63,withcounter:8,
Node Size:62,withcounter:8,
Node Size:61,withcounter:8,
Node Size:60,withcounter:8,
Node Size:59,withcounter:8,
Node Size:58,withcounter:8,
Node Size:57,withcounter:8,
Node Size:56,withcounter:8,
Node Size:55,withcounter:8,
Node Size:54,withcounter:8,
Node Size:53,withcounter:8,
Node Size:52,withcounter:8,
Node Size:51,withcounter:8,
Node Size:50,withcounter:8,
Node Size:49,withcounter:8,
Node Size:48,withcounter:8,
Node Size:47,withcounter:8,
Node Size:46,withcounter:8,
Node Size:45,withcounter:8,
Node Size:44,withcounter:8,
Node Size:43,withcounter:8,
Node Size:42,withcounter:8,
Node Size:41,withcounter:9,
Node Size:40,withcounter:9,
Node Size:39,withcounter:9,
Node Size:38,withcounter:10,
Node Size:37,withcounter:10,
Node Size:36,withcounter:10,
Node Size:35,withcounter:10,
Node Size:34,withcounter:10,
Node Size:33,withcounter:10,
Node Size:32,withcounter:10,
Node Size:31,withcounter:10,
Node Size:30,withcounter:10,
Node Size:29,withcounter:10,
Node Size:28,withcounter:10,
Node Size:27,withcounter:10,
Node Size:26,withcounter:10,
Node Size:25,withcounter:10,
Node Size:24,withcounter:10,
Node Size:23,withcounter:10,
Node Size:22,withcounter:10,
Node Size:21,withcounter:11,
Node Size:20,withcounter:11,
Node Size:19,withcounter:11,inserting:(20,17) 
Node Size:19,withcounter:11,inserting:(20,16) 
Node Size:19,withcounter:11,inserting:(20,14) 
Node Size:19,withcounter:11,inserting:(20,13) 
Node Size:19,withcounter:12,inserting:(20,11) 
Node Size:19,withcounter:13,inserting:(20,10) 
Node Size:19,withcounter:13,inserting:(20,8) 
Node Size:19,withcounter:13,inserting:(20,6) 
Node Size:19,withcounter:14,inserting:(20,2) 
Node Size:19,withcounter:14,inserting:(20,1) 
Node Size:19,withcounter:14,
Node Size:18,withcounter:14,
Node Size:17,withcounter:14,
Node Size:16,withcounter:14,
Node Size:15,withcounter:14,
Node Size:14,withcounter:14,
Node Size:13,withcounter:14,
Node Size:12,withcounter:14,
Node Size:11,withcounter:14,
Node Size:10,withcounter:14,
Node Size:9,withcounter:14,
Node Size:8,withcounter:14,
Node Size:7,withcounter:14,
Node Size:6,withcounter:14,
Node Size:5,withcounter:15,
Node Size:4,withcounter:15,
Node Size:3,withcounter:15,
Node Size:2,withcounter:15,
Node Size:1,withcounter:15,
Stop the new Cow: (10,2) max = 15
Start from new Cow: (14,6)
Node Size:1,withcounter:0,
Stop the new Cow: (14,6) max = 15
Start from new Cow: (16,6)
Node Size:1,withcounter:0,
Stop the new Cow: (16,6) max = 15
Start from new Cow: (14,16)
Node Size:1,withcounter:0,
Stop the new Cow: (14,16) max = 15
