...entering fill:(3,4) counter=0
I have seen

The cow:(3,4)
entering is border with(3,5):hit fence
entering is border with(3,3):no hit
...(3,4)...entering fill:(3,3) counter=1
I have seen
(3,4) 
entering is border with(3,4):no hit
...(3,4)...(3,3)...entering fill:(3,4) counter=1
I have seen
(3,3) (3,4) 
seen this before (3,4)
...(3,4)...(3,3)...exiting fill:(3,4) counter=1
entering is border with(3,2):no hit
...(3,4)...(3,3)...entering fill:(3,2) counter=1
I have seen
(3,3) (3,4) 
entering is border with(3,3):no hit
...(3,4)...(3,3)...(3,2)...entering fill:(3,3) counter=1
I have seen
(3,2) (3,3) (3,4) 
seen this before (3,3)
...(3,4)...(3,3)...(3,2)...exiting fill:(3,3) counter=1
entering is border with(3,1):no hit
...(3,4)...(3,3)...(3,2)...entering fill:(3,1) counter=1
I have seen
(3,2) (3,3) (3,4) 
entering is border with(3,2):no hit
...(3,4)...(3,3)...(3,2)...(3,1)...entering fill:(3,2) counter=1
I have seen
(3,1) (3,2) (3,3) (3,4) 
seen this before (3,2)
...(3,4)...(3,3)...(3,2)...(3,1)...exiting fill:(3,2) counter=1
entering is border with(3,0):hit virtual boundary
entering is border with(2,1):no hit
...(3,4)...(3,3)...(3,2)...(3,1)...entering fill:(2,1) counter=1
I have seen
(3,1) (3,2) (3,3) (3,4) 
entering is border with(2,2):no hit
...(3,4)...(3,3)...(3,2)...(3,1)...(2,1)...entering fill:(2,2) counter=1
I have seen
(2,1) (3,1) (3,2) (3,3) (3,4) 
entering is border with(2,3):no hit
...(3,4)...(3,3)...(3,2)...(3,1)...(2,1)...(2,2)...entering fill:(2,3) counter=1
I have seen
(2,1) (2,2) (3,1) (3,2) (3,3) (3,4) 
entering is border with(2,4):no hit
...(3,4)...(3,3)...(3,2)...(3,1)...(2,1)...(2,2)...(2,3)...entering fill:(2,4) counter=1
I have seen
(2,1) (2,2) (3,1) (2,3) (3,2) (3,3) (3,4) 
entering is border with(2,5):hit fence
entering is border with(2,3):no hit
...(3,4)...(3,3)...(3,2)...(3,1)...(2,1)...(2,2)...(2,3)...(2,4)...entering fill:(2,3) counter=1
I have seen
(2,1) (2,2) (3,1) (2,3) (3,2) (2,4) (3,3) (3,4) 
seen this before (2,3)
...(3,4)...(3,3)...(3,2)...(3,1)...(2,1)...(2,2)...(2,3)...(2,4)...exiting fill:(2,3) counter=1
entering is border with(1,4):no hit
...(3,4)...(3,3)...(3,2)...(3,1)...(2,1)...(2,2)...(2,3)...(2,4)...entering fill:(1,4) counter=1
I have seen
(2,1) (2,2) (3,1) (2,3) (3,2) (2,4) (3,3) (3,4) 
entering is border with(1,5):hit fence
entering is border with(1,3):no hit
...(3,4)...(3,3)...(3,2)...(3,1)...(2,1)...(2,2)...(2,3)...(2,4)...(1,4)...entering fill:(1,3) counter=1
I have seen
(2,1) (2,2) (3,1) (1,4) (2,3) (3,2) (2,4) (3,3) (3,4) 
entering is border with(1,4):no hit
...(3,4)...(3,3)...(3,2)...(3,1)...(2,1)...(2,2)...(2,3)...(2,4)...(1,4)...(1,3)...entering fill:(1,4) counter=1
I have seen
(2,1) (1,3) (2,2) (3,1) (1,4) (2,3) (3,2) (2,4) (3,3) (3,4) 
seen this before (1,4)
...(3,4)...(3,3)...(3,2)...(3,1)...(2,1)...(2,2)...(2,3)...(2,4)...(1,4)...(1,3)...exiting fill:(1,4) counter=1
entering is border with(1,2):no hit
...(3,4)...(3,3)...(3,2)...(3,1)...(2,1)...(2,2)...(2,3)...(2,4)...(1,4)...(1,3)...entering fill:(1,2) counter=1
I have seen
(2,1) (1,3) (2,2) (3,1) (1,4) (2,3) (3,2) (2,4) (3,3) (3,4) 
entering is border with(1,3):no hit
...(3,4)...(3,3)...(3,2)...(3,1)...(2,1)...(2,2)...(2,3)...(2,4)...(1,4)...(1,3)...(1,2)...entering fill:(1,3) counter=1
I have seen
(1,2) (2,1) (1,3) (2,2) (3,1) (1,4) (2,3) (3,2) (2,4) (3,3) (3,4) 
seen this before (1,3)
...(3,4)...(3,3)...(3,2)...(3,1)...(2,1)...(2,2)...(2,3)...(2,4)...(1,4)...(1,3)...(1,2)...exiting fill:(1,3) counter=1
entering is border with(1,1):no hit
...(3,4)...(3,3)...(3,2)...(3,1)...(2,1)...(2,2)...(2,3)...(2,4)...(1,4)...(1,3)...(1,2)...entering fill:(1,1) counter=1
I have seen
(1,2) (2,1) (1,3) (2,2) (3,1) (1,4) (2,3) (3,2) (2,4) (3,3) (3,4) 
entering is border with(1,2):no hit
...(3,4)...(3,3)...(3,2)...(3,1)...(2,1)...(2,2)...(2,3)...(2,4)...(1,4)...(1,3)...(1,2)...(1,1)...entering fill:(1,2) counter=1
I have seen
(1,1) (1,2) (2,1) (1,3) (2,2) (3,1) (1,4) (2,3) (3,2) (2,4) (3,3) (3,4) 
seen this before (1,2)
...(3,4)...(3,3)...(3,2)...(3,1)...(2,1)...(2,2)...(2,3)...(2,4)...(1,4)...(1,3)...(1,2)...(1,1)...exiting fill:(1,2) counter=1
entering is border with(1,0):hit virtual boundary
entering is border with(0,1):hit virtual boundary
entering is border with(2,1):no hit
...(3,4)...(3,3)...(3,2)...(3,1)...(2,1)...(2,2)...(2,3)...(2,4)...(1,4)...(1,3)...(1,2)...(1,1)...entering fill:(2,1) counter=1
I have seen
(1,1) (1,2) (2,1) (1,3) (2,2) (3,1) (1,4) (2,3) (3,2) (2,4) (3,3) (3,4) 
seen this before (2,1)
...(3,4)...(3,3)...(3,2)...(3,1)...(2,1)...(2,2)...(2,3)...(2,4)...(1,4)...(1,3)...(1,2)...(1,1)...exiting fill:(2,1) counter=1
...(3,4)...(3,3)...(3,2)...(3,1)...(2,1)...(2,2)...(2,3)...(2,4)...(1,4)...(1,3)...(1,2)...exiting fill:(1,1) counter=1
entering is border with(0,2):hit virtual boundary
entering is border with(2,2):no hit
...(3,4)...(3,3)...(3,2)...(3,1)...(2,1)...(2,2)...(2,3)...(2,4)...(1,4)...(1,3)...(1,2)...entering fill:(2,2) counter=1
I have seen
(1,1) (1,2) (2,1) (1,3) (2,2) (3,1) (1,4) (2,3) (3,2) (2,4) (3,3) (3,4) 
seen this before (2,2)
...(3,4)...(3,3)...(3,2)...(3,1)...(2,1)...(2,2)...(2,3)...(2,4)...(1,4)...(1,3)...(1,2)...exiting fill:(2,2) counter=1
...(3,4)...(3,3)...(3,2)...(3,1)...(2,1)...(2,2)...(2,3)...(2,4)...(1,4)...(1,3)...exiting fill:(1,2) counter=1
entering is border with(0,3):hit virtual boundary
entering is border with(2,3):no hit
...(3,4)...(3,3)...(3,2)...(3,1)...(2,1)...(2,2)...(2,3)...(2,4)...(1,4)...(1,3)...entering fill:(2,3) counter=1
I have seen
(1,1) (1,2) (2,1) (1,3) (2,2) (3,1) (1,4) (2,3) (3,2) (2,4) (3,3) (3,4) 
seen this before (2,3)
...(3,4)...(3,3)...(3,2)...(3,1)...(2,1)...(2,2)...(2,3)...(2,4)...(1,4)...(1,3)...exiting fill:(2,3) counter=1
...(3,4)...(3,3)...(3,2)...(3,1)...(2,1)...(2,2)...(2,3)...(2,4)...(1,4)...exiting fill:(1,3) counter=1
entering is border with(0,4):hit virtual boundary
entering is border with(2,4):no hit
...(3,4)...(3,3)...(3,2)...(3,1)...(2,1)...(2,2)...(2,3)...(2,4)...(1,4)...entering fill:(2,4) counter=1
I have seen
(1,1) (1,2) (2,1) (1,3) (2,2) (3,1) (1,4) (2,3) (3,2) (2,4) (3,3) (3,4) 
seen this before (2,4)
...(3,4)...(3,3)...(3,2)...(3,1)...(2,1)...(2,2)...(2,3)...(2,4)...(1,4)...exiting fill:(2,4) counter=1
...(3,4)...(3,3)...(3,2)...(3,1)...(2,1)...(2,2)...(2,3)...(2,4)...exiting fill:(1,4) counter=1
entering is border with(3,4):no hit
...(3,4)...(3,3)...(3,2)...(3,1)...(2,1)...(2,2)...(2,3)...(2,4)...entering fill:(3,4) counter=1
I have seen
(1,1) (1,2) (2,1) (1,3) (2,2) (3,1) (1,4) (2,3) (3,2) (2,4) (3,3) (3,4) 
seen this before (3,4)
...(3,4)...(3,3)...(3,2)...(3,1)...(2,1)...(2,2)...(2,3)...(2,4)...exiting fill:(3,4) counter=1
...(3,4)...(3,3)...(3,2)...(3,1)...(2,1)...(2,2)...(2,3)...exiting fill:(2,4) counter=1
entering is border with(2,2):no hit
...(3,4)...(3,3)...(3,2)...(3,1)...(2,1)...(2,2)...(2,3)...entering fill:(2,2) counter=1
I have seen
(1,1) (1,2) (2,1) (1,3) (2,2) (3,1) (1,4) (2,3) (3,2) (2,4) (3,3) (3,4) 
seen this before (2,2)
...(3,4)...(3,3)...(3,2)...(3,1)...(2,1)...(2,2)...(2,3)...exiting fill:(2,2) counter=1
entering is border with(1,3):no hit
...(3,4)...(3,3)...(3,2)...(3,1)...(2,1)...(2,2)...(2,3)...entering fill:(1,3) counter=1
I have seen
(1,1) (1,2) (2,1) (1,3) (2,2) (3,1) (1,4) (2,3) (3,2) (2,4) (3,3) (3,4) 
seen this before (1,3)
...(3,4)...(3,3)...(3,2)...(3,1)...(2,1)...(2,2)...(2,3)...exiting fill:(1,3) counter=1
entering is border with(3,3):no hit
...(3,4)...(3,3)...(3,2)...(3,1)...(2,1)...(2,2)...(2,3)...entering fill:(3,3) counter=1
I have seen
(1,1) (1,2) (2,1) (1,3) (2,2) (3,1) (1,4) (2,3) (3,2) (2,4) (3,3) (3,4) 
seen this before (3,3)
...(3,4)...(3,3)...(3,2)...(3,1)...(2,1)...(2,2)...(2,3)...exiting fill:(3,3) counter=1
...(3,4)...(3,3)...(3,2)...(3,1)...(2,1)...(2,2)...exiting fill:(2,3) counter=1
entering is border with(2,1):no hit
...(3,4)...(3,3)...(3,2)...(3,1)...(2,1)...(2,2)...entering fill:(2,1) counter=1
I have seen
(1,1) (1,2) (2,1) (1,3) (2,2) (3,1) (1,4) (2,3) (3,2) (2,4) (3,3) (3,4) 
seen this before (2,1)
...(3,4)...(3,3)...(3,2)...(3,1)...(2,1)...(2,2)...exiting fill:(2,1) counter=1
entering is border with(1,2):no hit
...(3,4)...(3,3)...(3,2)...(3,1)...(2,1)...(2,2)...entering fill:(1,2) counter=1
I have seen
(1,1) (1,2) (2,1) (1,3) (2,2) (3,1) (1,4) (2,3) (3,2) (2,4) (3,3) (3,4) 
seen this before (1,2)
...(3,4)...(3,3)...(3,2)...(3,1)...(2,1)...(2,2)...exiting fill:(1,2) counter=1
entering is border with(3,2):no hit
...(3,4)...(3,3)...(3,2)...(3,1)...(2,1)...(2,2)...entering fill:(3,2) counter=1
I have seen
(1,1) (1,2) (2,1) (1,3) (2,2) (3,1) (1,4) (2,3) (3,2) (2,4) (3,3) (3,4) 
seen this before (3,2)
...(3,4)...(3,3)...(3,2)...(3,1)...(2,1)...(2,2)...exiting fill:(3,2) counter=1
...(3,4)...(3,3)...(3,2)...(3,1)...(2,1)...exiting fill:(2,2) counter=1
entering is border with(2,0):hit virtual boundary
entering is border with(1,1):no hit
...(3,4)...(3,3)...(3,2)...(3,1)...(2,1)...entering fill:(1,1) counter=1
I have seen
(1,1) (1,2) (2,1) (1,3) (2,2) (3,1) (1,4) (2,3) (3,2) (2,4) (3,3) (3,4) 
seen this before (1,1)
...(3,4)...(3,3)...(3,2)...(3,1)...(2,1)...exiting fill:(1,1) counter=1
entering is border with(3,1):no hit
...(3,4)...(3,3)...(3,2)...(3,1)...(2,1)...entering fill:(3,1) counter=1
I have seen
(1,1) (1,2) (2,1) (1,3) (2,2) (3,1) (1,4) (2,3) (3,2) (2,4) (3,3) (3,4) 
seen this before (3,1)
...(3,4)...(3,3)...(3,2)...(3,1)...(2,1)...exiting fill:(3,1) counter=1
...(3,4)...(3,3)...(3,2)...(3,1)...exiting fill:(2,1) counter=1
entering is border with(4,1):no hit
...(3,4)...(3,3)...(3,2)...(3,1)...entering fill:(4,1) counter=1
I have seen
(1,1) (1,2) (2,1) (1,3) (2,2) (3,1) (1,4) (2,3) (3,2) (2,4) (3,3) (3,4) 
entering is border with(4,2):no hit
...(3,4)...(3,3)...(3,2)...(3,1)...(4,1)...entering fill:(4,2) counter=1
I have seen
(1,1) (1,2) (2,1) (1,3) (2,2) (3,1) (1,4) (2,3) (3,2) (4,1) (2,4) (3,3) (3,4) 
entering is border with(4,3):no hit
...(3,4)...(3,3)...(3,2)...(3,1)...(4,1)...(4,2)...entering fill:(4,3) counter=1
I have seen
(1,1) (1,2) (2,1) (1,3) (2,2) (3,1) (1,4) (2,3) (3,2) (4,1) (2,4) (3,3) (4,2) (3,4) 
entering is border with(4,4):no hit
...(3,4)...(3,3)...(3,2)...(3,1)...(4,1)...(4,2)...(4,3)...entering fill:(4,4) counter=1
I have seen
(1,1) (1,2) (2,1) (1,3) (2,2) (3,1) (1,4) (2,3) (3,2) (4,1) (2,4) (3,3) (4,2) (3,4) (4,3) 
entering is border with(4,5):hit fence
entering is border with(4,3):no hit
...(3,4)...(3,3)...(3,2)...(3,1)...(4,1)...(4,2)...(4,3)...(4,4)...entering fill:(4,3) counter=1
I have seen
(1,1) (1,2) (2,1) (1,3) (2,2) (3,1) (1,4) (2,3) (3,2) (4,1) (2,4) (3,3) (4,2) (3,4) (4,3) (4,4) 
seen this before (4,3)
...(3,4)...(3,3)...(3,2)...(3,1)...(4,1)...(4,2)...(4,3)...(4,4)...exiting fill:(4,3) counter=1
entering is border with(3,4):no hit
...(3,4)...(3,3)...(3,2)...(3,1)...(4,1)...(4,2)...(4,3)...(4,4)...entering fill:(3,4) counter=1
I have seen
(1,1) (1,2) (2,1) (1,3) (2,2) (3,1) (1,4) (2,3) (3,2) (4,1) (2,4) (3,3) (4,2) (3,4) (4,3) (4,4) 
seen this before (3,4)
...(3,4)...(3,3)...(3,2)...(3,1)...(4,1)...(4,2)...(4,3)...(4,4)...exiting fill:(3,4) counter=1
entering is border with(5,4):no hit
...(3,4)...(3,3)...(3,2)...(3,1)...(4,1)...(4,2)...(4,3)...(4,4)...entering fill:(5,4) counter=1
I have seen
(1,1) (1,2) (2,1) (1,3) (2,2) (3,1) (1,4) (2,3) (3,2) (4,1) (2,4) (3,3) (4,2) (3,4) (4,3) (4,4) 
entering is border with(5,5):hit fence
entering is border with(5,3):no hit
...(3,4)...(3,3)...(3,2)...(3,1)...(4,1)...(4,2)...(4,3)...(4,4)...(5,4)...entering fill:(5,3) counter=1
I have seen
(1,1) (1,2) (2,1) (1,3) (2,2) (3,1) (1,4) (2,3) (3,2) (4,1) (2,4) (3,3) (4,2) (3,4) (4,3) (4,4) (5,4) 
entering is border with(5,4):no hit
...(3,4)...(3,3)...(3,2)...(3,1)...(4,1)...(4,2)...(4,3)...(4,4)...(5,4)...(5,3)...entering fill:(5,4) counter=1
I have seen
(1,1) (1,2) (2,1) (1,3) (2,2) (3,1) (1,4) (2,3) (3,2) (4,1) (2,4) (3,3) (4,2) (3,4) (4,3) (4,4) (5,3) (5,4) 
seen this before (5,4)
...(3,4)...(3,3)...(3,2)...(3,1)...(4,1)...(4,2)...(4,3)...(4,4)...(5,4)...(5,3)...exiting fill:(5,4) counter=1
entering is border with(5,2):no hit
...(3,4)...(3,3)...(3,2)...(3,1)...(4,1)...(4,2)...(4,3)...(4,4)...(5,4)...(5,3)...entering fill:(5,2) counter=1
I have seen
(1,1) (1,2) (2,1) (1,3) (2,2) (3,1) (1,4) (2,3) (3,2) (4,1) (2,4) (3,3) (4,2) (3,4) (4,3) (4,4) (5,3) (5,4) 
entering is border with(5,3):no hit
...(3,4)...(3,3)...(3,2)...(3,1)...(4,1)...(4,2)...(4,3)...(4,4)...(5,4)...(5,3)...(5,2)...entering fill:(5,3) counter=1
I have seen
(1,1) (1,2) (2,1) (1,3) (2,2) (3,1) (1,4) (2,3) (3,2) (4,1) (2,4) (3,3) (4,2) (3,4) (4,3) (5,2) (4,4) (5,3) (5,4) 
seen this before (5,3)
...(3,4)...(3,3)...(3,2)...(3,1)...(4,1)...(4,2)...(4,3)...(4,4)...(5,4)...(5,3)...(5,2)...exiting fill:(5,3) counter=1
entering is border with(5,1):no hit
...(3,4)...(3,3)...(3,2)...(3,1)...(4,1)...(4,2)...(4,3)...(4,4)...(5,4)...(5,3)...(5,2)...entering fill:(5,1) counter=1
I have seen
(1,1) (1,2) (2,1) (1,3) (2,2) (3,1) (1,4) (2,3) (3,2) (4,1) (2,4) (3,3) (4,2) (3,4) (4,3) (5,2) (4,4) (5,3) (5,4) 
entering is border with(5,2):no hit
...(3,4)...(3,3)...(3,2)...(3,1)...(4,1)...(4,2)...(4,3)...(4,4)...(5,4)...(5,3)...(5,2)...(5,1)...entering fill:(5,2) counter=1
I have seen
(1,1) (1,2) (2,1) (1,3) (2,2) (3,1) (1,4) (2,3) (3,2) (4,1) (2,4) (3,3) (4,2) (5,1) (3,4) (4,3) (5,2) (4,4) (5,3) (5,4) 
seen this before (5,2)
...(3,4)...(3,3)...(3,2)...(3,1)...(4,1)...(4,2)...(4,3)...(4,4)...(5,4)...(5,3)...(5,2)...(5,1)...exiting fill:(5,2) counter=1
entering is border with(5,0):hit virtual boundary
entering is border with(4,1):no hit
...(3,4)...(3,3)...(3,2)...(3,1)...(4,1)...(4,2)...(4,3)...(4,4)...(5,4)...(5,3)...(5,2)...(5,1)...entering fill:(4,1) counter=1
I have seen
(1,1) (1,2) (2,1) (1,3) (2,2) (3,1) (1,4) (2,3) (3,2) (4,1) (2,4) (3,3) (4,2) (5,1) (3,4) (4,3) (5,2) (4,4) (5,3) (5,4) 
seen this before (4,1)
...(3,4)...(3,3)...(3,2)...(3,1)...(4,1)...(4,2)...(4,3)...(4,4)...(5,4)...(5,3)...(5,2)...(5,1)...exiting fill:(4,1) counter=1
entering is border with(6,1):no hit
...(3,4)...(3,3)...(3,2)...(3,1)...(4,1)...(4,2)...(4,3)...(4,4)...(5,4)...(5,3)...(5,2)...(5,1)...entering fill:(6,1) counter=1
I have seen
(1,1) (1,2) (2,1) (1,3) (2,2) (3,1) (1,4) (2,3) (3,2) (4,1) (2,4) (3,3) (4,2) (5,1) (3,4) (4,3) (5,2) (4,4) (5,3) (5,4) 
entering is border with(6,2):no hit
...(3,4)...(3,3)...(3,2)...(3,1)...(4,1)...(4,2)...(4,3)...(4,4)...(5,4)...(5,3)...(5,2)...(5,1)...(6,1)...entering fill:(6,2) counter=1
I have seen
(1,1) (1,2) (2,1) (1,3) (2,2) (3,1) (1,4) (2,3) (3,2) (4,1) (2,4) (3,3) (4,2) (5,1) (3,4) (4,3) (5,2) (6,1) (4,4) (5,3) (5,4) 
entering is border with(6,3):no hit
...(3,4)...(3,3)...(3,2)...(3,1)...(4,1)...(4,2)...(4,3)...(4,4)...(5,4)...(5,3)...(5,2)...(5,1)...(6,1)...(6,2)...entering fill:(6,3) counter=1
I have seen
(1,1) (1,2) (2,1) (1,3) (2,2) (3,1) (1,4) (2,3) (3,2) (4,1) (2,4) (3,3) (4,2) (5,1) (3,4) (4,3) (5,2) (6,1) (4,4) (5,3) (6,2) (5,4) 
entering is border with(6,4):no hit
...(3,4)...(3,3)...(3,2)...(3,1)...(4,1)...(4,2)...(4,3)...(4,4)...(5,4)...(5,3)...(5,2)...(5,1)...(6,1)...(6,2)...(6,3)...entering fill:(6,4) counter=1
I have seen
(1,1) (1,2) (2,1) (1,3) (2,2) (3,1) (1,4) (2,3) (3,2) (4,1) (2,4) (3,3) (4,2) (5,1) (3,4) (4,3) (5,2) (6,1) (4,4) (5,3) (6,2) (5,4) (6,3) 
entering is border with(6,5):hit fence
entering is border with(6,3):no hit
...(3,4)...(3,3)...(3,2)...(3,1)...(4,1)...(4,2)...(4,3)...(4,4)...(5,4)...(5,3)...(5,2)...(5,1)...(6,1)...(6,2)...(6,3)...(6,4)...entering fill:(6,3) counter=1
I have seen
(1,1) (1,2) (2,1) (1,3) (2,2) (3,1) (1,4) (2,3) (3,2) (4,1) (2,4) (3,3) (4,2) (5,1) (3,4) (4,3) (5,2) (6,1) (4,4) (5,3) (6,2) (5,4) (6,3) (6,4) 
seen this before (6,3)
...(3,4)...(3,3)...(3,2)...(3,1)...(4,1)...(4,2)...(4,3)...(4,4)...(5,4)...(5,3)...(5,2)...(5,1)...(6,1)...(6,2)...(6,3)...(6,4)...exiting fill:(6,3) counter=1
entering is border with(5,4):no hit
...(3,4)...(3,3)...(3,2)...(3,1)...(4,1)...(4,2)...(4,3)...(4,4)...(5,4)...(5,3)...(5,2)...(5,1)...(6,1)...(6,2)...(6,3)...(6,4)...entering fill:(5,4) counter=1
I have seen
(1,1) (1,2) (2,1) (1,3) (2,2) (3,1) (1,4) (2,3) (3,2) (4,1) (2,4) (3,3) (4,2) (5,1) (3,4) (4,3) (5,2) (6,1) (4,4) (5,3) (6,2) (5,4) (6,3) (6,4) 
seen this before (5,4)
...(3,4)...(3,3)...(3,2)...(3,1)...(4,1)...(4,2)...(4,3)...(4,4)...(5,4)...(5,3)...(5,2)...(5,1)...(6,1)...(6,2)...(6,3)...(6,4)...exiting fill:(5,4) counter=1
entering is border with(7,4):no hit
...(3,4)...(3,3)...(3,2)...(3,1)...(4,1)...(4,2)...(4,3)...(4,4)...(5,4)...(5,3)...(5,2)...(5,1)...(6,1)...(6,2)...(6,3)...(6,4)...entering fill:(7,4) counter=1
I have seen
(1,1) (1,2) (2,1) (1,3) (2,2) (3,1) (1,4) (2,3) (3,2) (4,1) (2,4) (3,3) (4,2) (5,1) (3,4) (4,3) (5,2) (6,1) (4,4) (5,3) (6,2) (5,4) (6,3) (6,4) 
entering is border with(7,5):hit fence
entering is border with(7,3):no hit
...(3,4)...(3,3)...(3,2)...(3,1)...(4,1)...(4,2)...(4,3)...(4,4)...(5,4)...(5,3)...(5,2)...(5,1)...(6,1)...(6,2)...(6,3)...(6,4)...(7,4)...entering fill:(7,3) counter=1
I have seen
(1,1) (1,2) (2,1) (1,3) (2,2) (3,1) (1,4) (2,3) (3,2) (4,1) (2,4) (3,3) (4,2) (5,1) (3,4) (4,3) (5,2) (6,1) (4,4) (5,3) (6,2) (5,4) (6,3) (6,4) (7,4) 
entering is border with(7,4):no hit
...(3,4)...(3,3)...(3,2)...(3,1)...(4,1)...(4,2)...(4,3)...(4,4)...(5,4)...(5,3)...(5,2)...(5,1)...(6,1)...(6,2)...(6,3)...(6,4)...(7,4)...(7,3)...entering fill:(7,4) counter=1
I have seen
(1,1) (1,2) (2,1) (1,3) (2,2) (3,1) (1,4) (2,3) (3,2) (4,1) (2,4) (3,3) (4,2) (5,1) (3,4) (4,3) (5,2) (6,1) (4,4) (5,3) (6,2) (5,4) (6,3) (6,4) (7,3) (7,4) 
seen this before (7,4)
...(3,4)...(3,3)...(3,2)...(3,1)...(4,1)...(4,2)...(4,3)...(4,4)...(5,4)...(5,3)...(5,2)...(5,1)...(6,1)...(6,2)...(6,3)...(6,4)...(7,4)...(7,3)...exiting fill:(7,4) counter=1
entering is border with(7,2):no hit
...(3,4)...(3,3)...(3,2)...(3,1)...(4,1)...(4,2)...(4,3)...(4,4)...(5,4)...(5,3)...(5,2)...(5,1)...(6,1)...(6,2)...(6,3)...(6,4)...(7,4)...(7,3)...entering fill:(7,2) counter=1
I have seen
(1,1) (1,2) (2,1) (1,3) (2,2) (3,1) (1,4) (2,3) (3,2) (4,1) (2,4) (3,3) (4,2) (5,1) (3,4) (4,3) (5,2) (6,1) (4,4) (5,3) (6,2) (5,4) (6,3) (6,4) (7,3) (7,4) 
entering is border with(7,3):no hit
...(3,4)...(3,3)...(3,2)...(3,1)...(4,1)...(4,2)...(4,3)...(4,4)...(5,4)...(5,3)...(5,2)...(5,1)...(6,1)...(6,2)...(6,3)...(6,4)...(7,4)...(7,3)...(7,2)...entering fill:(7,3) counter=1
I have seen
(1,1) (1,2) (2,1) (1,3) (2,2) (3,1) (1,4) (2,3) (3,2) (4,1) (2,4) (3,3) (4,2) (5,1) (3,4) (4,3) (5,2) (6,1) (4,4) (5,3) (6,2) (5,4) (6,3) (7,2) (6,4) (7,3) (7,4) 
seen this before (7,3)
...(3,4)...(3,3)...(3,2)...(3,1)...(4,1)...(4,2)...(4,3)...(4,4)...(5,4)...(5,3)...(5,2)...(5,1)...(6,1)...(6,2)...(6,3)...(6,4)...(7,4)...(7,3)...(7,2)...exiting fill:(7,3) counter=1
entering is border with(7,1):no hit
...(3,4)...(3,3)...(3,2)...(3,1)...(4,1)...(4,2)...(4,3)...(4,4)...(5,4)...(5,3)...(5,2)...(5,1)...(6,1)...(6,2)...(6,3)...(6,4)...(7,4)...(7,3)...(7,2)...entering fill:(7,1) counter=1
I have seen
(1,1) (1,2) (2,1) (1,3) (2,2) (3,1) (1,4) (2,3) (3,2) (4,1) (2,4) (3,3) (4,2) (5,1) (3,4) (4,3) (5,2) (6,1) (4,4) (5,3) (6,2) (5,4) (6,3) (7,2) (6,4) (7,3) (7,4) 
entering is border with(7,2):no hit
...(3,4)...(3,3)...(3,2)...(3,1)...(4,1)...(4,2)...(4,3)...(4,4)...(5,4)...(5,3)...(5,2)...(5,1)...(6,1)...(6,2)...(6,3)...(6,4)...(7,4)...(7,3)...(7,2)...(7,1)...entering fill:(7,2) counter=1
I have seen
(1,1) (1,2) (2,1) (1,3) (2,2) (3,1) (1,4) (2,3) (3,2) (4,1) (2,4) (3,3) (4,2) (5,1) (3,4) (4,3) (5,2) (6,1) (4,4) (5,3) (6,2) (7,1) (5,4) (6,3) (7,2) (6,4) (7,3) (7,4) 
seen this before (7,2)
...(3,4)...(3,3)...(3,2)...(3,1)...(4,1)...(4,2)...(4,3)...(4,4)...(5,4)...(5,3)...(5,2)...(5,1)...(6,1)...(6,2)...(6,3)...(6,4)...(7,4)...(7,3)...(7,2)...(7,1)...exiting fill:(7,2) counter=1
entering is border with(7,0):hit virtual boundary
entering is border with(6,1):no hit
...(3,4)...(3,3)...(3,2)...(3,1)...(4,1)...(4,2)...(4,3)...(4,4)...(5,4)...(5,3)...(5,2)...(5,1)...(6,1)...(6,2)...(6,3)...(6,4)...(7,4)...(7,3)...(7,2)...(7,1)...entering fill:(6,1) counter=1
I have seen
(1,1) (1,2) (2,1) (1,3) (2,2) (3,1) (1,4) (2,3) (3,2) (4,1) (2,4) (3,3) (4,2) (5,1) (3,4) (4,3) (5,2) (6,1) (4,4) (5,3) (6,2) (7,1) (5,4) (6,3) (7,2) (6,4) (7,3) (7,4) 
seen this before (6,1)
...(3,4)...(3,3)...(3,2)...(3,1)...(4,1)...(4,2)...(4,3)...(4,4)...(5,4)...(5,3)...(5,2)...(5,1)...(6,1)...(6,2)...(6,3)...(6,4)...(7,4)...(7,3)...(7,2)...(7,1)...exiting fill:(6,1) counter=1
entering is border with(8,1):no hit
...(3,4)...(3,3)...(3,2)...(3,1)...(4,1)...(4,2)...(4,3)...(4,4)...(5,4)...(5,3)...(5,2)...(5,1)...(6,1)...(6,2)...(6,3)...(6,4)...(7,4)...(7,3)...(7,2)...(7,1)...entering fill:(8,1) counter=1
I have seen
(1,1) (1,2) (2,1) (1,3) (2,2) (3,1) (1,4) (2,3) (3,2) (4,1) (2,4) (3,3) (4,2) (5,1) (3,4) (4,3) (5,2) (6,1) (4,4) (5,3) (6,2) (7,1) (5,4) (6,3) (7,2) (6,4) (7,3) (7,4) 
entering is border with(8,2):no hit
...(3,4)...(3,3)...(3,2)...(3,1)...(4,1)...(4,2)...(4,3)...(4,4)...(5,4)...(5,3)...(5,2)...(5,1)...(6,1)...(6,2)...(6,3)...(6,4)...(7,4)...(7,3)...(7,2)...(7,1)...(8,1)...entering fill:(8,2) counter=1
I have seen
(1,1) (1,2) (2,1) (1,3) (2,2) (3,1) (1,4) (2,3) (3,2) (4,1) (2,4) (3,3) (4,2) (5,1) (3,4) (4,3) (5,2) (6,1) (4,4) (5,3) (6,2) (7,1) (5,4) (6,3) (7,2) (8,1) (6,4) (7,3) (7,4) 
entering is border with(8,3):no hit
...(3,4)...(3,3)...(3,2)...(3,1)...(4,1)...(4,2)...(4,3)...(4,4)...(5,4)...(5,3)...(5,2)...(5,1)...(6,1)...(6,2)...(6,3)...(6,4)...(7,4)...(7,3)...(7,2)...(7,1)...(8,1)...(8,2)...entering fill:(8,3) counter=1
I have seen
(1,1) (1,2) (2,1) (1,3) (2,2) (3,1) (1,4) (2,3) (3,2) (4,1) (2,4) (3,3) (4,2) (5,1) (3,4) (4,3) (5,2) (6,1) (4,4) (5,3) (6,2) (7,1) (5,4) (6,3) (7,2) (8,1) (6,4) (7,3) (8,2) (7,4) 
entering is border with(8,4):no hit
...(3,4)...(3,3)...(3,2)...(3,1)...(4,1)...(4,2)...(4,3)...(4,4)...(5,4)...(5,3)...(5,2)...(5,1)...(6,1)...(6,2)...(6,3)...(6,4)...(7,4)...(7,3)...(7,2)...(7,1)...(8,1)...(8,2)...(8,3)...entering fill:(8,4) counter=1
I have seen
(1,1) (1,2) (2,1) (1,3) (2,2) (3,1) (1,4) (2,3) (3,2) (4,1) (2,4) (3,3) (4,2) (5,1) (3,4) (4,3) (5,2) (6,1) (4,4) (5,3) (6,2) (7,1) (5,4) (6,3) (7,2) (8,1) (6,4) (7,3) (8,2) (7,4) (8,3) 
entering is border with(8,5):hit fence
entering is border with(8,3):no hit
...(3,4)...(3,3)...(3,2)...(3,1)...(4,1)...(4,2)...(4,3)...(4,4)...(5,4)...(5,3)...(5,2)...(5,1)...(6,1)...(6,2)...(6,3)...(6,4)...(7,4)...(7,3)...(7,2)...(7,1)...(8,1)...(8,2)...(8,3)...(8,4)...entering fill:(8,3) counter=1
I have seen
(1,1) (1,2) (2,1) (1,3) (2,2) (3,1) (1,4) (2,3) (3,2) (4,1) (2,4) (3,3) (4,2) (5,1) (3,4) (4,3) (5,2) (6,1) (4,4) (5,3) (6,2) (7,1) (5,4) (6,3) (7,2) (8,1) (6,4) (7,3) (8,2) (7,4) (8,3) (8,4) 
seen this before (8,3)
...(3,4)...(3,3)...(3,2)...(3,1)...(4,1)...(4,2)...(4,3)...(4,4)...(5,4)...(5,3)...(5,2)...(5,1)...(6,1)...(6,2)...(6,3)...(6,4)...(7,4)...(7,3)...(7,2)...(7,1)...(8,1)...(8,2)...(8,3)...(8,4)...exiting fill:(8,3) counter=1
entering is border with(7,4):no hit
...(3,4)...(3,3)...(3,2)...(3,1)...(4,1)...(4,2)...(4,3)...(4,4)...(5,4)...(5,3)...(5,2)...(5,1)...(6,1)...(6,2)...(6,3)...(6,4)...(7,4)...(7,3)...(7,2)...(7,1)...(8,1)...(8,2)...(8,3)...(8,4)...entering fill:(7,4) counter=1
I have seen
(1,1) (1,2) (2,1) (1,3) (2,2) (3,1) (1,4) (2,3) (3,2) (4,1) (2,4) (3,3) (4,2) (5,1) (3,4) (4,3) (5,2) (6,1) (4,4) (5,3) (6,2) (7,1) (5,4) (6,3) (7,2) (8,1) (6,4) (7,3) (8,2) (7,4) (8,3) (8,4) 
seen this before (7,4)
...(3,4)...(3,3)...(3,2)...(3,1)...(4,1)...(4,2)...(4,3)...(4,4)...(5,4)...(5,3)...(5,2)...(5,1)...(6,1)...(6,2)...(6,3)...(6,4)...(7,4)...(7,3)...(7,2)...(7,1)...(8,1)...(8,2)...(8,3)...(8,4)...exiting fill:(7,4) counter=1
entering is border with(9,4):no hit
...(3,4)...(3,3)...(3,2)...(3,1)...(4,1)...(4,2)...(4,3)...(4,4)...(5,4)...(5,3)...(5,2)...(5,1)...(6,1)...(6,2)...(6,3)...(6,4)...(7,4)...(7,3)...(7,2)...(7,1)...(8,1)...(8,2)...(8,3)...(8,4)...entering fill:(9,4) counter=1
I have seen
(1,1) (1,2) (2,1) (1,3) (2,2) (3,1) (1,4) (2,3) (3,2) (4,1) (2,4) (3,3) (4,2) (5,1) (3,4) (4,3) (5,2) (6,1) (4,4) (5,3) (6,2) (7,1) (5,4) (6,3) (7,2) (8,1) (6,4) (7,3) (8,2) (7,4) (8,3) (8,4) 
entering is border with(9,5):hit fence
entering is border with(9,3):no hit
...(3,4)...(3,3)...(3,2)...(3,1)...(4,1)...(4,2)...(4,3)...(4,4)...(5,4)...(5,3)...(5,2)...(5,1)...(6,1)...(6,2)...(6,3)...(6,4)...(7,4)...(7,3)...(7,2)...(7,1)...(8,1)...(8,2)...(8,3)...(8,4)...(9,4)...entering fill:(9,3) counter=1
I have seen
(1,1) (1,2) (2,1) (1,3) (2,2) (3,1) (1,4) (2,3) (3,2) (4,1) (2,4) (3,3) (4,2) (5,1) (3,4) (4,3) (5,2) (6,1) (4,4) (5,3) (6,2) (7,1) (5,4) (6,3) (7,2) (8,1) (6,4) (7,3) (8,2) (7,4) (8,3) (8,4) (9,4) 
entering is border with(9,4):no hit
...(3,4)...(3,3)...(3,2)...(3,1)...(4,1)...(4,2)...(4,3)...(4,4)...(5,4)...(5,3)...(5,2)...(5,1)...(6,1)...(6,2)...(6,3)...(6,4)...(7,4)...(7,3)...(7,2)...(7,1)...(8,1)...(8,2)...(8,3)...(8,4)...(9,4)...(9,3)...entering fill:(9,4) counter=1
I have seen
(1,1) (1,2) (2,1) (1,3) (2,2) (3,1) (1,4) (2,3) (3,2) (4,1) (2,4) (3,3) (4,2) (5,1) (3,4) (4,3) (5,2) (6,1) (4,4) (5,3) (6,2) (7,1) (5,4) (6,3) (7,2) (8,1) (6,4) (7,3) (8,2) (7,4) (8,3) (8,4) (9,3) (9,4) 
seen this before (9,4)
...(3,4)...(3,3)...(3,2)...(3,1)...(4,1)...(4,2)...(4,3)...(4,4)...(5,4)...(5,3)...(5,2)...(5,1)...(6,1)...(6,2)...(6,3)...(6,4)...(7,4)...(7,3)...(7,2)...(7,1)...(8,1)...(8,2)...(8,3)...(8,4)...(9,4)...(9,3)...exiting fill:(9,4) counter=1
entering is border with(9,2):no hit
...(3,4)...(3,3)...(3,2)...(3,1)...(4,1)...(4,2)...(4,3)...(4,4)...(5,4)...(5,3)...(5,2)...(5,1)...(6,1)...(6,2)...(6,3)...(6,4)...(7,4)...(7,3)...(7,2)...(7,1)...(8,1)...(8,2)...(8,3)...(8,4)...(9,4)...(9,3)...entering fill:(9,2) counter=1
I have seen
(1,1) (1,2) (2,1) (1,3) (2,2) (3,1) (1,4) (2,3) (3,2) (4,1) (2,4) (3,3) (4,2) (5,1) (3,4) (4,3) (5,2) (6,1) (4,4) (5,3) (6,2) (7,1) (5,4) (6,3) (7,2) (8,1) (6,4) (7,3) (8,2) (7,4) (8,3) (8,4) (9,3) (9,4) 
entering is border with(9,3):no hit
...(3,4)...(3,3)...(3,2)...(3,1)...(4,1)...(4,2)...(4,3)...(4,4)...(5,4)...(5,3)...(5,2)...(5,1)...(6,1)...(6,2)...(6,3)...(6,4)...(7,4)...(7,3)...(7,2)...(7,1)...(8,1)...(8,2)...(8,3)...(8,4)...(9,4)...(9,3)...(9,2)...entering fill:(9,3) counter=1
I have seen
(1,1) (1,2) (2,1) (1,3) (2,2) (3,1) (1,4) (2,3) (3,2) (4,1) (2,4) (3,3) (4,2) (5,1) (3,4) (4,3) (5,2) (6,1) (4,4) (5,3) (6,2) (7,1) (5,4) (6,3) (7,2) (8,1) (6,4) (7,3) (8,2) (7,4) (8,3) (9,2) (8,4) (9,3) (9,4) 
seen this before (9,3)
...(3,4)...(3,3)...(3,2)...(3,1)...(4,1)...(4,2)...(4,3)...(4,4)...(5,4)...(5,3)...(5,2)...(5,1)...(6,1)...(6,2)...(6,3)...(6,4)...(7,4)...(7,3)...(7,2)...(7,1)...(8,1)...(8,2)...(8,3)...(8,4)...(9,4)...(9,3)...(9,2)...exiting fill:(9,3) counter=1
entering is border with(9,1):no hit
...(3,4)...(3,3)...(3,2)...(3,1)...(4,1)...(4,2)...(4,3)...(4,4)...(5,4)...(5,3)...(5,2)...(5,1)...(6,1)...(6,2)...(6,3)...(6,4)...(7,4)...(7,3)...(7,2)...(7,1)...(8,1)...(8,2)...(8,3)...(8,4)...(9,4)...(9,3)...(9,2)...entering fill:(9,1) counter=1
I have seen
(1,1) (1,2) (2,1) (1,3) (2,2) (3,1) (1,4) (2,3) (3,2) (4,1) (2,4) (3,3) (4,2) (5,1) (3,4) (4,3) (5,2) (6,1) (4,4) (5,3) (6,2) (7,1) (5,4) (6,3) (7,2) (8,1) (6,4) (7,3) (8,2) (7,4) (8,3) (9,2) (8,4) (9,3) (9,4) 
entering is border with(9,2):no hit
...(3,4)...(3,3)...(3,2)...(3,1)...(4,1)...(4,2)...(4,3)...(4,4)...(5,4)...(5,3)...(5,2)...(5,1)...(6,1)...(6,2)...(6,3)...(6,4)...(7,4)...(7,3)...(7,2)...(7,1)...(8,1)...(8,2)...(8,3)...(8,4)...(9,4)...(9,3)...(9,2)...(9,1)...entering fill:(9,2) counter=1
I have seen
(1,1) (1,2) (2,1) (1,3) (2,2) (3,1) (1,4) (2,3) (3,2) (4,1) (2,4) (3,3) (4,2) (5,1) (3,4) (4,3) (5,2) (6,1) (4,4) (5,3) (6,2) (7,1) (5,4) (6,3) (7,2) (8,1) (6,4) (7,3) (8,2) (9,1) (7,4) (8,3) (9,2) (8,4) (9,3) (9,4) 
seen this before (9,2)
...(3,4)...(3,3)...(3,2)...(3,1)...(4,1)...(4,2)...(4,3)...(4,4)...(5,4)...(5,3)...(5,2)...(5,1)...(6,1)...(6,2)...(6,3)...(6,4)...(7,4)...(7,3)...(7,2)...(7,1)...(8,1)...(8,2)...(8,3)...(8,4)...(9,4)...(9,3)...(9,2)...(9,1)...exiting fill:(9,2) counter=1
entering is border with(9,0):hit virtual boundary
entering is border with(8,1):no hit
...(3,4)...(3,3)...(3,2)...(3,1)...(4,1)...(4,2)...(4,3)...(4,4)...(5,4)...(5,3)...(5,2)...(5,1)...(6,1)...(6,2)...(6,3)...(6,4)...(7,4)...(7,3)...(7,2)...(7,1)...(8,1)...(8,2)...(8,3)...(8,4)...(9,4)...(9,3)...(9,2)...(9,1)...entering fill:(8,1) counter=1
I have seen
(1,1) (1,2) (2,1) (1,3) (2,2) (3,1) (1,4) (2,3) (3,2) (4,1) (2,4) (3,3) (4,2) (5,1) (3,4) (4,3) (5,2) (6,1) (4,4) (5,3) (6,2) (7,1) (5,4) (6,3) (7,2) (8,1) (6,4) (7,3) (8,2) (9,1) (7,4) (8,3) (9,2) (8,4) (9,3) (9,4) 
seen this before (8,1)
...(3,4)...(3,3)...(3,2)...(3,1)...(4,1)...(4,2)...(4,3)...(4,4)...(5,4)...(5,3)...(5,2)...(5,1)...(6,1)...(6,2)...(6,3)...(6,4)...(7,4)...(7,3)...(7,2)...(7,1)...(8,1)...(8,2)...(8,3)...(8,4)...(9,4)...(9,3)...(9,2)...(9,1)...exiting fill:(8,1) counter=1
entering is border with(10,1):hit fence
...(3,4)...(3,3)...(3,2)...(3,1)...(4,1)...(4,2)...(4,3)...(4,4)...(5,4)...(5,3)...(5,2)...(5,1)...(6,1)...(6,2)...(6,3)...(6,4)...(7,4)...(7,3)...(7,2)...(7,1)...(8,1)...(8,2)...(8,3)...(8,4)...(9,4)...(9,3)...(9,2)...exiting fill:(9,1) counter=1
entering is border with(8,2):no hit
...(3,4)...(3,3)...(3,2)...(3,1)...(4,1)...(4,2)...(4,3)...(4,4)...(5,4)...(5,3)...(5,2)...(5,1)...(6,1)...(6,2)...(6,3)...(6,4)...(7,4)...(7,3)...(7,2)...(7,1)...(8,1)...(8,2)...(8,3)...(8,4)...(9,4)...(9,3)...(9,2)...entering fill:(8,2) counter=1
I have seen
(1,1) (1,2) (2,1) (1,3) (2,2) (3,1) (1,4) (2,3) (3,2) (4,1) (2,4) (3,3) (4,2) (5,1) (3,4) (4,3) (5,2) (6,1) (4,4) (5,3) (6,2) (7,1) (5,4) (6,3) (7,2) (8,1) (6,4) (7,3) (8,2) (9,1) (7,4) (8,3) (9,2) (8,4) (9,3) (9,4) 
seen this before (8,2)
...(3,4)...(3,3)...(3,2)...(3,1)...(4,1)...(4,2)...(4,3)...(4,4)...(5,4)...(5,3)...(5,2)...(5,1)...(6,1)...(6,2)...(6,3)...(6,4)...(7,4)...(7,3)...(7,2)...(7,1)...(8,1)...(8,2)...(8,3)...(8,4)...(9,4)...(9,3)...(9,2)...exiting fill:(8,2) counter=1
entering is border with(10,2):hit fence
...(3,4)...(3,3)...(3,2)...(3,1)...(4,1)...(4,2)...(4,3)...(4,4)...(5,4)...(5,3)...(5,2)...(5,1)...(6,1)...(6,2)...(6,3)...(6,4)...(7,4)...(7,3)...(7,2)...(7,1)...(8,1)...(8,2)...(8,3)...(8,4)...(9,4)...(9,3)...exiting fill:(9,2) counter=1
entering is border with(8,3):no hit
...(3,4)...(3,3)...(3,2)...(3,1)...(4,1)...(4,2)...(4,3)...(4,4)...(5,4)...(5,3)...(5,2)...(5,1)...(6,1)...(6,2)...(6,3)...(6,4)...(7,4)...(7,3)...(7,2)...(7,1)...(8,1)...(8,2)...(8,3)...(8,4)...(9,4)...(9,3)...entering fill:(8,3) counter=1
I have seen
(1,1) (1,2) (2,1) (1,3) (2,2) (3,1) (1,4) (2,3) (3,2) (4,1) (2,4) (3,3) (4,2) (5,1) (3,4) (4,3) (5,2) (6,1) (4,4) (5,3) (6,2) (7,1) (5,4) (6,3) (7,2) (8,1) (6,4) (7,3) (8,2) (9,1) (7,4) (8,3) (9,2) (8,4) (9,3) (9,4) 
seen this before (8,3)
...(3,4)...(3,3)...(3,2)...(3,1)...(4,1)...(4,2)...(4,3)...(4,4)...(5,4)...(5,3)...(5,2)...(5,1)...(6,1)...(6,2)...(6,3)...(6,4)...(7,4)...(7,3)...(7,2)...(7,1)...(8,1)...(8,2)...(8,3)...(8,4)...(9,4)...(9,3)...exiting fill:(8,3) counter=1
entering is border with(10,3):hit fence
...(3,4)...(3,3)...(3,2)...(3,1)...(4,1)...(4,2)...(4,3)...(4,4)...(5,4)...(5,3)...(5,2)...(5,1)...(6,1)...(6,2)...(6,3)...(6,4)...(7,4)...(7,3)...(7,2)...(7,1)...(8,1)...(8,2)...(8,3)...(8,4)...(9,4)...exiting fill:(9,3) counter=1
entering is border with(8,4):no hit
...(3,4)...(3,3)...(3,2)...(3,1)...(4,1)...(4,2)...(4,3)...(4,4)...(5,4)...(5,3)...(5,2)...(5,1)...(6,1)...(6,2)...(6,3)...(6,4)...(7,4)...(7,3)...(7,2)...(7,1)...(8,1)...(8,2)...(8,3)...(8,4)...(9,4)...entering fill:(8,4) counter=1
I have seen
(1,1) (1,2) (2,1) (1,3) (2,2) (3,1) (1,4) (2,3) (3,2) (4,1) (2,4) (3,3) (4,2) (5,1) (3,4) (4,3) (5,2) (6,1) (4,4) (5,3) (6,2) (7,1) (5,4) (6,3) (7,2) (8,1) (6,4) (7,3) (8,2) (9,1) (7,4) (8,3) (9,2) (8,4) (9,3) (9,4) 
seen this before (8,4)
...(3,4)...(3,3)...(3,2)...(3,1)...(4,1)...(4,2)...(4,3)...(4,4)...(5,4)...(5,3)...(5,2)...(5,1)...(6,1)...(6,2)...(6,3)...(6,4)...(7,4)...(7,3)...(7,2)...(7,1)...(8,1)...(8,2)...(8,3)...(8,4)...(9,4)...exiting fill:(8,4) counter=1
entering is border with(10,4):hit fence
...(3,4)...(3,3)...(3,2)...(3,1)...(4,1)...(4,2)...(4,3)...(4,4)...(5,4)...(5,3)...(5,2)...(5,1)...(6,1)...(6,2)...(6,3)...(6,4)...(7,4)...(7,3)...(7,2)...(7,1)...(8,1)...(8,2)...(8,3)...(8,4)...exiting fill:(9,4) counter=1
...(3,4)...(3,3)...(3,2)...(3,1)...(4,1)...(4,2)...(4,3)...(4,4)...(5,4)...(5,3)...(5,2)...(5,1)...(6,1)...(6,2)...(6,3)...(6,4)...(7,4)...(7,3)...(7,2)...(7,1)...(8,1)...(8,2)...(8,3)...exiting fill:(8,4) counter=1
entering is border with(8,2):no hit
...(3,4)...(3,3)...(3,2)...(3,1)...(4,1)...(4,2)...(4,3)...(4,4)...(5,4)...(5,3)...(5,2)...(5,1)...(6,1)...(6,2)...(6,3)...(6,4)...(7,4)...(7,3)...(7,2)...(7,1)...(8,1)...(8,2)...(8,3)...entering fill:(8,2) counter=1
I have seen
(1,1) (1,2) (2,1) (1,3) (2,2) (3,1) (1,4) (2,3) (3,2) (4,1) (2,4) (3,3) (4,2) (5,1) (3,4) (4,3) (5,2) (6,1) (4,4) (5,3) (6,2) (7,1) (5,4) (6,3) (7,2) (8,1) (6,4) (7,3) (8,2) (9,1) (7,4) (8,3) (9,2) (8,4) (9,3) (9,4) 
seen this before (8,2)
...(3,4)...(3,3)...(3,2)...(3,1)...(4,1)...(4,2)...(4,3)...(4,4)...(5,4)...(5,3)...(5,2)...(5,1)...(6,1)...(6,2)...(6,3)...(6,4)...(7,4)...(7,3)...(7,2)...(7,1)...(8,1)...(8,2)...(8,3)...exiting fill:(8,2) counter=1
entering is border with(7,3):no hit
...(3,4)...(3,3)...(3,2)...(3,1)...(4,1)...(4,2)...(4,3)...(4,4)...(5,4)...(5,3)...(5,2)...(5,1)...(6,1)...(6,2)...(6,3)...(6,4)...(7,4)...(7,3)...(7,2)...(7,1)...(8,1)...(8,2)...(8,3)...entering fill:(7,3) counter=1
I have seen
(1,1) (1,2) (2,1) (1,3) (2,2) (3,1) (1,4) (2,3) (3,2) (4,1) (2,4) (3,3) (4,2) (5,1) (3,4) (4,3) (5,2) (6,1) (4,4) (5,3) (6,2) (7,1) (5,4) (6,3) (7,2) (8,1) (6,4) (7,3) (8,2) (9,1) (7,4) (8,3) (9,2) (8,4) (9,3) (9,4) 
seen this before (7,3)
...(3,4)...(3,3)...(3,2)...(3,1)...(4,1)...(4,2)...(4,3)...(4,4)...(5,4)...(5,3)...(5,2)...(5,1)...(6,1)...(6,2)...(6,3)...(6,4)...(7,4)...(7,3)...(7,2)...(7,1)...(8,1)...(8,2)...(8,3)...exiting fill:(7,3) counter=1
entering is border with(9,3):no hit
...(3,4)...(3,3)...(3,2)...(3,1)...(4,1)...(4,2)...(4,3)...(4,4)...(5,4)...(5,3)...(5,2)...(5,1)...(6,1)...(6,2)...(6,3)...(6,4)...(7,4)...(7,3)...(7,2)...(7,1)...(8,1)...(8,2)...(8,3)...entering fill:(9,3) counter=1
I have seen
(1,1) (1,2) (2,1) (1,3) (2,2) (3,1) (1,4) (2,3) (3,2) (4,1) (2,4) (3,3) (4,2) (5,1) (3,4) (4,3) (5,2) (6,1) (4,4) (5,3) (6,2) (7,1) (5,4) (6,3) (7,2) (8,1) (6,4) (7,3) (8,2) (9,1) (7,4) (8,3) (9,2) (8,4) (9,3) (9,4) 
seen this before (9,3)
...(3,4)...(3,3)...(3,2)...(3,1)...(4,1)...(4,2)...(4,3)...(4,4)...(5,4)...(5,3)...(5,2)...(5,1)...(6,1)...(6,2)...(6,3)...(6,4)...(7,4)...(7,3)...(7,2)...(7,1)...(8,1)...(8,2)...(8,3)...exiting fill:(9,3) counter=1
...(3,4)...(3,3)...(3,2)...(3,1)...(4,1)...(4,2)...(4,3)...(4,4)...(5,4)...(5,3)...(5,2)...(5,1)...(6,1)...(6,2)...(6,3)...(6,4)...(7,4)...(7,3)...(7,2)...(7,1)...(8,1)...(8,2)...exiting fill:(8,3) counter=1
entering is border with(8,1):no hit
...(3,4)...(3,3)...(3,2)...(3,1)...(4,1)...(4,2)...(4,3)...(4,4)...(5,4)...(5,3)...(5,2)...(5,1)...(6,1)...(6,2)...(6,3)...(6,4)...(7,4)...(7,3)...(7,2)...(7,1)...(8,1)...(8,2)...entering fill:(8,1) counter=1
I have seen
(1,1) (1,2) (2,1) (1,3) (2,2) (3,1) (1,4) (2,3) (3,2) (4,1) (2,4) (3,3) (4,2) (5,1) (3,4) (4,3) (5,2) (6,1) (4,4) (5,3) (6,2) (7,1) (5,4) (6,3) (7,2) (8,1) (6,4) (7,3) (8,2) (9,1) (7,4) (8,3) (9,2) (8,4) (9,3) (9,4) 
seen this before (8,1)
...(3,4)...(3,3)...(3,2)...(3,1)...(4,1)...(4,2)...(4,3)...(4,4)...(5,4)...(5,3)...(5,2)...(5,1)...(6,1)...(6,2)...(6,3)...(6,4)...(7,4)...(7,3)...(7,2)...(7,1)...(8,1)...(8,2)...exiting fill:(8,1) counter=1
entering is border with(7,2):no hit
...(3,4)...(3,3)...(3,2)...(3,1)...(4,1)...(4,2)...(4,3)...(4,4)...(5,4)...(5,3)...(5,2)...(5,1)...(6,1)...(6,2)...(6,3)...(6,4)...(7,4)...(7,3)...(7,2)...(7,1)...(8,1)...(8,2)...entering fill:(7,2) counter=1
I have seen
(1,1) (1,2) (2,1) (1,3) (2,2) (3,1) (1,4) (2,3) (3,2) (4,1) (2,4) (3,3) (4,2) (5,1) (3,4) (4,3) (5,2) (6,1) (4,4) (5,3) (6,2) (7,1) (5,4) (6,3) (7,2) (8,1) (6,4) (7,3) (8,2) (9,1) (7,4) (8,3) (9,2) (8,4) (9,3) (9,4) 
seen this before (7,2)
...(3,4)...(3,3)...(3,2)...(3,1)...(4,1)...(4,2)...(4,3)...(4,4)...(5,4)...(5,3)...(5,2)...(5,1)...(6,1)...(6,2)...(6,3)...(6,4)...(7,4)...(7,3)...(7,2)...(7,1)...(8,1)...(8,2)...exiting fill:(7,2) counter=1
entering is border with(9,2):no hit
...(3,4)...(3,3)...(3,2)...(3,1)...(4,1)...(4,2)...(4,3)...(4,4)...(5,4)...(5,3)...(5,2)...(5,1)...(6,1)...(6,2)...(6,3)...(6,4)...(7,4)...(7,3)...(7,2)...(7,1)...(8,1)...(8,2)...entering fill:(9,2) counter=1
I have seen
(1,1) (1,2) (2,1) (1,3) (2,2) (3,1) (1,4) (2,3) (3,2) (4,1) (2,4) (3,3) (4,2) (5,1) (3,4) (4,3) (5,2) (6,1) (4,4) (5,3) (6,2) (7,1) (5,4) (6,3) (7,2) (8,1) (6,4) (7,3) (8,2) (9,1) (7,4) (8,3) (9,2) (8,4) (9,3) (9,4) 
seen this before (9,2)
...(3,4)...(3,3)...(3,2)...(3,1)...(4,1)...(4,2)...(4,3)...(4,4)...(5,4)...(5,3)...(5,2)...(5,1)...(6,1)...(6,2)...(6,3)...(6,4)...(7,4)...(7,3)...(7,2)...(7,1)...(8,1)...(8,2)...exiting fill:(9,2) counter=1
...(3,4)...(3,3)...(3,2)...(3,1)...(4,1)...(4,2)...(4,3)...(4,4)...(5,4)...(5,3)...(5,2)...(5,1)...(6,1)...(6,2)...(6,3)...(6,4)...(7,4)...(7,3)...(7,2)...(7,1)...(8,1)...exiting fill:(8,2) counter=1
entering is border with(8,0):hit virtual boundary
entering is border with(7,1):no hit
...(3,4)...(3,3)...(3,2)...(3,1)...(4,1)...(4,2)...(4,3)...(4,4)...(5,4)...(5,3)...(5,2)...(5,1)...(6,1)...(6,2)...(6,3)...(6,4)...(7,4)...(7,3)...(7,2)...(7,1)...(8,1)...entering fill:(7,1) counter=1
I have seen
(1,1) (1,2) (2,1) (1,3) (2,2) (3,1) (1,4) (2,3) (3,2) (4,1) (2,4) (3,3) (4,2) (5,1) (3,4) (4,3) (5,2) (6,1) (4,4) (5,3) (6,2) (7,1) (5,4) (6,3) (7,2) (8,1) (6,4) (7,3) (8,2) (9,1) (7,4) (8,3) (9,2) (8,4) (9,3) (9,4) 
seen this before (7,1)
...(3,4)...(3,3)...(3,2)...(3,1)...(4,1)...(4,2)...(4,3)...(4,4)...(5,4)...(5,3)...(5,2)...(5,1)...(6,1)...(6,2)...(6,3)...(6,4)...(7,4)...(7,3)...(7,2)...(7,1)...(8,1)...exiting fill:(7,1) counter=1
entering is border with(9,1):no hit
...(3,4)...(3,3)...(3,2)...(3,1)...(4,1)...(4,2)...(4,3)...(4,4)...(5,4)...(5,3)...(5,2)...(5,1)...(6,1)...(6,2)...(6,3)...(6,4)...(7,4)...(7,3)...(7,2)...(7,1)...(8,1)...entering fill:(9,1) counter=1
I have seen
(1,1) (1,2) (2,1) (1,3) (2,2) (3,1) (1,4) (2,3) (3,2) (4,1) (2,4) (3,3) (4,2) (5,1) (3,4) (4,3) (5,2) (6,1) (4,4) (5,3) (6,2) (7,1) (5,4) (6,3) (7,2) (8,1) (6,4) (7,3) (8,2) (9,1) (7,4) (8,3) (9,2) (8,4) (9,3) (9,4) 
seen this before (9,1)
...(3,4)...(3,3)...(3,2)...(3,1)...(4,1)...(4,2)...(4,3)...(4,4)...(5,4)...(5,3)...(5,2)...(5,1)...(6,1)...(6,2)...(6,3)...(6,4)...(7,4)...(7,3)...(7,2)...(7,1)...(8,1)...exiting fill:(9,1) counter=1
...(3,4)...(3,3)...(3,2)...(3,1)...(4,1)...(4,2)...(4,3)...(4,4)...(5,4)...(5,3)...(5,2)...(5,1)...(6,1)...(6,2)...(6,3)...(6,4)...(7,4)...(7,3)...(7,2)...(7,1)...exiting fill:(8,1) counter=1
...(3,4)...(3,3)...(3,2)...(3,1)...(4,1)...(4,2)...(4,3)...(4,4)...(5,4)...(5,3)...(5,2)...(5,1)...(6,1)...(6,2)...(6,3)...(6,4)...(7,4)...(7,3)...(7,2)...exiting fill:(7,1) counter=1
entering is border with(6,2):no hit
...(3,4)...(3,3)...(3,2)...(3,1)...(4,1)...(4,2)...(4,3)...(4,4)...(5,4)...(5,3)...(5,2)...(5,1)...(6,1)...(6,2)...(6,3)...(6,4)...(7,4)...(7,3)...(7,2)...entering fill:(6,2) counter=1
I have seen
(1,1) (1,2) (2,1) (1,3) (2,2) (3,1) (1,4) (2,3) (3,2) (4,1) (2,4) (3,3) (4,2) (5,1) (3,4) (4,3) (5,2) (6,1) (4,4) (5,3) (6,2) (7,1) (5,4) (6,3) (7,2) (8,1) (6,4) (7,3) (8,2) (9,1) (7,4) (8,3) (9,2) (8,4) (9,3) (9,4) 
seen this before (6,2)
...(3,4)...(3,3)...(3,2)...(3,1)...(4,1)...(4,2)...(4,3)...(4,4)...(5,4)...(5,3)...(5,2)...(5,1)...(6,1)...(6,2)...(6,3)...(6,4)...(7,4)...(7,3)...(7,2)...exiting fill:(6,2) counter=1
entering is border with(8,2):no hit
...(3,4)...(3,3)...(3,2)...(3,1)...(4,1)...(4,2)...(4,3)...(4,4)...(5,4)...(5,3)...(5,2)...(5,1)...(6,1)...(6,2)...(6,3)...(6,4)...(7,4)...(7,3)...(7,2)...entering fill:(8,2) counter=1
I have seen
(1,1) (1,2) (2,1) (1,3) (2,2) (3,1) (1,4) (2,3) (3,2) (4,1) (2,4) (3,3) (4,2) (5,1) (3,4) (4,3) (5,2) (6,1) (4,4) (5,3) (6,2) (7,1) (5,4) (6,3) (7,2) (8,1) (6,4) (7,3) (8,2) (9,1) (7,4) (8,3) (9,2) (8,4) (9,3) (9,4) 
seen this before (8,2)
...(3,4)...(3,3)...(3,2)...(3,1)...(4,1)...(4,2)...(4,3)...(4,4)...(5,4)...(5,3)...(5,2)...(5,1)...(6,1)...(6,2)...(6,3)...(6,4)...(7,4)...(7,3)...(7,2)...exiting fill:(8,2) counter=1
...(3,4)...(3,3)...(3,2)...(3,1)...(4,1)...(4,2)...(4,3)...(4,4)...(5,4)...(5,3)...(5,2)...(5,1)...(6,1)...(6,2)...(6,3)...(6,4)...(7,4)...(7,3)...exiting fill:(7,2) counter=1
entering is border with(6,3):no hit
...(3,4)...(3,3)...(3,2)...(3,1)...(4,1)...(4,2)...(4,3)...(4,4)...(5,4)...(5,3)...(5,2)...(5,1)...(6,1)...(6,2)...(6,3)...(6,4)...(7,4)...(7,3)...entering fill:(6,3) counter=1
I have seen
(1,1) (1,2) (2,1) (1,3) (2,2) (3,1) (1,4) (2,3) (3,2) (4,1) (2,4) (3,3) (4,2) (5,1) (3,4) (4,3) (5,2) (6,1) (4,4) (5,3) (6,2) (7,1) (5,4) (6,3) (7,2) (8,1) (6,4) (7,3) (8,2) (9,1) (7,4) (8,3) (9,2) (8,4) (9,3) (9,4) 
seen this before (6,3)
...(3,4)...(3,3)...(3,2)...(3,1)...(4,1)...(4,2)...(4,3)...(4,4)...(5,4)...(5,3)...(5,2)...(5,1)...(6,1)...(6,2)...(6,3)...(6,4)...(7,4)...(7,3)...exiting fill:(6,3) counter=1
entering is border with(8,3):no hit
...(3,4)...(3,3)...(3,2)...(3,1)...(4,1)...(4,2)...(4,3)...(4,4)...(5,4)...(5,3)...(5,2)...(5,1)...(6,1)...(6,2)...(6,3)...(6,4)...(7,4)...(7,3)...entering fill:(8,3) counter=1
I have seen
(1,1) (1,2) (2,1) (1,3) (2,2) (3,1) (1,4) (2,3) (3,2) (4,1) (2,4) (3,3) (4,2) (5,1) (3,4) (4,3) (5,2) (6,1) (4,4) (5,3) (6,2) (7,1) (5,4) (6,3) (7,2) (8,1) (6,4) (7,3) (8,2) (9,1) (7,4) (8,3) (9,2) (8,4) (9,3) (9,4) 
seen this before (8,3)
...(3,4)...(3,3)...(3,2)...(3,1)...(4,1)...(4,2)...(4,3)...(4,4)...(5,4)...(5,3)...(5,2)...(5,1)...(6,1)...(6,2)...(6,3)...(6,4)...(7,4)...(7,3)...exiting fill:(8,3) counter=1
...(3,4)...(3,3)...(3,2)...(3,1)...(4,1)...(4,2)...(4,3)...(4,4)...(5,4)...(5,3)...(5,2)...(5,1)...(6,1)...(6,2)...(6,3)...(6,4)...(7,4)...exiting fill:(7,3) counter=1
entering is border with(6,4):no hit
...(3,4)...(3,3)...(3,2)...(3,1)...(4,1)...(4,2)...(4,3)...(4,4)...(5,4)...(5,3)...(5,2)...(5,1)...(6,1)...(6,2)...(6,3)...(6,4)...(7,4)...entering fill:(6,4) counter=1
I have seen
(1,1) (1,2) (2,1) (1,3) (2,2) (3,1) (1,4) (2,3) (3,2) (4,1) (2,4) (3,3) (4,2) (5,1) (3,4) (4,3) (5,2) (6,1) (4,4) (5,3) (6,2) (7,1) (5,4) (6,3) (7,2) (8,1) (6,4) (7,3) (8,2) (9,1) (7,4) (8,3) (9,2) (8,4) (9,3) (9,4) 
seen this before (6,4)
...(3,4)...(3,3)...(3,2)...(3,1)...(4,1)...(4,2)...(4,3)...(4,4)...(5,4)...(5,3)...(5,2)...(5,1)...(6,1)...(6,2)...(6,3)...(6,4)...(7,4)...exiting fill:(6,4) counter=1
entering is border with(8,4):no hit
...(3,4)...(3,3)...(3,2)...(3,1)...(4,1)...(4,2)...(4,3)...(4,4)...(5,4)...(5,3)...(5,2)...(5,1)...(6,1)...(6,2)...(6,3)...(6,4)...(7,4)...entering fill:(8,4) counter=1
I have seen
(1,1) (1,2) (2,1) (1,3) (2,2) (3,1) (1,4) (2,3) (3,2) (4,1) (2,4) (3,3) (4,2) (5,1) (3,4) (4,3) (5,2) (6,1) (4,4) (5,3) (6,2) (7,1) (5,4) (6,3) (7,2) (8,1) (6,4) (7,3) (8,2) (9,1) (7,4) (8,3) (9,2) (8,4) (9,3) (9,4) 
seen this before (8,4)
...(3,4)...(3,3)...(3,2)...(3,1)...(4,1)...(4,2)...(4,3)...(4,4)...(5,4)...(5,3)...(5,2)...(5,1)...(6,1)...(6,2)...(6,3)...(6,4)...(7,4)...exiting fill:(8,4) counter=1
...(3,4)...(3,3)...(3,2)...(3,1)...(4,1)...(4,2)...(4,3)...(4,4)...(5,4)...(5,3)...(5,2)...(5,1)...(6,1)...(6,2)...(6,3)...(6,4)...exiting fill:(7,4) counter=1
...(3,4)...(3,3)...(3,2)...(3,1)...(4,1)...(4,2)...(4,3)...(4,4)...(5,4)...(5,3)...(5,2)...(5,1)...(6,1)...(6,2)...(6,3)...exiting fill:(6,4) counter=1
entering is border with(6,2):no hit
...(3,4)...(3,3)...(3,2)...(3,1)...(4,1)...(4,2)...(4,3)...(4,4)...(5,4)...(5,3)...(5,2)...(5,1)...(6,1)...(6,2)...(6,3)...entering fill:(6,2) counter=1
I have seen
(1,1) (1,2) (2,1) (1,3) (2,2) (3,1) (1,4) (2,3) (3,2) (4,1) (2,4) (3,3) (4,2) (5,1) (3,4) (4,3) (5,2) (6,1) (4,4) (5,3) (6,2) (7,1) (5,4) (6,3) (7,2) (8,1) (6,4) (7,3) (8,2) (9,1) (7,4) (8,3) (9,2) (8,4) (9,3) (9,4) 
seen this before (6,2)
...(3,4)...(3,3)...(3,2)...(3,1)...(4,1)...(4,2)...(4,3)...(4,4)...(5,4)...(5,3)...(5,2)...(5,1)...(6,1)...(6,2)...(6,3)...exiting fill:(6,2) counter=1
entering is border with(5,3):no hit
...(3,4)...(3,3)...(3,2)...(3,1)...(4,1)...(4,2)...(4,3)...(4,4)...(5,4)...(5,3)...(5,2)...(5,1)...(6,1)...(6,2)...(6,3)...entering fill:(5,3) counter=1
I have seen
(1,1) (1,2) (2,1) (1,3) (2,2) (3,1) (1,4) (2,3) (3,2) (4,1) (2,4) (3,3) (4,2) (5,1) (3,4) (4,3) (5,2) (6,1) (4,4) (5,3) (6,2) (7,1) (5,4) (6,3) (7,2) (8,1) (6,4) (7,3) (8,2) (9,1) (7,4) (8,3) (9,2) (8,4) (9,3) (9,4) 
seen this before (5,3)
...(3,4)...(3,3)...(3,2)...(3,1)...(4,1)...(4,2)...(4,3)...(4,4)...(5,4)...(5,3)...(5,2)...(5,1)...(6,1)...(6,2)...(6,3)...exiting fill:(5,3) counter=1
entering is border with(7,3):no hit
...(3,4)...(3,3)...(3,2)...(3,1)...(4,1)...(4,2)...(4,3)...(4,4)...(5,4)...(5,3)...(5,2)...(5,1)...(6,1)...(6,2)...(6,3)...entering fill:(7,3) counter=1
I have seen
(1,1) (1,2) (2,1) (1,3) (2,2) (3,1) (1,4) (2,3) (3,2) (4,1) (2,4) (3,3) (4,2) (5,1) (3,4) (4,3) (5,2) (6,1) (4,4) (5,3) (6,2) (7,1) (5,4) (6,3) (7,2) (8,1) (6,4) (7,3) (8,2) (9,1) (7,4) (8,3) (9,2) (8,4) (9,3) (9,4) 
seen this before (7,3)
...(3,4)...(3,3)...(3,2)...(3,1)...(4,1)...(4,2)...(4,3)...(4,4)...(5,4)...(5,3)...(5,2)...(5,1)...(6,1)...(6,2)...(6,3)...exiting fill:(7,3) counter=1
...(3,4)...(3,3)...(3,2)...(3,1)...(4,1)...(4,2)...(4,3)...(4,4)...(5,4)...(5,3)...(5,2)...(5,1)...(6,1)...(6,2)...exiting fill:(6,3) counter=1
entering is border with(6,1):no hit
...(3,4)...(3,3)...(3,2)...(3,1)...(4,1)...(4,2)...(4,3)...(4,4)...(5,4)...(5,3)...(5,2)...(5,1)...(6,1)...(6,2)...entering fill:(6,1) counter=1
I have seen
(1,1) (1,2) (2,1) (1,3) (2,2) (3,1) (1,4) (2,3) (3,2) (4,1) (2,4) (3,3) (4,2) (5,1) (3,4) (4,3) (5,2) (6,1) (4,4) (5,3) (6,2) (7,1) (5,4) (6,3) (7,2) (8,1) (6,4) (7,3) (8,2) (9,1) (7,4) (8,3) (9,2) (8,4) (9,3) (9,4) 
seen this before (6,1)
...(3,4)...(3,3)...(3,2)...(3,1)...(4,1)...(4,2)...(4,3)...(4,4)...(5,4)...(5,3)...(5,2)...(5,1)...(6,1)...(6,2)...exiting fill:(6,1) counter=1
entering is border with(5,2):no hit
...(3,4)...(3,3)...(3,2)...(3,1)...(4,1)...(4,2)...(4,3)...(4,4)...(5,4)...(5,3)...(5,2)...(5,1)...(6,1)...(6,2)...entering fill:(5,2) counter=1
I have seen
(1,1) (1,2) (2,1) (1,3) (2,2) (3,1) (1,4) (2,3) (3,2) (4,1) (2,4) (3,3) (4,2) (5,1) (3,4) (4,3) (5,2) (6,1) (4,4) (5,3) (6,2) (7,1) (5,4) (6,3) (7,2) (8,1) (6,4) (7,3) (8,2) (9,1) (7,4) (8,3) (9,2) (8,4) (9,3) (9,4) 
seen this before (5,2)
...(3,4)...(3,3)...(3,2)...(3,1)...(4,1)...(4,2)...(4,3)...(4,4)...(5,4)...(5,3)...(5,2)...(5,1)...(6,1)...(6,2)...exiting fill:(5,2) counter=1
entering is border with(7,2):no hit
...(3,4)...(3,3)...(3,2)...(3,1)...(4,1)...(4,2)...(4,3)...(4,4)...(5,4)...(5,3)...(5,2)...(5,1)...(6,1)...(6,2)...entering fill:(7,2) counter=1
I have seen
(1,1) (1,2) (2,1) (1,3) (2,2) (3,1) (1,4) (2,3) (3,2) (4,1) (2,4) (3,3) (4,2) (5,1) (3,4) (4,3) (5,2) (6,1) (4,4) (5,3) (6,2) (7,1) (5,4) (6,3) (7,2) (8,1) (6,4) (7,3) (8,2) (9,1) (7,4) (8,3) (9,2) (8,4) (9,3) (9,4) 
seen this before (7,2)
...(3,4)...(3,3)...(3,2)...(3,1)...(4,1)...(4,2)...(4,3)...(4,4)...(5,4)...(5,3)...(5,2)...(5,1)...(6,1)...(6,2)...exiting fill:(7,2) counter=1
...(3,4)...(3,3)...(3,2)...(3,1)...(4,1)...(4,2)...(4,3)...(4,4)...(5,4)...(5,3)...(5,2)...(5,1)...(6,1)...exiting fill:(6,2) counter=1
entering is border with(6,0):hit virtual boundary
entering is border with(5,1):no hit
...(3,4)...(3,3)...(3,2)...(3,1)...(4,1)...(4,2)...(4,3)...(4,4)...(5,4)...(5,3)...(5,2)...(5,1)...(6,1)...entering fill:(5,1) counter=1
I have seen
(1,1) (1,2) (2,1) (1,3) (2,2) (3,1) (1,4) (2,3) (3,2) (4,1) (2,4) (3,3) (4,2) (5,1) (3,4) (4,3) (5,2) (6,1) (4,4) (5,3) (6,2) (7,1) (5,4) (6,3) (7,2) (8,1) (6,4) (7,3) (8,2) (9,1) (7,4) (8,3) (9,2) (8,4) (9,3) (9,4) 
seen this before (5,1)
...(3,4)...(3,3)...(3,2)...(3,1)...(4,1)...(4,2)...(4,3)...(4,4)...(5,4)...(5,3)...(5,2)...(5,1)...(6,1)...exiting fill:(5,1) counter=1
entering is border with(7,1):no hit
...(3,4)...(3,3)...(3,2)...(3,1)...(4,1)...(4,2)...(4,3)...(4,4)...(5,4)...(5,3)...(5,2)...(5,1)...(6,1)...entering fill:(7,1) counter=1
I have seen
(1,1) (1,2) (2,1) (1,3) (2,2) (3,1) (1,4) (2,3) (3,2) (4,1) (2,4) (3,3) (4,2) (5,1) (3,4) (4,3) (5,2) (6,1) (4,4) (5,3) (6,2) (7,1) (5,4) (6,3) (7,2) (8,1) (6,4) (7,3) (8,2) (9,1) (7,4) (8,3) (9,2) (8,4) (9,3) (9,4) 
seen this before (7,1)
...(3,4)...(3,3)...(3,2)...(3,1)...(4,1)...(4,2)...(4,3)...(4,4)...(5,4)...(5,3)...(5,2)...(5,1)...(6,1)...exiting fill:(7,1) counter=1
...(3,4)...(3,3)...(3,2)...(3,1)...(4,1)...(4,2)...(4,3)...(4,4)...(5,4)...(5,3)...(5,2)...(5,1)...exiting fill:(6,1) counter=1
...(3,4)...(3,3)...(3,2)...(3,1)...(4,1)...(4,2)...(4,3)...(4,4)...(5,4)...(5,3)...(5,2)...exiting fill:(5,1) counter=1
entering is border with(4,2):no hit
...(3,4)...(3,3)...(3,2)...(3,1)...(4,1)...(4,2)...(4,3)...(4,4)...(5,4)...(5,3)...(5,2)...entering fill:(4,2) counter=1
I have seen
(1,1) (1,2) (2,1) (1,3) (2,2) (3,1) (1,4) (2,3) (3,2) (4,1) (2,4) (3,3) (4,2) (5,1) (3,4) (4,3) (5,2) (6,1) (4,4) (5,3) (6,2) (7,1) (5,4) (6,3) (7,2) (8,1) (6,4) (7,3) (8,2) (9,1) (7,4) (8,3) (9,2) (8,4) (9,3) (9,4) 
seen this before (4,2)
...(3,4)...(3,3)...(3,2)...(3,1)...(4,1)...(4,2)...(4,3)...(4,4)...(5,4)...(5,3)...(5,2)...exiting fill:(4,2) counter=1
entering is border with(6,2):no hit
...(3,4)...(3,3)...(3,2)...(3,1)...(4,1)...(4,2)...(4,3)...(4,4)...(5,4)...(5,3)...(5,2)...entering fill:(6,2) counter=1
I have seen
(1,1) (1,2) (2,1) (1,3) (2,2) (3,1) (1,4) (2,3) (3,2) (4,1) (2,4) (3,3) (4,2) (5,1) (3,4) (4,3) (5,2) (6,1) (4,4) (5,3) (6,2) (7,1) (5,4) (6,3) (7,2) (8,1) (6,4) (7,3) (8,2) (9,1) (7,4) (8,3) (9,2) (8,4) (9,3) (9,4) 
seen this before (6,2)
...(3,4)...(3,3)...(3,2)...(3,1)...(4,1)...(4,2)...(4,3)...(4,4)...(5,4)...(5,3)...(5,2)...exiting fill:(6,2) counter=1
...(3,4)...(3,3)...(3,2)...(3,1)...(4,1)...(4,2)...(4,3)...(4,4)...(5,4)...(5,3)...exiting fill:(5,2) counter=1
entering is border with(4,3):no hit
...(3,4)...(3,3)...(3,2)...(3,1)...(4,1)...(4,2)...(4,3)...(4,4)...(5,4)...(5,3)...entering fill:(4,3) counter=1
I have seen
(1,1) (1,2) (2,1) (1,3) (2,2) (3,1) (1,4) (2,3) (3,2) (4,1) (2,4) (3,3) (4,2) (5,1) (3,4) (4,3) (5,2) (6,1) (4,4) (5,3) (6,2) (7,1) (5,4) (6,3) (7,2) (8,1) (6,4) (7,3) (8,2) (9,1) (7,4) (8,3) (9,2) (8,4) (9,3) (9,4) 
seen this before (4,3)
...(3,4)...(3,3)...(3,2)...(3,1)...(4,1)...(4,2)...(4,3)...(4,4)...(5,4)...(5,3)...exiting fill:(4,3) counter=1
entering is border with(6,3):no hit
...(3,4)...(3,3)...(3,2)...(3,1)...(4,1)...(4,2)...(4,3)...(4,4)...(5,4)...(5,3)...entering fill:(6,3) counter=1
I have seen
(1,1) (1,2) (2,1) (1,3) (2,2) (3,1) (1,4) (2,3) (3,2) (4,1) (2,4) (3,3) (4,2) (5,1) (3,4) (4,3) (5,2) (6,1) (4,4) (5,3) (6,2) (7,1) (5,4) (6,3) (7,2) (8,1) (6,4) (7,3) (8,2) (9,1) (7,4) (8,3) (9,2) (8,4) (9,3) (9,4) 
seen this before (6,3)
...(3,4)...(3,3)...(3,2)...(3,1)...(4,1)...(4,2)...(4,3)...(4,4)...(5,4)...(5,3)...exiting fill:(6,3) counter=1
...(3,4)...(3,3)...(3,2)...(3,1)...(4,1)...(4,2)...(4,3)...(4,4)...(5,4)...exiting fill:(5,3) counter=1
entering is border with(4,4):no hit
...(3,4)...(3,3)...(3,2)...(3,1)...(4,1)...(4,2)...(4,3)...(4,4)...(5,4)...entering fill:(4,4) counter=1
I have seen
(1,1) (1,2) (2,1) (1,3) (2,2) (3,1) (1,4) (2,3) (3,2) (4,1) (2,4) (3,3) (4,2) (5,1) (3,4) (4,3) (5,2) (6,1) (4,4) (5,3) (6,2) (7,1) (5,4) (6,3) (7,2) (8,1) (6,4) (7,3) (8,2) (9,1) (7,4) (8,3) (9,2) (8,4) (9,3) (9,4) 
seen this before (4,4)
...(3,4)...(3,3)...(3,2)...(3,1)...(4,1)...(4,2)...(4,3)...(4,4)...(5,4)...exiting fill:(4,4) counter=1
entering is border with(6,4):no hit
...(3,4)...(3,3)...(3,2)...(3,1)...(4,1)...(4,2)...(4,3)...(4,4)...(5,4)...entering fill:(6,4) counter=1
I have seen
(1,1) (1,2) (2,1) (1,3) (2,2) (3,1) (1,4) (2,3) (3,2) (4,1) (2,4) (3,3) (4,2) (5,1) (3,4) (4,3) (5,2) (6,1) (4,4) (5,3) (6,2) (7,1) (5,4) (6,3) (7,2) (8,1) (6,4) (7,3) (8,2) (9,1) (7,4) (8,3) (9,2) (8,4) (9,3) (9,4) 
seen this before (6,4)
...(3,4)...(3,3)...(3,2)...(3,1)...(4,1)...(4,2)...(4,3)...(4,4)...(5,4)...exiting fill:(6,4) counter=1
...(3,4)...(3,3)...(3,2)...(3,1)...(4,1)...(4,2)...(4,3)...(4,4)...exiting fill:(5,4) counter=1
...(3,4)...(3,3)...(3,2)...(3,1)...(4,1)...(4,2)...(4,3)...exiting fill:(4,4) counter=1
entering is border with(4,2):no hit
...(3,4)...(3,3)...(3,2)...(3,1)...(4,1)...(4,2)...(4,3)...entering fill:(4,2) counter=1
I have seen
(1,1) (1,2) (2,1) (1,3) (2,2) (3,1) (1,4) (2,3) (3,2) (4,1) (2,4) (3,3) (4,2) (5,1) (3,4) (4,3) (5,2) (6,1) (4,4) (5,3) (6,2) (7,1) (5,4) (6,3) (7,2) (8,1) (6,4) (7,3) (8,2) (9,1) (7,4) (8,3) (9,2) (8,4) (9,3) (9,4) 
seen this before (4,2)
...(3,4)...(3,3)...(3,2)...(3,1)...(4,1)...(4,2)...(4,3)...exiting fill:(4,2) counter=1
entering is border with(3,3):no hit
...(3,4)...(3,3)...(3,2)...(3,1)...(4,1)...(4,2)...(4,3)...entering fill:(3,3) counter=1
I have seen
(1,1) (1,2) (2,1) (1,3) (2,2) (3,1) (1,4) (2,3) (3,2) (4,1) (2,4) (3,3) (4,2) (5,1) (3,4) (4,3) (5,2) (6,1) (4,4) (5,3) (6,2) (7,1) (5,4) (6,3) (7,2) (8,1) (6,4) (7,3) (8,2) (9,1) (7,4) (8,3) (9,2) (8,4) (9,3) (9,4) 
seen this before (3,3)
...(3,4)...(3,3)...(3,2)...(3,1)...(4,1)...(4,2)...(4,3)...exiting fill:(3,3) counter=1
entering is border with(5,3):no hit
...(3,4)...(3,3)...(3,2)...(3,1)...(4,1)...(4,2)...(4,3)...entering fill:(5,3) counter=1
I have seen
(1,1) (1,2) (2,1) (1,3) (2,2) (3,1) (1,4) (2,3) (3,2) (4,1) (2,4) (3,3) (4,2) (5,1) (3,4) (4,3) (5,2) (6,1) (4,4) (5,3) (6,2) (7,1) (5,4) (6,3) (7,2) (8,1) (6,4) (7,3) (8,2) (9,1) (7,4) (8,3) (9,2) (8,4) (9,3) (9,4) 
seen this before (5,3)
...(3,4)...(3,3)...(3,2)...(3,1)...(4,1)...(4,2)...(4,3)...exiting fill:(5,3) counter=1
...(3,4)...(3,3)...(3,2)...(3,1)...(4,1)...(4,2)...exiting fill:(4,3) counter=1
entering is border with(4,1):no hit
...(3,4)...(3,3)...(3,2)...(3,1)...(4,1)...(4,2)...entering fill:(4,1) counter=1
I have seen
(1,1) (1,2) (2,1) (1,3) (2,2) (3,1) (1,4) (2,3) (3,2) (4,1) (2,4) (3,3) (4,2) (5,1) (3,4) (4,3) (5,2) (6,1) (4,4) (5,3) (6,2) (7,1) (5,4) (6,3) (7,2) (8,1) (6,4) (7,3) (8,2) (9,1) (7,4) (8,3) (9,2) (8,4) (9,3) (9,4) 
seen this before (4,1)
...(3,4)...(3,3)...(3,2)...(3,1)...(4,1)...(4,2)...exiting fill:(4,1) counter=1
entering is border with(3,2):no hit
...(3,4)...(3,3)...(3,2)...(3,1)...(4,1)...(4,2)...entering fill:(3,2) counter=1
I have seen
(1,1) (1,2) (2,1) (1,3) (2,2) (3,1) (1,4) (2,3) (3,2) (4,1) (2,4) (3,3) (4,2) (5,1) (3,4) (4,3) (5,2) (6,1) (4,4) (5,3) (6,2) (7,1) (5,4) (6,3) (7,2) (8,1) (6,4) (7,3) (8,2) (9,1) (7,4) (8,3) (9,2) (8,4) (9,3) (9,4) 
seen this before (3,2)
...(3,4)...(3,3)...(3,2)...(3,1)...(4,1)...(4,2)...exiting fill:(3,2) counter=1
entering is border with(5,2):no hit
...(3,4)...(3,3)...(3,2)...(3,1)...(4,1)...(4,2)...entering fill:(5,2) counter=1
I have seen
(1,1) (1,2) (2,1) (1,3) (2,2) (3,1) (1,4) (2,3) (3,2) (4,1) (2,4) (3,3) (4,2) (5,1) (3,4) (4,3) (5,2) (6,1) (4,4) (5,3) (6,2) (7,1) (5,4) (6,3) (7,2) (8,1) (6,4) (7,3) (8,2) (9,1) (7,4) (8,3) (9,2) (8,4) (9,3) (9,4) 
seen this before (5,2)
...(3,4)...(3,3)...(3,2)...(3,1)...(4,1)...(4,2)...exiting fill:(5,2) counter=1
...(3,4)...(3,3)...(3,2)...(3,1)...(4,1)...exiting fill:(4,2) counter=1
entering is border with(4,0):hit virtual boundary
entering is border with(3,1):no hit
...(3,4)...(3,3)...(3,2)...(3,1)...(4,1)...entering fill:(3,1) counter=1
I have seen
(1,1) (1,2) (2,1) (1,3) (2,2) (3,1) (1,4) (2,3) (3,2) (4,1) (2,4) (3,3) (4,2) (5,1) (3,4) (4,3) (5,2) (6,1) (4,4) (5,3) (6,2) (7,1) (5,4) (6,3) (7,2) (8,1) (6,4) (7,3) (8,2) (9,1) (7,4) (8,3) (9,2) (8,4) (9,3) (9,4) 
seen this before (3,1)
...(3,4)...(3,3)...(3,2)...(3,1)...(4,1)...exiting fill:(3,1) counter=1
entering is border with(5,1):no hit
...(3,4)...(3,3)...(3,2)...(3,1)...(4,1)...entering fill:(5,1) counter=1
I have seen
(1,1) (1,2) (2,1) (1,3) (2,2) (3,1) (1,4) (2,3) (3,2) (4,1) (2,4) (3,3) (4,2) (5,1) (3,4) (4,3) (5,2) (6,1) (4,4) (5,3) (6,2) (7,1) (5,4) (6,3) (7,2) (8,1) (6,4) (7,3) (8,2) (9,1) (7,4) (8,3) (9,2) (8,4) (9,3) (9,4) 
seen this before (5,1)
...(3,4)...(3,3)...(3,2)...(3,1)...(4,1)...exiting fill:(5,1) counter=1
...(3,4)...(3,3)...(3,2)...(3,1)...exiting fill:(4,1) counter=1
...(3,4)...(3,3)...(3,2)...exiting fill:(3,1) counter=1
entering is border with(2,2):no hit
...(3,4)...(3,3)...(3,2)...entering fill:(2,2) counter=1
I have seen
(1,1) (1,2) (2,1) (1,3) (2,2) (3,1) (1,4) (2,3) (3,2) (4,1) (2,4) (3,3) (4,2) (5,1) (3,4) (4,3) (5,2) (6,1) (4,4) (5,3) (6,2) (7,1) (5,4) (6,3) (7,2) (8,1) (6,4) (7,3) (8,2) (9,1) (7,4) (8,3) (9,2) (8,4) (9,3) (9,4) 
seen this before (2,2)
...(3,4)...(3,3)...(3,2)...exiting fill:(2,2) counter=1
entering is border with(4,2):no hit
...(3,4)...(3,3)...(3,2)...entering fill:(4,2) counter=1
I have seen
(1,1) (1,2) (2,1) (1,3) (2,2) (3,1) (1,4) (2,3) (3,2) (4,1) (2,4) (3,3) (4,2) (5,1) (3,4) (4,3) (5,2) (6,1) (4,4) (5,3) (6,2) (7,1) (5,4) (6,3) (7,2) (8,1) (6,4) (7,3) (8,2) (9,1) (7,4) (8,3) (9,2) (8,4) (9,3) (9,4) 
seen this before (4,2)
...(3,4)...(3,3)...(3,2)...exiting fill:(4,2) counter=1
...(3,4)...(3,3)...exiting fill:(3,2) counter=1
entering is border with(2,3):no hit
...(3,4)...(3,3)...entering fill:(2,3) counter=1
I have seen
(1,1) (1,2) (2,1) (1,3) (2,2) (3,1) (1,4) (2,3) (3,2) (4,1) (2,4) (3,3) (4,2) (5,1) (3,4) (4,3) (5,2) (6,1) (4,4) (5,3) (6,2) (7,1) (5,4) (6,3) (7,2) (8,1) (6,4) (7,3) (8,2) (9,1) (7,4) (8,3) (9,2) (8,4) (9,3) (9,4) 
seen this before (2,3)
...(3,4)...(3,3)...exiting fill:(2,3) counter=1
entering is border with(4,3):no hit
...(3,4)...(3,3)...entering fill:(4,3) counter=1
I have seen
(1,1) (1,2) (2,1) (1,3) (2,2) (3,1) (1,4) (2,3) (3,2) (4,1) (2,4) (3,3) (4,2) (5,1) (3,4) (4,3) (5,2) (6,1) (4,4) (5,3) (6,2) (7,1) (5,4) (6,3) (7,2) (8,1) (6,4) (7,3) (8,2) (9,1) (7,4) (8,3) (9,2) (8,4) (9,3) (9,4) 
seen this before (4,3)
...(3,4)...(3,3)...exiting fill:(4,3) counter=1
...(3,4)...exiting fill:(3,3) counter=1
entering is border with(2,4):no hit
...(3,4)...entering fill:(2,4) counter=1
I have seen
(1,1) (1,2) (2,1) (1,3) (2,2) (3,1) (1,4) (2,3) (3,2) (4,1) (2,4) (3,3) (4,2) (5,1) (3,4) (4,3) (5,2) (6,1) (4,4) (5,3) (6,2) (7,1) (5,4) (6,3) (7,2) (8,1) (6,4) (7,3) (8,2) (9,1) (7,4) (8,3) (9,2) (8,4) (9,3) (9,4) 
seen this before (2,4)
...(3,4)...exiting fill:(2,4) counter=1
entering is border with(4,4):no hit
...(3,4)...entering fill:(4,4) counter=1
I have seen
(1,1) (1,2) (2,1) (1,3) (2,2) (3,1) (1,4) (2,3) (3,2) (4,1) (2,4) (3,3) (4,2) (5,1) (3,4) (4,3) (5,2) (6,1) (4,4) (5,3) (6,2) (7,1) (5,4) (6,3) (7,2) (8,1) (6,4) (7,3) (8,2) (9,1) (7,4) (8,3) (9,2) (8,4) (9,3) (9,4) 
seen this before (4,4)
...(3,4)...exiting fill:(4,4) counter=1
...exiting fill:(3,4) counter=1
0
