entering with tree:
entering with tree:1-2 
entering with tree:1-2 3-4 
entering with tree:1-2 3-4 5-6 
1-2 3-4 5-6 exiting: valid
1-2 3-4 exiting total:1
entering with tree:1-2 3-5 
entering with tree:1-2 3-5 4-6 
1-2 3-5 4-6 exiting: valid
1-2 3-5 exiting total:1
entering with tree:1-2 3-6 
entering with tree:1-2 3-6 4-5 
1-2 3-6 4-5 exiting: valid
1-2 3-6 exiting total:1
1-2 exiting total:3
entering with tree:1-3 
entering with tree:1-3 2-4 
entering with tree:1-3 2-4 5-6 
1-3 2-4 5-6 exiting: invalid
1-3 2-4 exiting total:0
entering with tree:1-3 2-5 
entering with tree:1-3 2-5 4-6 
1-3 2-5 4-6 exiting: invalid
1-3 2-5 exiting total:0
entering with tree:1-3 2-6 
entering with tree:1-3 2-6 4-5 
1-3 2-6 4-5 exiting: invalid
1-3 2-6 exiting total:0
1-3 exiting total:0
entering with tree:1-4 
entering with tree:1-4 2-3 
entering with tree:1-4 2-3 5-6 
1-4 2-3 5-6 exiting: invalid
1-4 2-3 exiting total:0
entering with tree:1-4 2-5 
entering with tree:1-4 2-5 3-6 
1-4 2-5 3-6 exiting: invalid
1-4 2-5 exiting total:0
entering with tree:1-4 2-6 
entering with tree:1-4 2-6 3-5 
1-4 2-6 3-5 exiting: valid
1-4 2-6 exiting total:1
1-4 exiting total:1
entering with tree:1-5 
entering with tree:1-5 2-3 
entering with tree:1-5 2-3 4-6 
1-5 2-3 4-6 exiting: valid
1-5 2-3 exiting total:1
entering with tree:1-5 2-4 
entering with tree:1-5 2-4 3-6 
1-5 2-4 3-6 exiting: invalid
1-5 2-4 exiting total:0
entering with tree:1-5 2-6 
entering with tree:1-5 2-6 3-4 
1-5 2-6 3-4 exiting: invalid
1-5 2-6 exiting total:0
1-5 exiting total:1
entering with tree:1-6 
entering with tree:1-6 2-3 
entering with tree:1-6 2-3 4-5 
1-6 2-3 4-5 exiting: invalid
1-6 2-3 exiting total:0
entering with tree:1-6 2-4 
entering with tree:1-6 2-4 3-5 
1-6 2-4 3-5 exiting: valid
1-6 2-4 exiting total:1
entering with tree:1-6 2-5 
entering with tree:1-6 2-5 3-4 
1-6 2-5 3-4 exiting: invalid
1-6 2-5 exiting total:0
1-6 exiting total:1
exiting total:6
